<?xml version='1.0'?> 
<!DOCTYPE coverage SYSTEM "http://cobertura.sourceforge.net/xml/coverage-04.dtd">
<!-- Generated by simplecov-cobertura version 2.1.0 (https://github.com/dashingrocket/simplecov-cobertura) -->
<coverage line-rate="1.0" lines-covered="41" lines-valid="41" complexity="0" version="0" timestamp="1698017550">
  <sources>
    <source>/home/vpayno/git_vpayno/exercism-workspace/ruby/prime-factors</source>
  </sources>
  <packages>
    <package name="prime-factors" line-rate="1.0" complexity="0">
      <classes>
        <class name="prime_factors" filename="prime_factors.rb" line-rate="1.0" complexity="0">
          <methods/>
          <lines>
            <line number="5" hits="1"/>
            <line number="6" hits="1"/>
            <line number="7" hits="12"/>
            <line number="9" hits="12"/>
            <line number="11" hits="1"/>
            <line number="13" hits="1"/>
            <line number="14" hits="1"/>
            <line number="17" hits="10"/>
            <line number="18" hits="8"/>
            <line number="19" hits="627992"/>
            <line number="21" hits="2"/>
            <line number="24" hits="10"/>
            <line number="25" hits="10"/>
            <line number="26" hits="10"/>
            <line number="27" hits="116335"/>
            <line number="28" hits="27"/>
            <line number="29" hits="27"/>
            <line number="32" hits="116335"/>
            <line number="35" hits="10"/>
            <line number="38" hits="1"/>
            <line number="40" hits="1"/>
            <line number="41" hits="10"/>
            <line number="42" hits="10"/>
            <line number="44" hits="10"/>
            <line number="45" hits="10"/>
            <line number="47" hits="10"/>
            <line number="48" hits="8000030"/>
            <line number="49" hits="10"/>
            <line number="50" hits="10"/>
            <line number="52" hits="10"/>
            <line number="53" hits="3999996"/>
            <line number="54" hits="3999996"/>
            <line number="56" hits="627980"/>
            <line number="57" hits="19125352"/>
            <line number="58" hits="17869392"/>
            <line number="59" hits="17869392"/>
            <line number="60" hits="17869392"/>
            <line number="64" hits="10"/>
            <line number="65" hits="10"/>
            <line number="66" hits="8000020"/>
            <line number="69" hits="10"/>
          </lines>
        </class>
      </classes>
    </package>
  </packages>
</coverage>