<?xml version='1.0'?> 
<!DOCTYPE coverage SYSTEM "http://cobertura.sourceforge.net/xml/coverage-04.dtd">
<!-- Generated by simplecov-cobertura version 2.1.0 (https://github.com/dashingrocket/simplecov-cobertura) -->
<coverage line-rate="1.0" lines-covered="15" lines-valid="15" complexity="0" version="0" timestamp="1698805764">
  <sources>
    <source>/home/vpayno/git_vpayno/exercism-workspace/ruby/binary-search-tree</source>
  </sources>
  <packages>
    <package name="binary-search-tree" line-rate="1.0" complexity="0">
      <classes>
        <class name="binary_search_tree" filename="binary_search_tree.rb" line-rate="1.0" complexity="0">
          <methods/>
          <lines>
            <line number="5" hits="1"/>
            <line number="6" hits="1"/>
            <line number="8" hits="1"/>
            <line number="9" hits="33"/>
            <line number="10" hits="33"/>
            <line number="11" hits="33"/>
            <line number="14" hits="1"/>
            <line number="15" hits="35"/>
            <line number="16" hits="18"/>
            <line number="18" hits="17"/>
            <line number="22" hits="1"/>
            <line number="23" hits="20"/>
            <line number="25" hits="19"/>
            <line number="26" hits="19"/>
            <line number="27" hits="19"/>
          </lines>
        </class>
      </classes>
    </package>
  </packages>
</coverage>