<?xml version='1.0'?> 
<!DOCTYPE coverage SYSTEM "http://cobertura.sourceforge.net/xml/coverage-04.dtd">
<!-- Generated by simplecov-cobertura version 2.1.0 (https://github.com/dashingrocket/simplecov-cobertura) -->
<coverage line-rate="1.0" lines-covered="24" lines-valid="24" complexity="0" version="0" timestamp="1697936149">
  <sources>
    <source>/home/vpayno/git_vpayno/exercism-workspace/ruby/sieve</source>
  </sources>
  <packages>
    <package name="sieve" line-rate="1.0" complexity="0">
      <classes>
        <class name="sieve" filename="sieve.rb" line-rate="1.0" complexity="0">
          <methods/>
          <lines>
            <line number="5" hits="1"/>
            <line number="6" hits="1"/>
            <line number="7" hits="5"/>
            <line number="10" hits="1"/>
            <line number="11" hits="5"/>
            <line number="12" hits="5"/>
            <line number="14" hits="4"/>
            <line number="15" hits="4"/>
            <line number="17" hits="3"/>
            <line number="18" hits="1029"/>
            <line number="19" hits="3"/>
            <line number="20" hits="3"/>
            <line number="22" hits="3"/>
            <line number="23" hits="509"/>
            <line number="24" hits="509"/>
            <line number="26" hits="175"/>
            <line number="27" hits="1718"/>
            <line number="28" hits="1368"/>
            <line number="29" hits="1368"/>
            <line number="30" hits="1368"/>
            <line number="34" hits="3"/>
            <line number="35" hits="3"/>
            <line number="36" hits="1026"/>
            <line number="39" hits="3"/>
          </lines>
        </class>
      </classes>
    </package>
  </packages>
</coverage>