SF:/home/vpayno/git_vpayno/exercism-workspace/rust/assembly-line/src/lib.rs
FN:16,_RNvCs2vARwHJQDEj_13assembly_line24production_rate_per_hour
FN:1,_RNvCs2vARwHJQDEj_13assembly_line16get_success_rate
FN:23,_RNvCs2vARwHJQDEj_13assembly_line24working_items_per_minute
FN:34,_RNvNtCsgSt3G4rrbPp_13assembly_line5testss_21test_get_success_rate
FN:33,_RNCNvNtCsgSt3G4rrbPp_13assembly_line5tests21test_get_success_rate0B5_
FN:16,_RNvCsgSt3G4rrbPp_13assembly_line24production_rate_per_hour
FN:23,_RNvCsgSt3G4rrbPp_13assembly_line24working_items_per_minute
FN:1,_RNvCsgSt3G4rrbPp_13assembly_line16get_success_rate
FNDA:10,_RNvCs2vARwHJQDEj_13assembly_line24production_rate_per_hour
FNDA:10,_RNvCs2vARwHJQDEj_13assembly_line16get_success_rate
FNDA:5,_RNvCs2vARwHJQDEj_13assembly_line24working_items_per_minute
FNDA:1,_RNvNtCsgSt3G4rrbPp_13assembly_line5testss_21test_get_success_rate
FNDA:1,_RNCNvNtCsgSt3G4rrbPp_13assembly_line5tests21test_get_success_rate0B5_
FNDA:0,_RNvCsgSt3G4rrbPp_13assembly_line24production_rate_per_hour
FNDA:0,_RNvCsgSt3G4rrbPp_13assembly_line24working_items_per_minute
FNDA:4,_RNvCsgSt3G4rrbPp_13assembly_line16get_success_rate
FNF:5
FNH:5
DA:1,14
DA:5,14
DA:6,12
DA:7,8
DA:8,4
DA:9,3
DA:13,14
DA:14,14
DA:16,10
DA:17,10
DA:18,10
DA:19,10
DA:20,10
DA:21,10
DA:23,5
DA:24,5
DA:25,5
DA:26,5
DA:27,5
DA:33,1
DA:34,1
DA:35,1
DA:36,1
DA:38,4
DA:39,4
DA:40,4
DA:41,4
DA:43,1
BRF:0
BRH:0
LF:28
LH:28
end_of_record