<?xml version="1.0" ?>
<coverage version="7.2.3" timestamp="1687926787618" lines-valid="27" lines-covered="27" line-rate="1" branches-valid="18" branches-covered="17" branch-rate="0.9444" complexity="0">
	<!-- Generated by coverage.py: https://coverage.readthedocs.io/en/7.2.3 -->
	<!-- Based on https://raw.githubusercontent.com/cobertura/web/master/htdocs/xml/coverage-04.dtd -->
	<sources>
		<source>/home/vpayno/git_vpayno/exercism-workspace/python/largest_series_product</source>
	</sources>
	<packages>
		<package name="." line-rate="1" branch-rate="0.9444" complexity="0">
			<classes>
				<class name="largest_series_product.py" filename="largest_series_product.py" complexity="0" line-rate="1" branch-rate="0.9444">
					<methods/>
					<lines>
						<line number="3" hits="1"/>
						<line number="4" hits="1"/>
						<line number="7" hits="1"/>
						<line number="15" hits="1" branch="true" condition-coverage="100% (2/2)"/>
						<line number="17" hits="1"/>
						<line number="19" hits="1" branch="true" condition-coverage="100% (2/2)"/>
						<line number="20" hits="1"/>
						<line number="22" hits="1" branch="true" condition-coverage="100% (2/2)"/>
						<line number="23" hits="1"/>
						<line number="25" hits="1" branch="true" condition-coverage="100% (2/2)"/>
						<line number="26" hits="1"/>
						<line number="28" hits="1"/>
						<line number="29" hits="1"/>
						<line number="30" hits="1"/>
						<line number="31" hits="1"/>
						<line number="33" hits="1" branch="true" condition-coverage="50% (1/2)" missing-branches="40"/>
						<line number="34" hits="1" branch="true" condition-coverage="100% (2/2)"/>
						<line number="35" hits="1"/>
						<line number="37" hits="1"/>
						<line number="38" hits="1"/>
						<line number="40" hits="1" branch="true" condition-coverage="100% (2/2)"/>
						<line number="41" hits="1"/>
						<line number="42" hits="1" branch="true" condition-coverage="100% (2/2)"/>
						<line number="43" hits="1"/>
						<line number="45" hits="1" branch="true" condition-coverage="100% (2/2)"/>
						<line number="46" hits="1"/>
						<line number="48" hits="1"/>
					</lines>
				</class>
			</classes>
		</package>
	</packages>
</coverage>
