<?xml version='1.0'?> 
<!DOCTYPE coverage SYSTEM "http://cobertura.sourceforge.net/xml/coverage-04.dtd">
<!-- Generated by simplecov-cobertura version 2.1.0 (https://github.com/dashingrocket/simplecov-cobertura) -->
<coverage line-rate="1.0" lines-covered="11" lines-valid="11" complexity="0" version="0" timestamp="1697258606">
  <sources>
    <source>/home/vpayno/git_vpayno/exercism-workspace/ruby/moviegoer</source>
  </sources>
  <packages>
    <package name="moviegoer" line-rate="1.0" complexity="0">
      <classes>
        <class name="moviegoer" filename="moviegoer.rb" line-rate="1.0" complexity="0">
          <methods/>
          <lines>
            <line number="4" hits="1"/>
            <line number="9" hits="1"/>
            <line number="10" hits="1"/>
            <line number="12" hits="1"/>
            <line number="13" hits="6"/>
            <line number="14" hits="6"/>
            <line number="16" hits="6"/>
            <line number="19" hits="1"/>
            <line number="20" hits="2"/>
            <line number="23" hits="1"/>
            <line number="24" hits="2"/>
          </lines>
        </class>
      </classes>
    </package>
  </packages>
</coverage>