<?xml version="1.0" ?>
<coverage branch-rate="1" branches-covered="2" branches-valid="2" complexity="0" line-rate="0.8333" lines-covered="5" lines-valid="6" timestamp="1712760978948" version="4.5.4">
	<!-- Generated by coverage.py: https://coverage.readthedocs.io -->
	<!-- Based on https://raw.githubusercontent.com/cobertura/web/master/htdocs/xml/coverage-04.dtd -->
	<sources>
		<source>/home/vpayno/git_vpayno/exercism-workspace/python/reverse-string</source>
	</sources>
	<packages>
		<package branch-rate="1" complexity="0" line-rate="0.8333" name=".">
			<classes>
				<class branch-rate="1" complexity="0" filename="reverse_string.py" line-rate="0.8333" name="reverse_string.py">
					<methods/>
					<lines>
						<line hits="0" number="0"/>
						<line hits="1" number="4"/>
						<line hits="1" number="11"/>
						<line branch="true" condition-coverage="100% (2/2)" hits="1" number="14"/>
						<line hits="1" number="15"/>
						<line hits="1" number="17"/>
					</lines>
				</class>
			</classes>
		</package>
		<package branch-rate="1" complexity="0" line-rate="1" name="test">
			<classes>
				<class branch-rate="1" complexity="0" filename="test/__init__.py" line-rate="1" name="__init__.py">
					<methods/>
					<lines/>
				</class>
			</classes>
		</package>
	</packages>
</coverage>
