<?xml version="1.0" ?>
<coverage branch-rate="1" branches-covered="0" branches-valid="0" complexity="0" line-rate="0.6667" lines-covered="2" lines-valid="3" timestamp="1712760553785" version="4.5.4">
	<!-- Generated by coverage.py: https://coverage.readthedocs.io -->
	<!-- Based on https://raw.githubusercontent.com/cobertura/web/master/htdocs/xml/coverage-04.dtd -->
	<sources>
		<source>/home/vpayno/git_vpayno/exercism-workspace/python/reverse-string</source>
	</sources>
	<packages>
		<package branch-rate="1" complexity="0" line-rate="0.6667" name=".">
			<classes>
				<class branch-rate="1" complexity="0" filename="reverse_string.py" line-rate="0.6667" name="reverse_string.py">
					<methods/>
					<lines>
						<line hits="0" number="0"/>
						<line hits="1" number="4"/>
						<line hits="1" number="11"/>
					</lines>
				</class>
			</classes>
		</package>
		<package branch-rate="1" complexity="0" line-rate="1" name="test">
			<classes>
				<class branch-rate="1" complexity="0" filename="test/__init__.py" line-rate="1" name="__init__.py">
					<methods/>
					<lines/>
				</class>
			</classes>
		</package>
	</packages>
</coverage>
