<?xml version='1.0'?> 
<!DOCTYPE coverage SYSTEM "http://cobertura.sourceforge.net/xml/coverage-04.dtd">
<!-- Generated by simplecov-cobertura version 2.1.0 (https://github.com/dashingrocket/simplecov-cobertura) -->
<coverage line-rate="1.0" lines-covered="23" lines-valid="23" complexity="0" version="0" timestamp="1698299820">
  <sources>
    <source>/home/vpayno/git_vpayno/exercism-workspace/ruby/protein-translation</source>
  </sources>
  <packages>
    <package name="protein-translation" line-rate="1.0" complexity="0">
      <classes>
        <class name="protein_translation" filename="protein_translation.rb" line-rate="1.0" complexity="0">
          <methods/>
          <lines>
            <line number="5" hits="1"/>
            <line number="6" hits="1"/>
            <line number="8" hits="1"/>
            <line number="10" hits="32"/>
            <line number="29" hits="32"/>
            <line number="31" hits="30"/>
            <line number="34" hits="1"/>
            <line number="35" hits="30"/>
            <line number="37" hits="29"/>
            <line number="38" hits="29"/>
            <line number="39" hits="29"/>
            <line number="40" hits="42"/>
            <line number="42" hits="42"/>
            <line number="43" hits="9"/>
            <line number="44" hits="9"/>
            <line number="47" hits="33"/>
            <line number="50" hits="29"/>
            <line number="52" hits="60"/>
            <line number="57" hits="1"/>
            <line number="58" hits="1"/>
            <line number="60" hits="1"/>
            <line number="61" hits="3"/>
            <line number="62" hits="3"/>
          </lines>
        </class>
      </classes>
    </package>
  </packages>
</coverage>