<?xml version='1.0'?> 
<!DOCTYPE coverage SYSTEM "http://cobertura.sourceforge.net/xml/coverage-04.dtd">
<!-- Generated by simplecov-cobertura version 2.1.0 (https://github.com/dashingrocket/simplecov-cobertura) -->
<coverage line-rate="1.0" lines-covered="12" lines-valid="12" complexity="0" version="0" timestamp="1698287045">
  <sources>
    <source>/home/vpayno/git_vpayno/exercism-workspace/ruby/bob</source>
  </sources>
  <packages>
    <package name="bob" line-rate="1.0" complexity="0">
      <classes>
        <class name="bob" filename="bob.rb" line-rate="1.0" complexity="0">
          <methods/>
          <lines>
            <line number="5" hits="1"/>
            <line number="6" hits="1"/>
            <line number="7" hits="25"/>
            <line number="8" hits="25"/>
            <line number="9" hits="25"/>
            <line number="12" hits="25"/>
            <line number="15" hits="21"/>
            <line number="18" hits="20"/>
            <line number="21" hits="19"/>
            <line number="24" hits="13"/>
            <line number="27" hits="12"/>
            <line number="29" hits="7"/>
          </lines>
        </class>
      </classes>
    </package>
  </packages>
</coverage>