<?xml version="1.0" ?>
<coverage branch-rate="1" branches-covered="0" branches-valid="0" complexity="0" line-rate="0.8571" lines-covered="6" lines-valid="7" timestamp="1713242888288" version="4.5.4">
	<!-- Generated by coverage.py: https://coverage.readthedocs.io -->
	<!-- Based on https://raw.githubusercontent.com/cobertura/web/master/htdocs/xml/coverage-04.dtd -->
	<sources>
		<source>/home/vpayno/git_vpayno/exercism-workspace/python/difference-of-squares</source>
	</sources>
	<packages>
		<package branch-rate="1" complexity="0" line-rate="0.8571" name=".">
			<classes>
				<class branch-rate="1" complexity="0" filename="difference_of_squares.py" line-rate="0.8571" name="difference_of_squares.py">
					<methods/>
					<lines>
						<line hits="0" number="0"/>
						<line hits="1" number="4"/>
						<line hits="1" number="11"/>
						<line hits="1" number="14"/>
						<line hits="1" number="21"/>
						<line hits="1" number="24"/>
						<line hits="1" number="31"/>
					</lines>
				</class>
			</classes>
		</package>
		<package branch-rate="1" complexity="0" line-rate="1" name="test">
			<classes>
				<class branch-rate="1" complexity="0" filename="test/__init__.py" line-rate="1" name="__init__.py">
					<methods/>
					<lines/>
				</class>
			</classes>
		</package>
	</packages>
</coverage>
