<?xml version='1.0'?> 
<!DOCTYPE coverage SYSTEM "http://cobertura.sourceforge.net/xml/coverage-04.dtd">
<!-- Generated by simplecov-cobertura version 2.1.0 (https://github.com/dashingrocket/simplecov-cobertura) -->
<coverage line-rate="1.0" lines-covered="9" lines-valid="9" complexity="0" version="0" timestamp="1698807546">
  <sources>
    <source>/home/vpayno/git_vpayno/exercism-workspace/ruby/matrix</source>
  </sources>
  <packages>
    <package name="matrix" line-rate="1.0" complexity="0">
      <classes>
        <class name="matrix" filename="matrix.rb" line-rate="1.0" complexity="0">
          <methods/>
          <lines>
            <line number="5" hits="1"/>
            <line number="6" hits="1"/>
            <line number="7" hits="8"/>
            <line number="8" hits="19"/>
            <line number="11" hits="8"/>
            <line number="14" hits="1"/>
            <line number="15" hits="4"/>
            <line number="18" hits="1"/>
            <line number="19" hits="4"/>
          </lines>
        </class>
      </classes>
    </package>
  </packages>
</coverage>