SF:/home/vpayno/git_vpayno/exercism-workspace/rust/short-fibonacci/src/lib.rs
FN:9,_RNvCsjTxyNJs48lW_15short_fibonacci13create_buffer
FN:2,_RNvCsjTxyNJs48lW_15short_fibonacci12create_empty
FN:19,_RNvCsjTxyNJs48lW_15short_fibonacci9fibonacci
FN:9,_RNvCs8xinYVmG6Jb_15short_fibonacci13create_buffer
FN:2,_RNvCs8xinYVmG6Jb_15short_fibonacci12create_empty
FN:19,_RNvCs8xinYVmG6Jb_15short_fibonacci9fibonacci
FNDA:10,_RNvCsjTxyNJs48lW_15short_fibonacci13create_buffer
FNDA:1,_RNvCsjTxyNJs48lW_15short_fibonacci12create_empty
FNDA:1,_RNvCsjTxyNJs48lW_15short_fibonacci9fibonacci
FNDA:0,_RNvCs8xinYVmG6Jb_15short_fibonacci13create_buffer
FNDA:0,_RNvCs8xinYVmG6Jb_15short_fibonacci12create_empty
FNDA:0,_RNvCs8xinYVmG6Jb_15short_fibonacci9fibonacci
FNF:3
FNH:3
DA:2,1
DA:3,1
DA:4,1
DA:9,10
DA:10,10
DA:11,10
DA:12,10
DA:13,10
DA:19,1
DA:20,1
DA:21,1
DA:22,1
DA:23,1
DA:24,1
DA:25,1
DA:26,1
BRF:0
BRH:0
LF:16
LH:16
end_of_record