SF:/home/vpayno/git_vpayno/exercism-workspace/rust/anagram/src/lib.rs
FN:4,_RNvCsllSNXj2tS3m_7anagram12anagrams_for
FN:4,_RNvCsh5Wx87q2OH8_7anagram12anagrams_for
FNDA:0,_RNvCsllSNXj2tS3m_7anagram12anagrams_for
FNDA:14,_RNvCsh5Wx87q2OH8_7anagram12anagrams_for
FNF:1
FNH:1
DA:4,14
DA:5,14
DA:6,14
DA:7,14
DA:8,14
DA:9,14
DA:11,14
DA:12,14
DA:13,0
DA:14,0
DA:15,0
DA:16,0
DA:20,14
DA:21,14
DA:22,14
DA:24,46
DA:25,32
DA:26,32
DA:27,32
DA:28,3
DA:29,3
DA:30,29
DA:31,29
DA:32,29
DA:33,29
DA:35,29
DA:36,29
DA:37,0
DA:38,0
DA:42,29
DA:43,13
DA:44,16
DA:45,16
DA:46,16
DA:47,16
DA:48,16
DA:49,16
DA:50,16
DA:51,16
DA:52,8
DA:53,8
DA:54,8
DA:56,16
DA:59,14
DA:60,14
DA:61,14
DA:62,14
BRF:0
BRH:0
LF:47
LH:41
end_of_record