SF:/home/vpayno/git_vpayno/exercism-workspace/rust/anagram/src/lib.rs
FN:4,_RNvCs2NlgFumwQsW_7anagram12anagrams_for
FN:4,_RNvCs2JjPnL4mR90_7anagram12anagrams_for
FNDA:0,_RNvCs2NlgFumwQsW_7anagram12anagrams_for
FNDA:14,_RNvCs2JjPnL4mR90_7anagram12anagrams_for
FNF:1
FNH:1
DA:4,14
DA:5,14
DA:6,14
DA:7,14
DA:8,14
DA:9,14
DA:11,14
DA:12,14
DA:13,0
DA:14,0
DA:15,0
DA:16,0
DA:17,0
DA:18,0
DA:19,0
DA:23,14
DA:25,46
DA:26,32
DA:27,32
DA:28,32
DA:29,3
DA:30,3
DA:31,29
DA:32,29
DA:33,29
DA:34,29
DA:36,29
DA:37,29
DA:38,0
DA:39,0
DA:40,0
DA:41,0
DA:42,0
DA:43,0
DA:47,29
DA:48,29
DA:49,29
DA:50,29
DA:51,29
DA:52,29
DA:53,8
DA:54,8
DA:55,21
DA:57,29
DA:60,14
DA:61,14
DA:62,14
DA:63,14
BRF:0
BRH:0
LF:48
LH:35
end_of_record