Running automated test file(s):


===============================================================================

Running: ../../.github/citools/rust/rust-lint-check --release

Running Rust Cargo Check

Rust version:

	rustc 1.72.0 (5680fa18f 2023-08-23)


 ==============================================================================

Running: cargo clean


real	0m0.015s
user	0m0.003s
sys	0m0.012s


 ==============================================================================

Running: cargo check --future-incompat-report --release

    Checking unicode-segmentation v1.10.1
    Checking anagram v0.0.0 (/home/vpayno/git_vpayno/exercism-workspace/rust/anagram)
    Finished release [optimized] target(s) in 0.18s
note: 0 dependencies had future-incompatible warnings

real	0m0.191s
user	0m0.026s
sys	0m0.035s


 ==============================================================================

Exit code: 0

real	0m0.224s
user	0m0.034s
sys	0m0.061s

real	0m0.227s
user	0m0.036s
sys	0m0.063s

===============================================================================

Running: ../../.github/citools/rust/rust-lint-clippy --release

Running Rust Cargo Clippy

Rust version:

	rustc 1.72.0 (5680fa18f 2023-08-23)


 ==============================================================================

Running: cargo clean


real	0m0.012s
user	0m0.009s
sys	0m0.003s


 ==============================================================================

Running: cargo clippy --release

    Checking unicode-segmentation v1.10.1
    Checking anagram v0.0.0 (/home/vpayno/git_vpayno/exercism-workspace/rust/anagram)
    Finished release [optimized] target(s) in 0.15s

real	0m0.178s
user	0m0.063s
sys	0m0.055s


 ==============================================================================

Exit code: 0

real	0m0.203s
user	0m0.078s
sys	0m0.065s

real	0m0.204s
user	0m0.080s
sys	0m0.065s

===============================================================================

Running: ../../.github/citools/rust/rust-lint-audit
Running Rust Cargo Audit

Rust version:

	rustc 1.72.0 (5680fa18f 2023-08-23)


 ==============================================================================

Running: cargo clean


real	0m0.008s
user	0m0.006s
sys	0m0.002s


 ==============================================================================

Running: cargo tree

anagram v0.0.0 (/home/vpayno/git_vpayno/exercism-workspace/rust/anagram)
â””â”€â”€ unicode-segmentation v1.10.1

real	0m0.038s
user	0m0.023s
sys	0m0.015s


 ==============================================================================

Running: cargo audit

[0m[0m[1m[32m    Fetching[0m advisory database from `https://github.com/RustSec/advisory-db.git`
[0m[0m[1m[32m      Loaded[0m 570 security advisories (from /home/vpayno/.cargo/advisory-db)
[0m[0m[1m[32m    Updating[0m crates.io index
[0m[0m[1m[32m    Scanning[0m Cargo.lock for vulnerabilities (2 crate dependencies)

real	2m18.288s
user	1m30.531s
sys	0m5.898s


 ==============================================================================

Exit code: 0

real	2m18.389s
user	1m30.588s
sys	0m5.945s

real	2m18.390s
user	1m30.589s
sys	0m5.946s

===============================================================================

rm -fv ./*.profraw ./*.profdata

===============================================================================

Running: ../../.github/citools/rust/rust-test-with-tarpaulin

Running Rust Tests With Tarpaulin

Rust version:

	rustc 1.72.0 (5680fa18f 2023-08-23)


 ==============================================================================

Running: cargo clean


real	0m0.019s
user	0m0.010s
sys	0m0.009s


 ==============================================================================

Running: cargo test --all-features

   Compiling unicode-segmentation v1.10.1
   Compiling anagram v0.0.0 (/home/vpayno/git_vpayno/exercism-workspace/rust/anagram)
    Finished test [unoptimized + debuginfo] target(s) in 0.59s
     Running unittests src/lib.rs (target/debug/deps/anagram-f725266c7e0a02d1)

running 0 tests

test result: ok. 0 passed; 0 failed; 0 ignored; 0 measured; 0 filtered out; finished in 0.00s

     Running tests/anagram.rs (target/debug/deps/anagram-9a520455aa7f6d13)

running 14 tests
test detect_anagram ... ok
test case_insensitive_anagrams ... ok
test different_words_but_same_ascii_sum ... ok
test detect_simple_anagram ... ok
test does_not_confuse_different_duplicates ... ok
test does_not_detect_a_differently_cased_word_as_its_own_anagram ... ok
test does_not_detect_a_differently_cased_unicode_word_as_its_own_anagram ... ok
test does_not_detect_a_word_as_its_own_anagram ... ok
test misleading_unicode_anagrams ... ok
test eliminate_anagram_subsets ... ok
test multiple_anagrams ... ok
test same_bytes_different_chars ... ok
test unicode_anagrams ... FAILED
test no_matches ... ok

failures:

---- unicode_anagrams stdout ----
falied to convert [177, 178, 179, 206, 206, 206] to a string: invalid utf-8 sequence of 1 bytes from index 0
thread 'unicode_anagrams' panicked at 'assertion failed: `(left == right)`
  left: `{}`,
 right: `{"Î³Î²Î±", "Î’Î“Î‘"}`', tests/anagram.rs:8:5
note: run with `RUST_BACKTRACE=1` environment variable to display a backtrace


failures:
    unicode_anagrams

test result: FAILED. 13 passed; 1 failed; 0 ignored; 0 measured; 0 filtered out; finished in 0.00s

error: test failed, to rerun pass `--test anagram`

real	0m0.603s
user	0m1.001s
sys	0m0.318s


 ==============================================================================

Running: cargo tarpaulin --release --timeout=300

[2mSep 17 17:47:15.714[0m [32m INFO[0m cargo_tarpaulin::config: Creating config
[2mSep 17 17:47:15.723[0m [32m INFO[0m cargo_tarpaulin: Running Tarpaulin
[2mSep 17 17:47:15.723[0m [32m INFO[0m cargo_tarpaulin: Building project
[2mSep 17 17:47:15.723[0m [32m INFO[0m cargo_tarpaulin::cargo: Cleaning project
   Compiling unicode-segmentation v1.10.1
   Compiling anagram v0.0.0 (/home/vpayno/git_vpayno/exercism-workspace/rust/anagram)
    Finished release [optimized] target(s) in 0.97s
[2mSep 17 17:47:16.735[0m [32m INFO[0m cargo_tarpaulin::process_handling::linux: Launching test
[2mSep 17 17:47:16.735[0m [32m INFO[0m cargo_tarpaulin::process_handling: running /home/vpayno/git_vpayno/exercism-workspace/rust/anagram/target/release/deps/anagram-15a735ad85929259

running 0 tests

test result: ok. 0 passed; 0 failed; 0 ignored; 0 measured; 0 filtered out; finished in 0.00s

[2mSep 17 17:47:17.269[0m [32m INFO[0m cargo_tarpaulin::process_handling::linux: Launching test
[2mSep 17 17:47:17.269[0m [32m INFO[0m cargo_tarpaulin::process_handling: running /home/vpayno/git_vpayno/exercism-workspace/rust/anagram/target/release/deps/anagram-ae4b19d191e4fe93

running 14 tests
test does_not_detect_a_differently_cased_unicode_word_as_its_own_anagram ... ok
test does_not_detect_a_word_as_its_own_anagram ... ok
test does_not_detect_a_differently_cased_word_as_its_own_anagram ... ok
test does_not_confuse_different_duplicates ... ok
test different_words_but_same_ascii_sum ... ok
test detect_simple_anagram ... ok
test same_bytes_different_chars ... ok
test misleading_unicode_anagrams ... ok
test multiple_anagrams ... ok
test no_matches ... ok
test detect_anagram ... ok
test case_insensitive_anagrams ... ok
test unicode_anagrams ... FAILED
test eliminate_anagram_subsets ... ok

failures:

---- unicode_anagrams stdout ----
falied to convert [177, 178, 179, 206, 206, 206] to a string: invalid utf-8 sequence of 1 bytes from index 0
thread 'unicode_anagrams' panicked at 'assertion failed: `(left == right)`
  left: `{}`,
 right: `{"Î’Î“Î‘", "Î³Î²Î±"}`', tests/anagram.rs:8:5
note: run with `RUST_BACKTRACE=1` environment variable to display a backtrace


failures:
    unicode_anagrams

test result: FAILED. 13 passed; 1 failed; 0 ignored; 0 measured; 0 filtered out; finished in 0.02s

Error: "Test failed during run"

real	0m2.135s
user	0m1.533s
sys	0m1.176s


 ==============================================================================

Exit code: -2

real	0m2.767s
user	0m2.549s
sys	0m1.510s

real	0m2.769s
user	0m2.551s
sys	0m1.510s

===============================================================================

Running: ../../.github/citools/rust/rust-test-with-llvm-coverage

Running Rust Tests With LLVM Coverage

Rust version:

	rustc 1.72.0 (5680fa18f 2023-08-23)


 ==============================================================================

Running: cargo clean


real	0m0.017s
user	0m0.006s
sys	0m0.011s


 ==============================================================================

Running: cargo llvm-cov clean --workspace


real	0m0.194s
user	0m0.105s
sys	0m0.092s


 ==============================================================================

Running: cargo test --all-features --doc

   Compiling unicode-segmentation v1.10.1
   Compiling anagram v0.0.0 (/home/vpayno/git_vpayno/exercism-workspace/rust/anagram)
    Finished test [unoptimized + debuginfo] target(s) in 0.34s
   Doc-tests anagram

running 0 tests

test result: ok. 0 passed; 0 failed; 0 ignored; 0 measured; 0 filtered out; finished in 0.00s


real	0m0.369s
user	0m0.609s
sys	0m0.169s


 ==============================================================================

Running: cargo llvm-cov --no-clean --all-features --workspace

   Compiling unicode-segmentation v1.10.1
   Compiling anagram v0.0.0 (/home/vpayno/git_vpayno/exercism-workspace/rust/anagram)
    Finished test [unoptimized + debuginfo] target(s) in 0.55s
     Running unittests src/lib.rs (target/llvm-cov-target/debug/deps/anagram-08d51ab34ad767e4)

running 0 tests

test result: ok. 0 passed; 0 failed; 0 ignored; 0 measured; 0 filtered out; finished in 0.00s

     Running tests/anagram.rs (target/llvm-cov-target/debug/deps/anagram-c571f5430cbce387)

running 14 tests
test case_insensitive_anagrams ... ok
test detect_anagram ... ok
test detect_simple_anagram ... ok
test different_words_but_same_ascii_sum ... ok
test does_not_confuse_different_duplicates ... ok
test does_not_detect_a_differently_cased_unicode_word_as_its_own_anagram ... ok
test does_not_detect_a_differently_cased_word_as_its_own_anagram ... ok
test does_not_detect_a_word_as_its_own_anagram ... ok
test eliminate_anagram_subsets ... ok
test misleading_unicode_anagrams ... ok
test multiple_anagrams ... ok
test no_matches ... ok
test same_bytes_different_chars ... ok
test unicode_anagrams ... FAILED

failures:

---- unicode_anagrams stdout ----
falied to convert [177, 178, 179, 206, 206, 206] to a string: invalid utf-8 sequence of 1 bytes from index 0
thread 'unicode_anagrams' panicked at 'assertion failed: `(left == right)`
  left: `{}`,
 right: `{"Î’Î“Î‘", "Î³Î²Î±"}`', tests/anagram.rs:8:5
note: run with `RUST_BACKTRACE=1` environment variable to display a backtrace


failures:
    unicode_anagrams

test result: FAILED. 13 passed; 1 failed; 0 ignored; 0 measured; 0 filtered out; finished in 0.00s

error: test failed, to rerun pass `--test anagram`
error: process didn't exit successfully: `/home/vpayno/.rustup/toolchains/stable-x86_64-unknown-linux-gnu/bin/cargo test --tests --manifest-path /home/vpayno/git_vpayno/exercism-workspace/rust/anagram/Cargo.toml --target-dir /home/vpayno/git_vpayno/exercism-workspace/rust/anagram/target/llvm-cov-target --all-features --workspace` (exit status: 101)

real	0m0.688s
user	0m0.386s
sys	0m0.229s


 ==============================================================================

Running: cargo llvm-cov report --lcov --output-path report.lcov


    Finished report saved to report.lcov

real	0m0.127s
user	0m0.067s
sys	0m0.059s

    Finished test [unoptimized + debuginfo] target(s) in 0.00s
     Running unittests src/lib.rs (target/llvm-cov-target/debug/deps/anagram-08d51ab34ad767e4)

running 0 tests

test result: ok. 0 passed; 0 failed; 0 ignored; 0 measured; 0 filtered out; finished in 0.00s

     Running tests/anagram.rs (target/llvm-cov-target/debug/deps/anagram-c571f5430cbce387)

running 14 tests
test case_insensitive_anagrams ... ok
test detect_anagram ... ok
test detect_simple_anagram ... ok
test different_words_but_same_ascii_sum ... ok
test does_not_confuse_different_duplicates ... ok
test does_not_detect_a_differently_cased_unicode_word_as_its_own_anagram ... ok
test does_not_detect_a_differently_cased_word_as_its_own_anagram ... ok
test does_not_detect_a_word_as_its_own_anagram ... ok
test eliminate_anagram_subsets ... ok
test misleading_unicode_anagrams ... ok
test multiple_anagrams ... ok
test no_matches ... ok
test same_bytes_different_chars ... ok
test unicode_anagrams ... FAILED

failures:

---- unicode_anagrams stdout ----
falied to convert [177, 178, 179, 206, 206, 206] to a string: invalid utf-8 sequence of 1 bytes from index 0
thread 'unicode_anagrams' panicked at 'assertion failed: `(left == right)`
  left: `{}`,
 right: `{"Î’Î“Î‘", "Î³Î²Î±"}`', tests/anagram.rs:8:5
note: run with `RUST_BACKTRACE=1` environment variable to display a backtrace


failures:
    unicode_anagrams

test result: FAILED. 13 passed; 1 failed; 0 ignored; 0 measured; 0 filtered out; finished in 0.00s

error: test failed, to rerun pass `--test anagram`
error: process didn't exit successfully: `/home/vpayno/.rustup/toolchains/stable-x86_64-unknown-linux-gnu/bin/cargo test --tests --manifest-path /home/vpayno/git_vpayno/exercism-workspace/rust/anagram/Cargo.toml --target-dir /home/vpayno/git_vpayno/exercism-workspace/rust/anagram/target/llvm-cov-target --all-features --workspace` (exit status: 101)

real	0m0.139s
user	0m0.083s
sys	0m0.054s

 ==============================================================================

Running: cargo llvm-cov --no-clean --all-features --workspace --text --output-path=coverage-annotations.txt

    Finished test [unoptimized + debuginfo] target(s) in 0.01s
     Running unittests src/lib.rs (target/llvm-cov-target/debug/deps/anagram-08d51ab34ad767e4)

running 0 tests

test result: ok. 0 passed; 0 failed; 0 ignored; 0 measured; 0 filtered out; finished in 0.00s

     Running tests/anagram.rs (target/llvm-cov-target/debug/deps/anagram-c571f5430cbce387)

running 14 tests
test case_insensitive_anagrams ... ok
test detect_anagram ... ok
test detect_simple_anagram ... ok
test different_words_but_same_ascii_sum ... ok
test does_not_confuse_different_duplicates ... ok
test does_not_detect_a_differently_cased_unicode_word_as_its_own_anagram ... ok
test does_not_detect_a_differently_cased_word_as_its_own_anagram ... ok
test does_not_detect_a_word_as_its_own_anagram ... ok
test eliminate_anagram_subsets ... ok
test misleading_unicode_anagrams ... ok
test multiple_anagrams ... ok
test no_matches ... ok
test same_bytes_different_chars ... ok
test unicode_anagrams ... FAILED

failures:

---- unicode_anagrams stdout ----
falied to convert [177, 178, 179, 206, 206, 206] to a string: invalid utf-8 sequence of 1 bytes from index 0
thread 'unicode_anagrams' panicked at 'assertion failed: `(left == right)`
  left: `{}`,
 right: `{"Î’Î“Î‘", "Î³Î²Î±"}`', tests/anagram.rs:8:5
note: run with `RUST_BACKTRACE=1` environment variable to display a backtrace


failures:
    unicode_anagrams

test result: FAILED. 13 passed; 1 failed; 0 ignored; 0 measured; 0 filtered out; finished in 0.00s

error: test failed, to rerun pass `--test anagram`
error: process didn't exit successfully: `/home/vpayno/.rustup/toolchains/stable-x86_64-unknown-linux-gnu/bin/cargo test --tests --manifest-path /home/vpayno/git_vpayno/exercism-workspace/rust/anagram/Cargo.toml --target-dir /home/vpayno/git_vpayno/exercism-workspace/rust/anagram/target/llvm-cov-target --all-features --workspace` (exit status: 101)

real	0m0.155s
user	0m0.093s
sys	0m0.063s


 ==============================================================================

Running: cargo llvm-cov clean --workspace


real	0m0.136s
user	0m0.082s
sys	0m0.056s


 ==============================================================================

Running: lcov --list report.lcov

Reading tracefile report.lcov
            |Lines       |Functions  |Branches    
Filename    |Rate     Num|Rate    Num|Rate     Num
==================================================
[/home/vpayno/git_vpayno/exercism-workspace/rust/anagram/src/]
lib.rs      |95.7%     47|50.0%     2|    -      0
==================================================
      Total:|95.7%     47|50.0%     2|    -      0

real	0m0.035s
user	0m0.030s
sys	0m0.005s


Running: lcov --summary report.lcov

Reading tracefile report.lcov
Summary coverage rate:
  lines......: 95.7% (45 of 47 lines)
  functions..: 50.0% (1 of 2 functions)
  branches...: no data found

real	0m0.033s
user	0m0.028s
sys	0m0.005s


 ==============================================================================

Exit code: -3

real	0m1.907s
user	0m1.494s
sys	0m0.753s

real	0m1.909s
user	0m1.495s
sys	0m0.753s

===============================================================================

Running: misspell .

real	0m0.023s
user	0m0.029s
sys	0m0.011s

===============================================================================

Running: cargo doc
 Documenting unicode-segmentation v1.10.1
    Checking unicode-segmentation v1.10.1
 Documenting anagram v0.0.0 (/home/vpayno/git_vpayno/exercism-workspace/rust/anagram)
    Finished dev [unoptimized + debuginfo] target(s) in 0.41s

real	0m0.417s
user	0m0.358s
sys	0m0.070s

===============================================================================

Running: cargo clean

real	0m0.014s
user	0m0.005s
sys	0m0.009s

===============================================================================

