<?xml version='1.0'?> 
<!DOCTYPE coverage SYSTEM "http://cobertura.sourceforge.net/xml/coverage-04.dtd">
<!-- Generated by simplecov-cobertura version 2.1.0 (https://github.com/dashingrocket/simplecov-cobertura) -->
<coverage line-rate="0.82" lines-covered="27" lines-valid="33" complexity="0" version="0" timestamp="1698644242">
  <sources>
    <source>/home/vpayno/git_vpayno/exercism-workspace/ruby/circular-buffer</source>
  </sources>
  <packages>
    <package name="circular-buffer" line-rate="0.82" complexity="0">
      <classes>
        <class name="circular_buffer" filename="circular_buffer.rb" line-rate="0.82" complexity="0">
          <methods/>
          <lines>
            <line number="5" hits="1"/>
            <line number="6" hits="1"/>
            <line number="7" hits="10"/>
            <line number="8" hits="10"/>
            <line number="9" hits="10"/>
            <line number="10" hits="10"/>
            <line number="13" hits="1"/>
            <line number="14" hits="1"/>
            <line number="15" hits="1"/>
            <line number="18" hits="1"/>
            <line number="19" hits="29"/>
            <line number="21" hits="22"/>
            <line number="22" hits="22"/>
            <line number="24" hits="22"/>
            <line number="27" hits="1"/>
            <line number="28" hits="28"/>
            <line number="29" hits="28"/>
            <line number="31" hits="27"/>
            <line number="32" hits="27"/>
            <line number="35" hits="1"/>
            <line number="36" hits="4"/>
            <line number="37" hits="4"/>
            <line number="39" hits="4"/>
            <line number="40" hits="4"/>
            <line number="43" hits="1"/>
            <line number="44" hits="0"/>
            <line number="45" hits="0"/>
            <line number="46" hits="0"/>
            <line number="47" hits="0"/>
            <line number="48" hits="0"/>
            <line number="50" hits="0"/>
            <line number="54" hits="1"/>
            <line number="58" hits="1"/>
          </lines>
        </class>
      </classes>
    </package>
  </packages>
</coverage>