<?xml version='1.0'?> 
<!DOCTYPE coverage SYSTEM "http://cobertura.sourceforge.net/xml/coverage-04.dtd">
<!-- Generated by simplecov-cobertura version 2.1.0 (https://github.com/dashingrocket/simplecov-cobertura) -->
<coverage line-rate="1.0" lines-covered="9" lines-valid="9" complexity="0" version="0" timestamp="1697177506">
  <sources>
    <source>/home/vpayno/git_vpayno/exercism-workspace/ruby/simple-calculator</source>
  </sources>
  <packages>
    <package name="simple-calculator" line-rate="1.0" complexity="0">
      <classes>
        <class name="simple_calculator" filename="simple_calculator.rb" line-rate="1.0" complexity="0">
          <methods/>
          <lines>
            <line number="5" hits="1"/>
            <line number="6" hits="1"/>
            <line number="8" hits="1"/>
            <line number="11" hits="1"/>
            <line number="12" hits="9"/>
            <line number="14" hits="6"/>
            <line number="15" hits="3"/>
            <line number="17" hits="1"/>
            <line number="19" hits="2"/>
          </lines>
        </class>
      </classes>
    </package>
  </packages>
</coverage>