<?xml version='1.0'?> 
<!DOCTYPE coverage SYSTEM "http://cobertura.sourceforge.net/xml/coverage-04.dtd">
<!-- Generated by simplecov-cobertura version 2.1.0 (https://github.com/dashingrocket/simplecov-cobertura) -->
<coverage line-rate="1.0" lines-covered="9" lines-valid="9" complexity="0" version="0" timestamp="1697766849">
  <sources>
    <source>/home/vpayno/git_vpayno/exercism-workspace/ruby/rna-transcription</source>
  </sources>
  <packages>
    <package name="rna-transcription" line-rate="1.0" complexity="0">
      <classes>
        <class name="rna_transcription" filename="rna_transcription.rb" line-rate="1.0" complexity="0">
          <methods/>
          <lines>
            <line number="5" hits="1"/>
            <line number="6" hits="1"/>
            <line number="7" hits="6"/>
            <line number="9" hits="6"/>
            <line number="11" hits="5"/>
            <line number="13" hits="5"/>
            <line number="15" hits="16"/>
            <line number="20" hits="16"/>
            <line number="23" hits="5"/>
          </lines>
        </class>
      </classes>
    </package>
  </packages>
</coverage>