<?xml version='1.0'?> 
<!DOCTYPE coverage SYSTEM "http://cobertura.sourceforge.net/xml/coverage-04.dtd">
<!-- Generated by simplecov-cobertura version 2.1.0 (https://github.com/dashingrocket/simplecov-cobertura) -->
<coverage line-rate="1.0" lines-covered="8" lines-valid="8" complexity="0" version="0" timestamp="1698386320">
  <sources>
    <source>/home/vpayno/git_vpayno/exercism-workspace/ruby/word-count</source>
  </sources>
  <packages>
    <package name="word-count" line-rate="1.0" complexity="0">
      <classes>
        <class name="word_count" filename="word_count.rb" line-rate="1.0" complexity="0">
          <methods/>
          <lines>
            <line number="5" hits="1"/>
            <line number="6" hits="1"/>
            <line number="7" hits="14"/>
            <line number="10" hits="1"/>
            <line number="11" hits="14"/>
            <line number="13" hits="14"/>
            <line number="15" hits="78"/>
            <line number="17" hits="14"/>
          </lines>
        </class>
      </classes>
    </package>
  </packages>
</coverage>