<?xml version='1.0'?> 
<!DOCTYPE coverage SYSTEM "http://cobertura.sourceforge.net/xml/coverage-04.dtd">
<!-- Generated by simplecov-cobertura version 2.1.0 (https://github.com/dashingrocket/simplecov-cobertura) -->
<coverage line-rate="1.0" lines-covered="19" lines-valid="19" complexity="0" version="0" timestamp="1698386081">
  <sources>
    <source>/home/vpayno/git_vpayno/exercism-workspace/ruby/word-count</source>
  </sources>
  <packages>
    <package name="word-count" line-rate="1.0" complexity="0">
      <classes>
        <class name="word_count" filename="word_count.rb" line-rate="1.0" complexity="0">
          <methods/>
          <lines>
            <line number="5" hits="1"/>
            <line number="6" hits="1"/>
            <line number="7" hits="14"/>
            <line number="9" hits="14"/>
            <line number="10" hits="359"/>
            <line number="14" hits="1"/>
            <line number="15" hits="14"/>
            <line number="17" hits="14"/>
            <line number="19" hits="78"/>
            <line number="21" hits="14"/>
            <line number="26" hits="1"/>
            <line number="27" hits="1"/>
            <line number="28" hits="45"/>
            <line number="31" hits="1"/>
            <line number="32" hits="99"/>
            <line number="35" hits="1"/>
            <line number="36" hits="359"/>
            <line number="39" hits="1"/>
            <line number="40" hits="101"/>
          </lines>
        </class>
      </classes>
    </package>
  </packages>
</coverage>