<?xml version='1.0'?> 
<!DOCTYPE coverage SYSTEM "http://cobertura.sourceforge.net/xml/coverage-04.dtd">
<!-- Generated by simplecov-cobertura version 2.1.0 (https://github.com/dashingrocket/simplecov-cobertura) -->
<coverage line-rate="1.0" lines-covered="9" lines-valid="9" complexity="0" version="0" timestamp="1697683134">
  <sources>
    <source>/home/vpayno/git_vpayno/exercism-workspace/ruby/anagram</source>
  </sources>
  <packages>
    <package name="anagram" line-rate="1.0" complexity="0">
      <classes>
        <class name="anagram" filename="anagram.rb" line-rate="1.0" complexity="0">
          <methods/>
          <lines>
            <line number="5" hits="1"/>
            <line number="6" hits="1"/>
            <line number="7" hits="16"/>
            <line number="8" hits="16"/>
            <line number="13" hits="1"/>
            <line number="14" hits="16"/>
            <line number="15" hits="38"/>
            <line number="16" hits="38"/>
            <line number="18" hits="38"/>
          </lines>
        </class>
      </classes>
    </package>
  </packages>
</coverage>