<?xml version='1.0'?> 
<!DOCTYPE coverage SYSTEM "http://cobertura.sourceforge.net/xml/coverage-04.dtd">
<!-- Generated by simplecov-cobertura version 2.1.0 (https://github.com/dashingrocket/simplecov-cobertura) -->
<coverage line-rate="0.94" lines-covered="15" lines-valid="16" complexity="0" version="0" timestamp="1697473566">
  <sources>
    <source>/home/vpayno/git_vpayno/exercism-workspace/ruby/scrabble-score</source>
  </sources>
  <packages>
    <package name="scrabble-score" line-rate="0.94" complexity="0">
      <classes>
        <class name="scrabble_score" filename="scrabble_score.rb" line-rate="0.94" complexity="0">
          <methods/>
          <lines>
            <line number="5" hits="1"/>
            <line number="6" hits="1"/>
            <line number="7" hits="11"/>
            <line number="10" hits="1"/>
            <line number="11" hits="78"/>
            <line number="14" hits="1"/>
            <line number="15" hits="67"/>
            <line number="17" hits="39"/>
            <line number="19" hits="2"/>
            <line number="21" hits="7"/>
            <line number="23" hits="9"/>
            <line number="25" hits="2"/>
            <line number="27" hits="3"/>
            <line number="29" hits="5"/>
            <line number="31" hits="0"/>
            <line number="35" hits="1"/>
          </lines>
        </class>
      </classes>
    </package>
  </packages>
</coverage>