<?xml version='1.0'?> 
<!DOCTYPE coverage SYSTEM "http://cobertura.sourceforge.net/xml/coverage-04.dtd">
<!-- Generated by simplecov-cobertura version 2.1.0 (https://github.com/dashingrocket/simplecov-cobertura) -->
<coverage line-rate="1.0" lines-covered="8" lines-valid="8" complexity="0" version="0" timestamp="1697864124">
  <sources>
    <source>/home/vpayno/git_vpayno/exercism-workspace/ruby/resistor-color-duo</source>
  </sources>
  <packages>
    <package name="resistor-color-duo" line-rate="1.0" complexity="0">
      <classes>
        <class name="resistor_color_duo" filename="resistor_color_duo.rb" line-rate="1.0" complexity="0">
          <methods/>
          <lines>
            <line number="5" hits="1"/>
            <line number="7" hits="1"/>
            <line number="19" hits="1"/>
            <line number="20" hits="14"/>
            <line number="23" hits="1"/>
            <line number="24" hits="7"/>
            <line number="26" hits="7"/>
            <line number="28" hits="7"/>
          </lines>
        </class>
      </classes>
    </package>
  </packages>
</coverage>