<?xml version='1.0'?> 
<!DOCTYPE coverage SYSTEM "http://cobertura.sourceforge.net/xml/coverage-04.dtd">
<!-- Generated by simplecov-cobertura version 2.1.0 (https://github.com/dashingrocket/simplecov-cobertura) -->
<coverage line-rate="1.0" lines-covered="8" lines-valid="8" complexity="0" version="0" timestamp="1697175859">
  <sources>
    <source>/home/vpayno/git_vpayno/exercism-workspace/ruby/amusement-park</source>
  </sources>
  <packages>
    <package name="amusement-park" line-rate="1.0" complexity="0">
      <classes>
        <class name="attendee" filename="attendee.rb" line-rate="1.0" complexity="0">
          <methods/>
          <lines>
            <line number="5" hits="1"/>
            <line number="6" hits="1"/>
            <line number="8" hits="1"/>
            <line number="9" hits="5"/>
            <line number="12" hits="1"/>
            <line number="13" hits="2"/>
            <line number="16" hits="1"/>
            <line number="17" hits="1"/>
          </lines>
        </class>
      </classes>
    </package>
  </packages>
</coverage>