<?xml version="1.0" ?>
<coverage version="7.2.3" timestamp="1682818946459" lines-valid="8" lines-covered="8" line-rate="1" branches-valid="0" branches-covered="0" branch-rate="1" complexity="0">
	<!-- Generated by coverage.py: https://coverage.readthedocs.io/en/7.2.3 -->
	<!-- Based on https://raw.githubusercontent.com/cobertura/web/master/htdocs/xml/coverage-04.dtd -->
	<sources>
		<source>/home/vpayno/git_vpayno/exercism-workspace/python/little-sisters-essay</source>
	</sources>
	<packages>
		<package name="." line-rate="1" branch-rate="1" complexity="0">
			<classes>
				<class name="string_methods.py" filename="string_methods.py" complexity="0" line-rate="1" branch-rate="1">
					<methods/>
					<lines>
						<line number="4" hits="1"/>
						<line number="10" hits="1"/>
						<line number="13" hits="1"/>
						<line number="19" hits="1"/>
						<line number="22" hits="1"/>
						<line number="28" hits="1"/>
						<line number="31" hits="1"/>
						<line number="39" hits="1"/>
					</lines>
				</class>
			</classes>
		</package>
	</packages>
</coverage>
