<?xml version='1.0'?> 
<!DOCTYPE coverage SYSTEM "http://cobertura.sourceforge.net/xml/coverage-04.dtd">
<!-- Generated by simplecov-cobertura version 2.1.0 (https://github.com/dashingrocket/simplecov-cobertura) -->
<coverage line-rate="1.0" lines-covered="4" lines-valid="4" complexity="0" version="0" timestamp="1697413579">
  <sources>
    <source>/home/vpayno/git_vpayno/exercism-workspace/ruby/gigasecond</source>
  </sources>
  <packages>
    <package name="gigasecond" line-rate="1.0" complexity="0">
      <classes>
        <class name="gigasecond" filename="gigasecond.rb" line-rate="1.0" complexity="0">
          <methods/>
          <lines>
            <line number="5" hits="1"/>
            <line number="6" hits="1"/>
            <line number="8" hits="1"/>
            <line number="9" hits="2"/>
          </lines>
        </class>
      </classes>
    </package>
  </packages>
</coverage>