<?xml version='1.0'?> 
<!DOCTYPE coverage SYSTEM "http://cobertura.sourceforge.net/xml/coverage-04.dtd">
<!-- Generated by simplecov-cobertura version 2.1.0 (https://github.com/dashingrocket/simplecov-cobertura) -->
<coverage line-rate="1.0" lines-covered="18" lines-valid="18" complexity="0" version="0" timestamp="1698544830">
  <sources>
    <source>/home/vpayno/git_vpayno/exercism-workspace/ruby/clock</source>
  </sources>
  <packages>
    <package name="clock" line-rate="1.0" complexity="0">
      <classes>
        <class name="clock" filename="clock.rb" line-rate="1.0" complexity="0">
          <methods/>
          <lines>
            <line number="5" hits="1"/>
            <line number="6" hits="1"/>
            <line number="8" hits="1"/>
            <line number="9" hits="1"/>
            <line number="11" hits="1"/>
            <line number="12" hits="100"/>
            <line number="15" hits="1"/>
            <line number="16" hits="100"/>
            <line number="17" hits="100"/>
            <line number="19" hits="100"/>
            <line number="22" hits="1"/>
            <line number="23" hits="36"/>
            <line number="26" hits="1"/>
            <line number="27" hits="8"/>
            <line number="30" hits="1"/>
            <line number="31" hits="8"/>
            <line number="34" hits="1"/>
            <line number="35" hits="16"/>
          </lines>
        </class>
      </classes>
    </package>
  </packages>
</coverage>