SF:/home/vpayno/git_vpayno/exercism-workspace/rust/space-age/src/lib.rs
FN:65,_RNvXs4_Cs2Oo9218r8Uv_9space_ageNtB5_7JupiterNtB5_6Planet14orbital_period
FN:65,_RNvXs0_Cs2Oo9218r8Uv_9space_ageNtB5_7MercuryNtB5_6Planet14orbital_period
FN:65,_RNvXs7_Cs2Oo9218r8Uv_9space_ageNtB5_7NeptuneNtB5_6Planet14orbital_period
FN:65,_RNvXs3_Cs2Oo9218r8Uv_9space_ageNtB5_4MarsNtB5_6Planet14orbital_period
FN:5,_RNvXs_Cs2Oo9218r8Uv_9space_ageNtB4_8DurationNtNtCskHJcJaiv42W_4core3fmt5Debug3fmt
FN:24,_RNvYpNtCs2Oo9218r8Uv_9space_age6Planet12years_duringB5_
FN:65,_RNvXs2_Cs2Oo9218r8Uv_9space_ageNtB5_5EarthNtB5_6Planet14orbital_period
FN:65,_RNvXs6_Cs2Oo9218r8Uv_9space_ageNtB5_6UranusNtB5_6Planet14orbital_period
FN:65,_RNvXs5_Cs2Oo9218r8Uv_9space_ageNtB5_6SaturnNtB5_6Planet14orbital_period
FN:65,_RNvXs1_Cs2Oo9218r8Uv_9space_ageNtB5_5VenusNtB5_6Planet14orbital_period
FN:13,_RNvXCs2Oo9218r8Uv_9space_ageNtB2_8DurationINtNtCskHJcJaiv42W_4core7convert4FromyE4from
FN:24,_RNvYNtCs7AIxzCkQc8E_9space_age6SaturnNtB4_6Planet12years_duringCs7mUrsOL9ZYv_9space_age
FN:24,_RNvYNtCs7AIxzCkQc8E_9space_age6UranusNtB4_6Planet12years_duringCs7mUrsOL9ZYv_9space_age
FN:24,_RNvYNtCs7AIxzCkQc8E_9space_age7JupiterNtB4_6Planet12years_duringCs7mUrsOL9ZYv_9space_age
FN:24,_RNvYNtCs7AIxzCkQc8E_9space_age7MercuryNtB4_6Planet12years_duringCs7mUrsOL9ZYv_9space_age
FN:24,_RNvYNtCs7AIxzCkQc8E_9space_age5EarthNtB4_6Planet12years_duringCs7mUrsOL9ZYv_9space_age
FN:24,_RNvYNtCs7AIxzCkQc8E_9space_age7NeptuneNtB4_6Planet12years_duringCs7mUrsOL9ZYv_9space_age
FN:24,_RNvYNtCs7AIxzCkQc8E_9space_age5VenusNtB4_6Planet12years_duringCs7mUrsOL9ZYv_9space_age
FN:24,_RNvYNtCs7AIxzCkQc8E_9space_age4MarsNtB4_6Planet12years_duringCs7mUrsOL9ZYv_9space_age
FN:65,_RNvXs4_Cs7AIxzCkQc8E_9space_ageNtB5_7JupiterNtB5_6Planet14orbital_period
FN:65,_RNvXs0_Cs7AIxzCkQc8E_9space_ageNtB5_7MercuryNtB5_6Planet14orbital_period
FN:65,_RNvXs7_Cs7AIxzCkQc8E_9space_ageNtB5_7NeptuneNtB5_6Planet14orbital_period
FN:65,_RNvXs3_Cs7AIxzCkQc8E_9space_ageNtB5_4MarsNtB5_6Planet14orbital_period
FN:5,_RNvXs_Cs7AIxzCkQc8E_9space_ageNtB4_8DurationNtNtCskHJcJaiv42W_4core3fmt5Debug3fmt
FN:65,_RNvXs6_Cs7AIxzCkQc8E_9space_ageNtB5_6UranusNtB5_6Planet14orbital_period
FN:65,_RNvXs2_Cs7AIxzCkQc8E_9space_ageNtB5_5EarthNtB5_6Planet14orbital_period
FN:65,_RNvXs5_Cs7AIxzCkQc8E_9space_ageNtB5_6SaturnNtB5_6Planet14orbital_period
FN:65,_RNvXs1_Cs7AIxzCkQc8E_9space_ageNtB5_5VenusNtB5_6Planet14orbital_period
FN:13,_RNvXCs7AIxzCkQc8E_9space_ageNtB2_8DurationINtNtCskHJcJaiv42W_4core7convert4FromyE4from
FN:24,_RNvYpNtCs7AIxzCkQc8E_9space_age6Planet12years_duringB5_
FNDA:0,_RNvXs4_Cs2Oo9218r8Uv_9space_ageNtB5_7JupiterNtB5_6Planet14orbital_period
FNDA:0,_RNvXs0_Cs2Oo9218r8Uv_9space_ageNtB5_7MercuryNtB5_6Planet14orbital_period
FNDA:0,_RNvXs7_Cs2Oo9218r8Uv_9space_ageNtB5_7NeptuneNtB5_6Planet14orbital_period
FNDA:0,_RNvXs3_Cs2Oo9218r8Uv_9space_ageNtB5_4MarsNtB5_6Planet14orbital_period
FNDA:0,_RNvXs_Cs2Oo9218r8Uv_9space_ageNtB4_8DurationNtNtCskHJcJaiv42W_4core3fmt5Debug3fmt
FNDA:0,_RNvYpNtCs2Oo9218r8Uv_9space_age6Planet12years_duringB5_
FNDA:0,_RNvXs2_Cs2Oo9218r8Uv_9space_ageNtB5_5EarthNtB5_6Planet14orbital_period
FNDA:0,_RNvXs6_Cs2Oo9218r8Uv_9space_ageNtB5_6UranusNtB5_6Planet14orbital_period
FNDA:0,_RNvXs5_Cs2Oo9218r8Uv_9space_ageNtB5_6SaturnNtB5_6Planet14orbital_period
FNDA:0,_RNvXs1_Cs2Oo9218r8Uv_9space_ageNtB5_5VenusNtB5_6Planet14orbital_period
FNDA:0,_RNvXCs2Oo9218r8Uv_9space_ageNtB2_8DurationINtNtCskHJcJaiv42W_4core7convert4FromyE4from
FNDA:1,_RNvYNtCs7AIxzCkQc8E_9space_age6SaturnNtB4_6Planet12years_duringCs7mUrsOL9ZYv_9space_age
FNDA:1,_RNvYNtCs7AIxzCkQc8E_9space_age6UranusNtB4_6Planet12years_duringCs7mUrsOL9ZYv_9space_age
FNDA:1,_RNvYNtCs7AIxzCkQc8E_9space_age7JupiterNtB4_6Planet12years_duringCs7mUrsOL9ZYv_9space_age
FNDA:1,_RNvYNtCs7AIxzCkQc8E_9space_age7MercuryNtB4_6Planet12years_duringCs7mUrsOL9ZYv_9space_age
FNDA:1,_RNvYNtCs7AIxzCkQc8E_9space_age5EarthNtB4_6Planet12years_duringCs7mUrsOL9ZYv_9space_age
FNDA:1,_RNvYNtCs7AIxzCkQc8E_9space_age7NeptuneNtB4_6Planet12years_duringCs7mUrsOL9ZYv_9space_age
FNDA:1,_RNvYNtCs7AIxzCkQc8E_9space_age5VenusNtB4_6Planet12years_duringCs7mUrsOL9ZYv_9space_age
FNDA:1,_RNvYNtCs7AIxzCkQc8E_9space_age4MarsNtB4_6Planet12years_duringCs7mUrsOL9ZYv_9space_age
FNDA:1,_RNvXs4_Cs7AIxzCkQc8E_9space_ageNtB5_7JupiterNtB5_6Planet14orbital_period
FNDA:1,_RNvXs0_Cs7AIxzCkQc8E_9space_ageNtB5_7MercuryNtB5_6Planet14orbital_period
FNDA:1,_RNvXs7_Cs7AIxzCkQc8E_9space_ageNtB5_7NeptuneNtB5_6Planet14orbital_period
FNDA:1,_RNvXs3_Cs7AIxzCkQc8E_9space_ageNtB5_4MarsNtB5_6Planet14orbital_period
FNDA:0,_RNvXs_Cs7AIxzCkQc8E_9space_ageNtB4_8DurationNtNtCskHJcJaiv42W_4core3fmt5Debug3fmt
FNDA:1,_RNvXs6_Cs7AIxzCkQc8E_9space_ageNtB5_6UranusNtB5_6Planet14orbital_period
FNDA:1,_RNvXs2_Cs7AIxzCkQc8E_9space_ageNtB5_5EarthNtB5_6Planet14orbital_period
FNDA:1,_RNvXs5_Cs7AIxzCkQc8E_9space_ageNtB5_6SaturnNtB5_6Planet14orbital_period
FNDA:1,_RNvXs1_Cs7AIxzCkQc8E_9space_ageNtB5_5VenusNtB5_6Planet14orbital_period
FNDA:8,_RNvXCs7AIxzCkQc8E_9space_ageNtB2_8DurationINtNtCskHJcJaiv42W_4core7convert4FromyE4from
FNDA:0,_RNvYpNtCs7AIxzCkQc8E_9space_age6Planet12years_duringB5_
FNF:4
FNH:3
DA:5,0
DA:13,8
DA:14,8
DA:15,8
DA:16,8
DA:17,8
DA:24,8
DA:25,8
DA:26,8
DA:65,8
DA:66,8
DA:67,8
BRF:0
BRH:0
LF:12
LH:11
end_of_record