SF:/home/vpayno/git_vpayno/exercism-workspace/rust/luhn/src/lib.rs
FN:97,_RNvCsacipeDqRJaK_4luhn16step_one_and_two
FN:163,_RNvCsacipeDqRJaK_4luhn29extract_digits_from_str_slice
FN:143,_RNvCsacipeDqRJaK_4luhn3sum
FN:165,_RNCNvCsacipeDqRJaK_4luhn29extract_digits_from_str_slice0B3_
FN:166,_RNCNvCsacipeDqRJaK_4luhn29extract_digits_from_str_slices_0B3_
FN:62,_RNvCsacipeDqRJaK_4luhn8is_valid
FN:196,_RNvCsacipeDqRJaK_4luhn26is_only_numbers_and_spaces
FN:97,_RNvCsPydIKOXQ6R_4luhn16step_one_and_two
FN:163,_RNvCsPydIKOXQ6R_4luhn29extract_digits_from_str_slice
FN:143,_RNvCsPydIKOXQ6R_4luhn3sum
FN:165,_RNCNvCsPydIKOXQ6R_4luhn29extract_digits_from_str_slice0B3_
FN:166,_RNCNvCsPydIKOXQ6R_4luhn29extract_digits_from_str_slices_0B3_
FN:62,_RNvCsPydIKOXQ6R_4luhn8is_valid
FN:196,_RNvCsPydIKOXQ6R_4luhn26is_only_numbers_and_spaces
FNDA:12,_RNvCsacipeDqRJaK_4luhn16step_one_and_two
FNDA:12,_RNvCsacipeDqRJaK_4luhn29extract_digits_from_str_slice
FNDA:12,_RNvCsacipeDqRJaK_4luhn3sum
FNDA:84,_RNCNvCsacipeDqRJaK_4luhn29extract_digits_from_str_slice0B3_
FNDA:70,_RNCNvCsacipeDqRJaK_4luhn29extract_digits_from_str_slices_0B3_
FNDA:21,_RNvCsacipeDqRJaK_4luhn8is_valid
FNDA:19,_RNvCsacipeDqRJaK_4luhn26is_only_numbers_and_spaces
FNDA:0,_RNvCsPydIKOXQ6R_4luhn16step_one_and_two
FNDA:0,_RNvCsPydIKOXQ6R_4luhn29extract_digits_from_str_slice
FNDA:0,_RNvCsPydIKOXQ6R_4luhn3sum
FNDA:0,_RNCNvCsPydIKOXQ6R_4luhn29extract_digits_from_str_slice0B3_
FNDA:0,_RNCNvCsPydIKOXQ6R_4luhn29extract_digits_from_str_slices_0B3_
FNDA:0,_RNvCsPydIKOXQ6R_4luhn8is_valid
FNDA:0,_RNvCsPydIKOXQ6R_4luhn26is_only_numbers_and_spaces
FNF:7
FNH:7
DA:62,21
DA:63,21
DA:64,0
DA:65,21
DA:66,21
DA:67,21
DA:68,2
DA:69,19
DA:70,19
DA:71,19
DA:72,7
DA:73,12
DA:74,12
DA:75,12
DA:76,12
DA:77,12
DA:78,12
DA:79,12
DA:80,12
DA:81,12
DA:82,21
DA:97,12
DA:98,12
DA:100,34
DA:101,31
DA:102,31
DA:103,31
DA:104,16
DA:105,16
DA:107,31
DA:108,31
DA:109,31
DA:110,9
DA:111,22
DA:114,12
DA:115,12
DA:143,12
DA:144,12
DA:145,12
DA:163,12
DA:164,12
DA:165,84
DA:166,70
DA:167,12
DA:168,12
DA:169,12
DA:196,19
DA:197,108
DA:198,108
DA:199,7
DA:200,101
DA:203,12
DA:204,19
BRF:0
BRH:0
LF:55
LH:54
end_of_record
SF:/home/vpayno/git_vpayno/exercism-workspace/rust/luhn/src/main.rs
FN:3,_RNvCsanjjq2PR1D_4luhn4main
FN:3,_RNvCsgmSS16xrxIQ_4luhn4main
FNDA:0,_RNvCsanjjq2PR1D_4luhn4main
FNDA:0,_RNvCsgmSS16xrxIQ_4luhn4main
FNF:1
FNH:0
DA:3,0
DA:4,0
DA:5,0
DA:6,0
DA:7,0
DA:8,0
DA:9,0
DA:10,0
DA:11,0
DA:12,0
DA:13,0
DA:14,0
DA:15,0
DA:16,0
DA:17,0
DA:18,0
DA:19,0
DA:20,0
DA:21,0
DA:22,0
DA:23,0
DA:24,0
DA:25,0
BRF:0
BRH:0
LF:23
LH:0
end_of_record