SF:/home/vpayno/git_vpayno/exercism-workspace/rust/luhn/src/lib.rs
FN:166,_RNvCsacipeDqRJaK_4luhn3sum
FN:186,_RNvCsacipeDqRJaK_4luhn29extract_digits_from_str_slice
FN:188,_RNCNvCsacipeDqRJaK_4luhn29extract_digits_from_str_slice0B3_
FN:62,_RNvCsacipeDqRJaK_4luhn8is_valid
FN:97,_RNvCsacipeDqRJaK_4luhn14is_luhn_number
FN:219,_RNvCsacipeDqRJaK_4luhn26is_only_numbers_and_spaces
FN:120,_RNvCsacipeDqRJaK_4luhn16step_one_and_two
FN:189,_RNCNvCsacipeDqRJaK_4luhn29extract_digits_from_str_slices_0B3_
FN:166,_RNvCsPydIKOXQ6R_4luhn3sum
FN:186,_RNvCsPydIKOXQ6R_4luhn29extract_digits_from_str_slice
FN:62,_RNvCsPydIKOXQ6R_4luhn8is_valid
FN:97,_RNvCsPydIKOXQ6R_4luhn14is_luhn_number
FN:219,_RNvCsPydIKOXQ6R_4luhn26is_only_numbers_and_spaces
FN:120,_RNvCsPydIKOXQ6R_4luhn16step_one_and_two
FN:188,_RNCNvCsPydIKOXQ6R_4luhn29extract_digits_from_str_slice0B3_
FN:189,_RNCNvCsPydIKOXQ6R_4luhn29extract_digits_from_str_slices_0B3_
FNDA:10,_RNvCsacipeDqRJaK_4luhn3sum
FNDA:10,_RNvCsacipeDqRJaK_4luhn29extract_digits_from_str_slice
FNDA:81,_RNCNvCsacipeDqRJaK_4luhn29extract_digits_from_str_slice0B3_
FNDA:21,_RNvCsacipeDqRJaK_4luhn8is_valid
FNDA:10,_RNvCsacipeDqRJaK_4luhn14is_luhn_number
FNDA:17,_RNvCsacipeDqRJaK_4luhn26is_only_numbers_and_spaces
FNDA:10,_RNvCsacipeDqRJaK_4luhn16step_one_and_two
FNDA:68,_RNCNvCsacipeDqRJaK_4luhn29extract_digits_from_str_slices_0B3_
FNDA:0,_RNvCsPydIKOXQ6R_4luhn3sum
FNDA:0,_RNvCsPydIKOXQ6R_4luhn29extract_digits_from_str_slice
FNDA:0,_RNvCsPydIKOXQ6R_4luhn8is_valid
FNDA:0,_RNvCsPydIKOXQ6R_4luhn14is_luhn_number
FNDA:0,_RNvCsPydIKOXQ6R_4luhn26is_only_numbers_and_spaces
FNDA:0,_RNvCsPydIKOXQ6R_4luhn16step_one_and_two
FNDA:0,_RNCNvCsPydIKOXQ6R_4luhn29extract_digits_from_str_slice0B3_
FNDA:0,_RNCNvCsPydIKOXQ6R_4luhn29extract_digits_from_str_slices_0B3_
FNF:8
FNH:8
DA:62,21
DA:63,21
DA:64,21
DA:65,19
DA:66,19
DA:67,17
DA:68,10
DA:70,21
DA:97,10
DA:98,10
DA:99,10
DA:100,10
DA:101,10
DA:102,10
DA:103,10
DA:104,10
DA:105,10
DA:120,10
DA:121,10
DA:123,32
DA:124,31
DA:125,31
DA:126,31
DA:127,16
DA:128,16
DA:130,31
DA:131,31
DA:132,31
DA:133,9
DA:134,22
DA:137,10
DA:138,10
DA:166,10
DA:167,10
DA:168,10
DA:186,10
DA:187,10
DA:188,81
DA:189,68
DA:190,10
DA:191,10
DA:192,10
DA:219,17
DA:220,105
DA:221,105
DA:222,7
DA:223,98
DA:226,10
DA:227,17
BRF:0
BRH:0
LF:51
LH:51
end_of_record
SF:/home/vpayno/git_vpayno/exercism-workspace/rust/luhn/src/main.rs
FN:3,_RNvCsanjjq2PR1D_4luhn4main
FN:3,_RNvCsgmSS16xrxIQ_4luhn4main
FNDA:0,_RNvCsanjjq2PR1D_4luhn4main
FNDA:0,_RNvCsgmSS16xrxIQ_4luhn4main
FNF:1
FNH:0
DA:3,0
DA:4,0
DA:5,0
DA:6,0
DA:7,0
DA:8,0
DA:9,0
DA:10,0
DA:11,0
DA:12,0
DA:13,0
DA:14,0
DA:15,0
DA:16,0
DA:17,0
DA:18,0
DA:19,0
DA:20,0
DA:21,0
DA:22,0
DA:23,0
DA:24,0
DA:25,0
BRF:0
BRH:0
LF:23
LH:0
end_of_record