SF:/home/vpayno/git_vpayno/exercism-workspace/rust/sieve/src/lib.rs
FN:15,_RNvCs91HeXbijgRK_5sieve12primes_up_to
FN:15,_RNvCsjYi1KxLBvO0_5sieve12primes_up_to
FNDA:0,_RNvCs91HeXbijgRK_5sieve12primes_up_to
FNDA:5,_RNvCsjYi1KxLBvO0_5sieve12primes_up_to
FNF:1
FNH:1
DA:15,5
DA:16,5
DA:17,5
DA:18,5
DA:19,1
DA:20,4
DA:21,4
DA:22,4
DA:23,1
DA:24,1
DA:25,1
DA:26,3
DA:27,3
DA:28,3
DA:29,3
DA:30,3
DA:31,3
DA:32,3
DA:34,1017
DA:35,1017
DA:36,508
DA:37,509
DA:40,1020
DA:41,1020
DA:42,178
DA:44,2152
DA:45,1974
DA:46,1974
DA:47,1974
DA:48,1974
DA:49,842
DA:52,3
DA:53,1029
DA:54,1026
DA:55,178
DA:56,848
DA:58,1026
DA:61,3
DA:62,5
BRF:0
BRH:0
LF:39
LH:39
end_of_record