SF:/home/vpayno/git_vpayno/exercism-workspace/rust/sieve/src/lib.rs
FN:15,_RNvCs2W6Xx3DPEqq_5sieve12primes_up_to
FN:15,_RNvCsbHws2L3PDW0_5sieve12primes_up_to
FNDA:5,_RNvCs2W6Xx3DPEqq_5sieve12primes_up_to
FNDA:0,_RNvCsbHws2L3PDW0_5sieve12primes_up_to
FNF:1
FNH:1
DA:15,5
DA:16,5
DA:17,5
DA:18,5
DA:19,1
DA:20,4
DA:21,4
DA:22,4
DA:23,1
DA:24,1
DA:25,1
DA:26,3
DA:27,3
DA:28,3
DA:29,3
DA:30,3
DA:31,3
DA:32,3
DA:34,1017
DA:35,1017
DA:36,508
DA:37,509
DA:40,1020
DA:41,1020
DA:42,1020
DA:43,1020
DA:44,178
DA:46,2152
DA:47,1974
DA:48,1974
DA:49,1974
DA:50,1974
DA:51,842
DA:54,1026
DA:55,1026
DA:56,178
DA:57,848
DA:60,3
DA:61,5
BRF:0
BRH:0
LF:39
LH:39
end_of_record