<?xml version="1.0" ?>
<coverage version="7.4.0" timestamp="1705507594539" lines-valid="11" lines-covered="11" line-rate="1" branches-valid="6" branches-covered="6" branch-rate="1" complexity="0">
	<!-- Generated by coverage.py: https://coverage.readthedocs.io/en/7.4.0 -->
	<!-- Based on https://raw.githubusercontent.com/cobertura/web/master/htdocs/xml/coverage-04.dtd -->
	<sources>
		<source>/home/vpayno/git_vpayno/exercism-workspace/python/sum-of-multiples</source>
	</sources>
	<packages>
		<package name="." line-rate="1" branch-rate="1" complexity="0">
			<classes>
				<class name="sum_of_multiples.py" filename="sum_of_multiples.py" complexity="0" line-rate="1" branch-rate="1">
					<methods/>
					<lines>
						<line number="3" hits="1"/>
						<line number="6" hits="1"/>
						<line number="13" hits="1"/>
						<line number="14" hits="1"/>
						<line number="17" hits="1"/>
						<line number="20" hits="1" branch="true" condition-coverage="100% (2/2)"/>
						<line number="21" hits="1" branch="true" condition-coverage="100% (2/2)"/>
						<line number="23" hits="1" branch="true" condition-coverage="100% (2/2)"/>
						<line number="24" hits="1"/>
						<line number="27" hits="1"/>
						<line number="29" hits="1"/>
					</lines>
				</class>
			</classes>
		</package>
	</packages>
</coverage>
