<?xml version='1.0'?> 
<!DOCTYPE coverage SYSTEM "http://cobertura.sourceforge.net/xml/coverage-04.dtd">
<!-- Generated by simplecov-cobertura version 2.1.0 (https://github.com/dashingrocket/simplecov-cobertura) -->
<coverage line-rate="1.0" lines-covered="3" lines-valid="3" complexity="0" version="0" timestamp="1696313634">
  <sources>
    <source>/home/vpayno/git_vpayno/exercism-workspace/ruby/hello-world</source>
  </sources>
  <packages>
    <package name="hello-world" line-rate="1.0" complexity="0">
      <classes>
        <class name="hello_world" filename="hello_world.rb" line-rate="1.0" complexity="0">
          <methods/>
          <lines>
            <line number="1" hits="1"/>
            <line number="2" hits="1"/>
            <line number="3" hits="1"/>
          </lines>
        </class>
      </classes>
    </package>
  </packages>
</coverage>