<?xml version='1.0'?> 
<!DOCTYPE coverage SYSTEM "http://cobertura.sourceforge.net/xml/coverage-04.dtd">
<!-- Generated by simplecov-cobertura version 2.1.0 (https://github.com/dashingrocket/simplecov-cobertura) -->
<coverage line-rate="1.0" lines-covered="18" lines-valid="18" complexity="0" version="0" timestamp="1697259241">
  <sources>
    <source>/home/vpayno/git_vpayno/exercism-workspace/ruby/savings-account</source>
  </sources>
  <packages>
    <package name="savings-account" line-rate="1.0" complexity="0">
      <classes>
        <class name="savings_account" filename="savings_account.rb" line-rate="1.0" complexity="0">
          <methods/>
          <lines>
            <line number="5" hits="1"/>
            <line number="6" hits="1"/>
            <line number="7" hits="164"/>
            <line number="8" hits="7"/>
            <line number="9" hits="157"/>
            <line number="10" hits="52"/>
            <line number="11" hits="105"/>
            <line number="12" hits="59"/>
            <line number="13" hits="46"/>
            <line number="14" hits="46"/>
            <line number="18" hits="1"/>
            <line number="19" hits="151"/>
            <line number="22" hits="1"/>
            <line number="23" hits="4"/>
            <line number="25" hits="4"/>
            <line number="26" hits="143"/>
            <line number="27" hits="143"/>
            <line number="30" hits="4"/>
          </lines>
        </class>
      </classes>
    </package>
  </packages>
</coverage>