<?xml version='1.0'?> 
<!DOCTYPE coverage SYSTEM "http://cobertura.sourceforge.net/xml/coverage-04.dtd">
<!-- Generated by simplecov-cobertura version 2.1.0 (https://github.com/dashingrocket/simplecov-cobertura) -->
<coverage line-rate="1.0" lines-covered="12" lines-valid="12" complexity="0" version="0" timestamp="1697260643">
  <sources>
    <source>/home/vpayno/git_vpayno/exercism-workspace/ruby/chess-game</source>
  </sources>
  <packages>
    <package name="chess-game" line-rate="1.0" complexity="0">
      <classes>
        <class name="chess_game" filename="chess_game.rb" line-rate="1.0" complexity="0">
          <methods/>
          <lines>
            <line number="5" hits="1"/>
            <line number="6" hits="1"/>
            <line number="7" hits="1"/>
            <line number="9" hits="1"/>
            <line number="10" hits="9"/>
            <line number="13" hits="1"/>
            <line number="14" hits="7"/>
            <line number="17" hits="1"/>
            <line number="18" hits="4"/>
            <line number="20" hits="4"/>
            <line number="21" hits="2"/>
            <line number="23" hits="2"/>
          </lines>
        </class>
      </classes>
    </package>
  </packages>
</coverage>