<?xml version="1.0" ?>
<coverage version="7.4.0" timestamp="1712288392527" lines-valid="36" lines-covered="36" line-rate="1" branches-valid="12" branches-covered="12" branch-rate="1" complexity="0">
	<!-- Generated by coverage.py: https://coverage.readthedocs.io/en/7.4.0 -->
	<!-- Based on https://raw.githubusercontent.com/cobertura/web/master/htdocs/xml/coverage-04.dtd -->
	<sources>
		<source>/home/vpayno/git_vpayno/exercism-workspace/python/plane-tickets</source>
	</sources>
	<packages>
		<package name="." line-rate="1" branch-rate="1" complexity="0">
			<classes>
				<class name="generators.py" filename="generators.py" complexity="0" line-rate="1" branch-rate="1">
					<methods/>
					<lines>
						<line number="3" hits="1"/>
						<line number="5" hits="1"/>
						<line number="6" hits="1"/>
						<line number="8" hits="1"/>
						<line number="9" hits="1"/>
						<line number="11" hits="1"/>
						<line number="12" hits="1"/>
						<line number="13" hits="1"/>
						<line number="15" hits="1"/>
						<line number="16" hits="1"/>
						<line number="17" hits="1"/>
						<line number="19" hits="1"/>
						<line number="20" hits="1"/>
						<line number="23" hits="1"/>
						<line number="35" hits="1"/>
						<line number="37" hits="1" branch="true" condition-coverage="100% (2/2)"/>
						<line number="38" hits="1"/>
						<line number="40" hits="1"/>
						<line number="43" hits="1"/>
						<line number="59" hits="1"/>
						<line number="61" hits="1" branch="true" condition-coverage="100% (2/2)"/>
						<line number="62" hits="1" branch="true" condition-coverage="100% (2/2)"/>
						<line number="63" hits="1"/>
						<line number="65" hits="1" branch="true" condition-coverage="100% (2/2)"/>
						<line number="66" hits="1"/>
						<line number="68" hits="1"/>
						<line number="71" hits="1"/>
						<line number="80" hits="1"/>
						<line number="81" hits="1"/>
						<line number="83" hits="1" branch="true" condition-coverage="100% (2/2)"/>
						<line number="84" hits="1"/>
						<line number="86" hits="1"/>
						<line number="89" hits="1"/>
						<line number="99" hits="1" branch="true" condition-coverage="100% (2/2)"/>
						<line number="100" hits="1"/>
						<line number="102" hits="1"/>
					</lines>
				</class>
			</classes>
		</package>
	</packages>
</coverage>
