<?xml version='1.0'?> 
<!DOCTYPE coverage SYSTEM "http://cobertura.sourceforge.net/xml/coverage-04.dtd">
<!-- Generated by simplecov-cobertura version 2.1.0 (https://github.com/dashingrocket/simplecov-cobertura) -->
<coverage line-rate="1.0" lines-covered="6" lines-valid="6" complexity="0" version="0" timestamp="1697414400">
  <sources>
    <source>/home/vpayno/git_vpayno/exercism-workspace/ruby/leap</source>
  </sources>
  <packages>
    <package name="leap" line-rate="1.0" complexity="0">
      <classes>
        <class name="leap" filename="leap.rb" line-rate="1.0" complexity="0">
          <methods/>
          <lines>
            <line number="5" hits="1"/>
            <line number="6" hits="1"/>
            <line number="7" hits="5"/>
            <line number="8" hits="4"/>
            <line number="9" hits="2"/>
            <line number="11" hits="1"/>
          </lines>
        </class>
      </classes>
    </package>
  </packages>
</coverage>