SF:/home/vpayno/git_vpayno/exercism-workspace/rust/prime-factors/src/lib.rs
FN:1,_RNvCsaIH12DiQ1U_13prime_factors7factors
FN:1,_RNvCs6BHxX6JA0z_13prime_factors7factors
FNDA:0,_RNvCsaIH12DiQ1U_13prime_factors7factors
FNDA:7,_RNvCs6BHxX6JA0z_13prime_factors7factors
FNF:1
FNH:1
DA:1,7
DA:2,7
DA:3,7
DA:4,7
DA:5,1
DA:6,6
DA:7,6
DA:8,6
DA:9,1
DA:10,1
DA:11,5
DA:12,5
DA:13,5
DA:14,5
DA:15,5
DA:16,5
DA:17,10
DA:18,5
DA:19,5
DA:20,5
DA:22,5
DA:23,447296
DA:24,447301
DA:25,10
DA:26,10
DA:27,10
DA:29,447291
DA:32,5
DA:33,7
BRF:0
BRH:0
LF:29
LH:29
end_of_record