SF:/home/vpayno/git_vpayno/exercism-workspace/rust/prime-factors/src/lib.rs
FN:12,_RNvCsaIH12DiQ1U_13prime_factors7factors
FN:12,_RNvCs6BHxX6JA0z_13prime_factors7factors
FNDA:0,_RNvCsaIH12DiQ1U_13prime_factors7factors
FNDA:7,_RNvCs6BHxX6JA0z_13prime_factors7factors
FNF:1
FNH:1
DA:12,7
DA:13,7
DA:14,7
DA:15,7
DA:16,1
DA:17,6
DA:18,6
DA:19,6
DA:20,1
DA:21,1
DA:22,5
DA:23,5
DA:24,5
DA:25,5
DA:26,5
DA:27,5
DA:28,10
DA:29,5
DA:30,5
DA:31,5
DA:33,5
DA:34,447296
DA:35,447301
DA:36,10
DA:37,10
DA:38,10
DA:40,447291
DA:43,5
DA:44,7
BRF:0
BRH:0
LF:29
LH:29
end_of_record