Running automated test file(s):


===============================================================================

Running: make clean
rm -rf ./build

real	0m0.007s
user	0m0.001s
sys	0m0.005s

===============================================================================

export LDFLAGS="-lgcov --coverage" CXXFLAGS="--coverage"

===============================================================================

Running: make coverage | ansifilter
rm -rf ./build
mkdir -pv ./build
mkdir: created directory './build'

cd ./build; export LDFLAGS="-lgcov --coverage" CXXFLAGS="--coverage"; cmake -DEXERCISM_RUN_ALL_TESTS=1 -DCMAKE_EXPORT_COMPILE_COMMANDS=1 -G 'Unix Makefiles' ../; if make; then printf "\n=== All Tests Passed ===\n"; else printf "\n=== Test Failure ===\n"; false; fi
-- The CXX compiler identification is GNU 10.2.1
-- Detecting CXX compiler ABI info
-- Detecting CXX compiler ABI info - done
-- Check for working CXX compiler: /usr/bin/c++ - skipped
-- Detecting CXX compile features
-- Detecting CXX compile features - done
-- Configuring done
-- Generating done
-- Build files have been written to: /home/vpayno/git_vpayno/exercism-workspace/cpp/pangram/build
make[1]: Entering directory '/home/vpayno/git_vpayno/exercism-workspace/cpp/pangram/build'
make[2]: Entering directory '/home/vpayno/git_vpayno/exercism-workspace/cpp/pangram/build'
make[3]: Entering directory '/home/vpayno/git_vpayno/exercism-workspace/cpp/pangram/build'
make[3]: Leaving directory '/home/vpayno/git_vpayno/exercism-workspace/cpp/pangram/build'
make[3]: Entering directory '/home/vpayno/git_vpayno/exercism-workspace/cpp/pangram/build'
[ 25%] Building CXX object CMakeFiles/pangram.dir/pangram_test.cpp.o
[ 50%] Building CXX object CMakeFiles/pangram.dir/pangram.cpp.o
[ 75%] Building CXX object CMakeFiles/pangram.dir/test/tests-main.cpp.o
[100%] Linking CXX executable pangram
make[3]: Leaving directory '/home/vpayno/git_vpayno/exercism-workspace/cpp/pangram/build'
[100%] Built target pangram
make[3]: Entering directory '/home/vpayno/git_vpayno/exercism-workspace/cpp/pangram/build'
make[3]: Leaving directory '/home/vpayno/git_vpayno/exercism-workspace/cpp/pangram/build'
make[3]: Entering directory '/home/vpayno/git_vpayno/exercism-workspace/cpp/pangram/build'

~~~~~~~~~~~~~~~~~~~~~~~~~~~~~~~~~~~~~~~~~~~~~~~~~~~~~~~~~~~~~~~~~~~~~~~~~~~~~~~
pangram is a Catch v2.13.6 host application.
Run with -? for options

-------------------------------------------------------------------------------
sentence_empty
-------------------------------------------------------------------------------
/home/vpayno/git_vpayno/exercism-workspace/cpp/pangram/pangram_test.cpp:8
...............................................................................

/home/vpayno/git_vpayno/exercism-workspace/cpp/pangram/pangram_test.cpp:8: PASSED:
  REQUIRE( !pangram::is_pangram("") )
with expansion:
  true

-------------------------------------------------------------------------------
pangram_with_only_lower_case
-------------------------------------------------------------------------------
/home/vpayno/git_vpayno/exercism-workspace/cpp/pangram/pangram_test.cpp:11
...............................................................................

/home/vpayno/git_vpayno/exercism-workspace/cpp/pangram/pangram_test.cpp:12: PASSED:
  REQUIRE( pangram::is_pangram("the quick brown fox jumps over the lazy dog") )
with expansion:
  true

-------------------------------------------------------------------------------
missing_character_x
-------------------------------------------------------------------------------
/home/vpayno/git_vpayno/exercism-workspace/cpp/pangram/pangram_test.cpp:15
...............................................................................

/home/vpayno/git_vpayno/exercism-workspace/cpp/pangram/pangram_test.cpp:16: PASSED:
  REQUIRE( !pangram::is_pangram( "a quick movement of the enemy will jeopardize five gunboats") )
with expansion:
  true

-------------------------------------------------------------------------------
another_missing_x
-------------------------------------------------------------------------------
/home/vpayno/git_vpayno/exercism-workspace/cpp/pangram/pangram_test.cpp:20
...............................................................................

/home/vpayno/git_vpayno/exercism-workspace/cpp/pangram/pangram_test.cpp:21: PASSED:
  REQUIRE( !pangram::is_pangram("the quick brown fish jumps over the lazy dog") )
with expansion:
  true

-------------------------------------------------------------------------------
pangram_with_underscores
-------------------------------------------------------------------------------
/home/vpayno/git_vpayno/exercism-workspace/cpp/pangram/pangram_test.cpp:25
...............................................................................

/home/vpayno/git_vpayno/exercism-workspace/cpp/pangram/pangram_test.cpp:26: PASSED:
  REQUIRE( pangram::is_pangram("the_quick_brown_fox_jumps_over_the_lazy_dog") )
with expansion:
  true

-------------------------------------------------------------------------------
pangram_with_numbers
-------------------------------------------------------------------------------
/home/vpayno/git_vpayno/exercism-workspace/cpp/pangram/pangram_test.cpp:29
...............................................................................

/home/vpayno/git_vpayno/exercism-workspace/cpp/pangram/pangram_test.cpp:30: PASSED:
  REQUIRE( pangram::is_pangram( "the 1 quick brown fox jumps over the 2 lazy dogs") )
with expansion:
  true

-------------------------------------------------------------------------------
missing_letters_replaced_with_numbers
-------------------------------------------------------------------------------
/home/vpayno/git_vpayno/exercism-workspace/cpp/pangram/pangram_test.cpp:34
...............................................................................

/home/vpayno/git_vpayno/exercism-workspace/cpp/pangram/pangram_test.cpp:35: PASSED:
  REQUIRE( !pangram::is_pangram("7h3 qu1ck brown fox jumps ov3r 7h3 lazy dog") )
with expansion:
  true

-------------------------------------------------------------------------------
pangram_with_mixed_case_and_punctuation
-------------------------------------------------------------------------------
/home/vpayno/git_vpayno/exercism-workspace/cpp/pangram/pangram_test.cpp:39
...............................................................................

/home/vpayno/git_vpayno/exercism-workspace/cpp/pangram/pangram_test.cpp:40: PASSED:
  REQUIRE( pangram::is_pangram("\"Five quacking Zephyrs jolt my wax bed.\"") )
with expansion:
  true

-------------------------------------------------------------------------------
upper_and_lower_should_not_be_counted_separately
-------------------------------------------------------------------------------
/home/vpayno/git_vpayno/exercism-workspace/cpp/pangram/pangram_test.cpp:43
...............................................................................

/home/vpayno/git_vpayno/exercism-workspace/cpp/pangram/pangram_test.cpp:44: PASSED:
  REQUIRE( !pangram::is_pangram("the quick brown fox jumps over with lazy FX") )
with expansion:
  true

===============================================================================
All tests passed (9 assertions in 9 test cases)

make[3]: Leaving directory '/home/vpayno/git_vpayno/exercism-workspace/cpp/pangram/build'
[100%] Built target test_pangram
make[2]: Leaving directory '/home/vpayno/git_vpayno/exercism-workspace/cpp/pangram/build'
make[1]: Leaving directory '/home/vpayno/git_vpayno/exercism-workspace/cpp/pangram/build'

=== All Tests Passed ===

find . -regextype posix-egrep -regex "^.*(tests-main|CompilerId).*[.](gcda|gcno)$" -print -delete
./build/CMakeFiles/3.22.2/CompilerIdCXX/CMakeCXXCompilerId.gcno
./build/CMakeFiles/pangram.dir/test/tests-main.cpp.gcno
./build/CMakeFiles/pangram.dir/test/tests-main.cpp.gcda

find . -regextype posix-egrep -regex "^.*[.](gcda|gcno)15752"

gcovr --print-summary
------------------------------------------------------------------------------
                           GCC Code Coverage Report
Directory: .
------------------------------------------------------------------------------
File                                       Lines    Exec  Cover   Missing
------------------------------------------------------------------------------
pangram.cpp                                   13      13   100%   
pangram_test.cpp                              25      25   100%   
test/catch.hpp                                35      34    97%   2560
------------------------------------------------------------------------------
TOTAL                                         73      72    98%
------------------------------------------------------------------------------
lines: 98.6% (72 out of 73)
branches: 40.7% (66 out of 162)

real	0m9.806s
user	0m9.093s
sys	0m0.710s

===============================================================================

cmake-format --in-place CMakeLists.txt

real	0m0.148s
user	0m0.104s
sys	0m0.047s

===============================================================================

cmake-lint CMakeLists.txt
CMakeLists.txt
==============
CMakeLists.txt:15,06: [C0103] Invalid directory variable name "exercise_cpp" doesn't match `[A-Z][0-9A-Z_]+|_[0-9a-z_]+`
CMakeLists.txt:17,06: [C0103] Invalid directory variable name "exercise_cpp" doesn't match `[A-Z][0-9A-Z_]+|_[0-9a-z_]+`
CMakeLists.txt:61,70: [C0307] Bad indentation:
                                               )
  ^----BodyNode: 1:0->IfBlockNode: 59:0->BodyNode: 59:11->StatementNode: 60:2->TreeNode: 61:70

CMakeLists.txt:66,02: [C0113] Missing COMMENT in statement which allows it

Summary
=======
files scanned: 1
found lint:
  Convention: 4


real	0m0.152s
user	0m0.108s
sys	0m0.046s

===============================================================================

Running: clang-format-16 -style=file -i ./pangram.cpp ./pangram_test.cpp ./pangram.h

real	0m0.020s
user	0m0.010s
sys	0m0.010s

===============================================================================

Running: ../../.github/citools/cpp/clang-check
clang-check-16 --analyze ./pangram.cpp ./pangram_test.cpp ./pangram.h
error: argument unused during compilation: '-stdlib=libstdc++' [-Werror,-Wunused-command-line-argument]
error: invalid argument '-std=c++17' not allowed with 'C'
/home/vpayno/git_vpayno/exercism-workspace/cpp/pangram/pangram.h:4:10: fatal error: 'algorithm' file not found
#include <algorithm>
         ^~~~~~~~~~~
1 error generated.
Error while processing /home/vpayno/git_vpayno/exercism-workspace/cpp/pangram/pangram.h.

real	0m0.673s
user	0m0.629s
sys	0m0.045s


real	0m0.675s
user	0m0.629s
sys	0m0.046s

===============================================================================

Running: ../../.github/citools/cpp/clang-tidy | head -n 100
26401 warnings generated.
63323 warnings generated.
63323 warnings and 3 errors generated.
Error while processing /home/vpayno/git_vpayno/exercism-workspace/cpp/pangram/pangram.h.
Suppressed 63328 warnings (63323 in non-user code, 5 NOLINT).
Use -header-filter=.* to display errors from all non-system headers. Use -system-headers to display errors from system headers as well.
Found compiler error(s).

real	0m8.470s
user	0m8.389s
sys	0m0.080s
Running: clang-tidy-16 ./pangram.cpp ./pangram_test.cpp ./pangram.h
error: invalid argument '-std=c++17' not allowed with 'C' [clang-diagnostic-error]
error: argument unused during compilation: '-stdlib=libstdc++' [clang-diagnostic-unused-command-line-argument]
/home/vpayno/git_vpayno/exercism-workspace/cpp/pangram/pangram.h:4:10: error: 'algorithm' file not found [clang-diagnostic-error]
#include <algorithm>
         ^~~~~~~~~~~


real	0m8.475s
user	0m8.393s
sys	0m0.084s

===============================================================================

