<?xml version='1.0'?> 
<!DOCTYPE coverage SYSTEM "http://cobertura.sourceforge.net/xml/coverage-04.dtd">
<!-- Generated by simplecov-cobertura version 2.1.0 (https://github.com/dashingrocket/simplecov-cobertura) -->
<coverage line-rate="1.0" lines-covered="9" lines-valid="9" complexity="0" version="0" timestamp="1697259978">
  <sources>
    <source>/home/vpayno/git_vpayno/exercism-workspace/ruby/port-palermo</source>
  </sources>
  <packages>
    <package name="port-palermo" line-rate="1.0" complexity="0">
      <classes>
        <class name="port_palermo" filename="port_palermo.rb" line-rate="1.0" complexity="0">
          <methods/>
          <lines>
            <line number="5" hits="1"/>
            <line number="6" hits="1"/>
            <line number="8" hits="1"/>
            <line number="9" hits="3"/>
            <line number="12" hits="1"/>
            <line number="13" hits="4"/>
            <line number="15" hits="4"/>
            <line number="16" hits="2"/>
            <line number="18" hits="2"/>
          </lines>
        </class>
      </classes>
    </package>
  </packages>
</coverage>