<?xml version='1.0'?> 
<!DOCTYPE coverage SYSTEM "http://cobertura.sourceforge.net/xml/coverage-04.dtd">
<!-- Generated by simplecov-cobertura version 2.1.0 (https://github.com/dashingrocket/simplecov-cobertura) -->
<coverage line-rate="1.0" lines-covered="10" lines-valid="10" complexity="0" version="0" timestamp="1698204108">
  <sources>
    <source>/home/vpayno/git_vpayno/exercism-workspace/ruby/sum-of-multiples</source>
  </sources>
  <packages>
    <package name="sum-of-multiples" line-rate="1.0" complexity="0">
      <classes>
        <class name="sum_of_multiples" filename="sum_of_multiples.rb" line-rate="1.0" complexity="0">
          <methods/>
          <lines>
            <line number="5" hits="1"/>
            <line number="6" hits="1"/>
            <line number="7" hits="15"/>
            <line number="9" hits="15"/>
            <line number="12" hits="1"/>
            <line number="13" hits="15"/>
            <line number="15" hits="15"/>
            <line number="16" hits="30"/>
            <line number="17" hits="72950"/>
            <line number="21" hits="15"/>
          </lines>
        </class>
      </classes>
    </package>
  </packages>
</coverage>