<?xml version='1.0'?> 
<!DOCTYPE coverage SYSTEM "http://cobertura.sourceforge.net/xml/coverage-04.dtd">
<!-- Generated by simplecov-cobertura version 2.1.0 (https://github.com/dashingrocket/simplecov-cobertura) -->
<coverage line-rate="1.0" lines-covered="14" lines-valid="14" complexity="0" version="0" timestamp="1698205177">
  <sources>
    <source>/home/vpayno/git_vpayno/exercism-workspace/ruby/sum-of-multiples</source>
  </sources>
  <packages>
    <package name="sum-of-multiples" line-rate="1.0" complexity="0">
      <classes>
        <class name="sum_of_multiples" filename="sum_of_multiples.rb" line-rate="1.0" complexity="0">
          <methods/>
          <lines>
            <line number="3" hits="1"/>
            <line number="7" hits="1"/>
            <line number="8" hits="1"/>
            <line number="9" hits="15"/>
            <line number="11" hits="15"/>
            <line number="14" hits="1"/>
            <line number="15" hits="15"/>
            <line number="17" hits="15"/>
            <line number="18" hits="30"/>
            <line number="21" hits="15"/>
            <line number="24" hits="1"/>
            <line number="25" hits="30"/>
            <line number="26" hits="72950"/>
            <line number="30" hits="1"/>
          </lines>
        </class>
      </classes>
    </package>
  </packages>
</coverage>