SF:/home/vpayno/git_vpayno/exercism-workspace/rust/lucians-luscious-lasagna/src/lib.rs
FN:14,_RNvCs64TD932CmgA_24lucians_luscious_lasagna25remaining_minutes_in_oven
FN:34,_RNvCs64TD932CmgA_24lucians_luscious_lasagna23elapsed_time_in_minutes
FN:23,_RNvCs64TD932CmgA_24lucians_luscious_lasagna27preparation_time_in_minutes
FN:5,_RNvCs64TD932CmgA_24lucians_luscious_lasagna24expected_minutes_in_oven
FN:14,_RNvCs5v432krNK2Q_24lucians_luscious_lasagna25remaining_minutes_in_oven
FN:34,_RNvCs5v432krNK2Q_24lucians_luscious_lasagna23elapsed_time_in_minutes
FN:23,_RNvCs5v432krNK2Q_24lucians_luscious_lasagna27preparation_time_in_minutes
FN:5,_RNvCs5v432krNK2Q_24lucians_luscious_lasagna24expected_minutes_in_oven
FNDA:0,_RNvCs64TD932CmgA_24lucians_luscious_lasagna25remaining_minutes_in_oven
FNDA:0,_RNvCs64TD932CmgA_24lucians_luscious_lasagna23elapsed_time_in_minutes
FNDA:0,_RNvCs64TD932CmgA_24lucians_luscious_lasagna27preparation_time_in_minutes
FNDA:0,_RNvCs64TD932CmgA_24lucians_luscious_lasagna24expected_minutes_in_oven
FNDA:1,_RNvCs5v432krNK2Q_24lucians_luscious_lasagna25remaining_minutes_in_oven
FNDA:2,_RNvCs5v432krNK2Q_24lucians_luscious_lasagna23elapsed_time_in_minutes
FNDA:4,_RNvCs5v432krNK2Q_24lucians_luscious_lasagna27preparation_time_in_minutes
FNDA:2,_RNvCs5v432krNK2Q_24lucians_luscious_lasagna24expected_minutes_in_oven
FNF:4
FNH:4
DA:5,2
DA:6,2
DA:7,2
DA:8,2
DA:9,2
DA:10,2
DA:11,2
DA:12,2
DA:14,1
DA:15,1
DA:16,1
DA:17,1
DA:18,1
DA:19,1
DA:20,1
DA:21,1
DA:23,4
DA:24,4
DA:25,4
DA:26,4
DA:27,4
DA:28,4
DA:29,4
DA:30,4
DA:31,4
DA:32,4
DA:34,2
DA:35,2
DA:36,2
DA:37,2
DA:38,2
DA:39,2
DA:40,2
DA:41,2
DA:42,2
DA:43,2
BRF:0
BRH:0
LF:36
LH:36
end_of_record