<?xml version='1.0'?> 
<!DOCTYPE coverage SYSTEM "http://cobertura.sourceforge.net/xml/coverage-04.dtd">
<!-- Generated by simplecov-cobertura version 2.1.0 (https://github.com/dashingrocket/simplecov-cobertura) -->
<coverage line-rate="0.94" lines-covered="17" lines-valid="18" complexity="0" version="0" timestamp="1697257944">
  <sources>
    <source>/home/vpayno/git_vpayno/exercism-workspace/ruby/assembly-line</source>
  </sources>
  <packages>
    <package name="assembly-line" line-rate="0.94" complexity="0">
      <classes>
        <class name="assembly_line" filename="assembly_line.rb" line-rate="0.94" complexity="0">
          <methods/>
          <lines>
            <line number="5" hits="1"/>
            <line number="6" hits="1"/>
            <line number="8" hits="1"/>
            <line number="10" hits="1"/>
            <line number="11" hits="15"/>
            <line number="14" hits="1"/>
            <line number="15" hits="15"/>
            <line number="16" hits="5"/>
            <line number="17" hits="10"/>
            <line number="18" hits="6"/>
            <line number="19" hits="4"/>
            <line number="20" hits="2"/>
            <line number="21" hits="2"/>
            <line number="22" hits="2"/>
            <line number="24" hits="0"/>
            <line number="27" hits="15"/>
            <line number="30" hits="1"/>
            <line number="31" hits="5"/>
          </lines>
        </class>
      </classes>
    </package>
  </packages>
</coverage>