SF:/home/vpayno/git_vpayno/exercism-workspace/rust/roman-numerals/src/lib.rs
FN:19,_RNvXCsdVpw2EwZy3C_14roman_numeralsNtB2_5RomanNtNtCscS4HM4tpJt3_4core3fmt7Display3fmt
FN:60,_RNvXs_CsdVpw2EwZy3C_14roman_numeralsNtB4_5RomanINtNtCscS4HM4tpJt3_4core7convert4FrommE4from
FN:19,_RNvXCs1WQRRhjsAtd_14roman_numeralsNtB2_5RomanNtNtCscS4HM4tpJt3_4core3fmt7Display3fmt
FN:60,_RNvXs_Cs1WQRRhjsAtd_14roman_numeralsNtB4_5RomanINtNtCscS4HM4tpJt3_4core7convert4FrommE4from
FNDA:18,_RNvXCsdVpw2EwZy3C_14roman_numeralsNtB2_5RomanNtNtCscS4HM4tpJt3_4core3fmt7Display3fmt
FNDA:18,_RNvXs_CsdVpw2EwZy3C_14roman_numeralsNtB4_5RomanINtNtCscS4HM4tpJt3_4core7convert4FrommE4from
FNDA:0,_RNvXCs1WQRRhjsAtd_14roman_numeralsNtB2_5RomanNtNtCscS4HM4tpJt3_4core3fmt7Display3fmt
FNDA:0,_RNvXs_Cs1WQRRhjsAtd_14roman_numeralsNtB4_5RomanINtNtCscS4HM4tpJt3_4core7convert4FrommE4from
FNF:2
FNH:2
DA:19,18
DA:20,18
DA:21,18
DA:22,18
DA:23,18
DA:24,18
DA:25,18
DA:26,18
DA:27,18
DA:28,18
DA:29,18
DA:30,18
DA:31,18
DA:32,18
DA:33,18
DA:34,18
DA:35,18
DA:36,18
DA:39,234
DA:40,234
DA:43,288
DA:45,54
DA:46,54
DA:47,0
DA:51,54
DA:55,18
DA:56,18
DA:60,18
DA:61,18
DA:62,18
BRF:0
BRH:0
LF:30
LH:29
end_of_record