<?xml version='1.0'?> 
<!DOCTYPE coverage SYSTEM "http://cobertura.sourceforge.net/xml/coverage-04.dtd">
<!-- Generated by simplecov-cobertura version 2.1.0 (https://github.com/dashingrocket/simplecov-cobertura) -->
<coverage line-rate="1.0" lines-covered="21" lines-valid="21" complexity="0" version="0" timestamp="1698525013">
  <sources>
    <source>/home/vpayno/git_vpayno/exercism-workspace/ruby/simple-cipher</source>
  </sources>
  <packages>
    <package name="simple-cipher" line-rate="1.0" complexity="0">
      <classes>
        <class name="simple_cipher" filename="simple_cipher.rb" line-rate="1.0" complexity="0">
          <methods/>
          <lines>
            <line number="5" hits="1"/>
            <line number="6" hits="1"/>
            <line number="8" hits="1"/>
            <line number="9" hits="417"/>
            <line number="11" hits="17"/>
            <line number="12" hits="16"/>
            <line number="15" hits="1"/>
            <line number="16" hits="8"/>
            <line number="17" hits="83"/>
            <line number="21" hits="1"/>
            <line number="22" hits="6"/>
            <line number="23" hits="60"/>
            <line number="27" hits="1"/>
            <line number="29" hits="1"/>
            <line number="30" hits="83"/>
            <line number="33" hits="1"/>
            <line number="34" hits="60"/>
            <line number="37" hits="1"/>
            <line number="38" hits="286"/>
            <line number="41" hits="1"/>
            <line number="42" hits="143"/>
          </lines>
        </class>
      </classes>
    </package>
  </packages>
</coverage>