<?xml version='1.0'?> 
<!DOCTYPE coverage SYSTEM "http://cobertura.sourceforge.net/xml/coverage-04.dtd">
<!-- Generated by simplecov-cobertura version 2.1.0 (https://github.com/dashingrocket/simplecov-cobertura) -->
<coverage line-rate="1.0" lines-covered="14" lines-valid="14" complexity="0" version="0" timestamp="1697655980">
  <sources>
    <source>/home/vpayno/git_vpayno/exercism-workspace/ruby/nucleotide-count</source>
  </sources>
  <packages>
    <package name="nucleotide-count" line-rate="1.0" complexity="0">
      <classes>
        <class name="nucleotide_count" filename="nucleotide_count.rb" line-rate="1.0" complexity="0">
          <methods/>
          <lines>
            <line number="5" hits="1"/>
            <line number="6" hits="1"/>
            <line number="7" hits="7"/>
            <line number="10" hits="1"/>
            <line number="11" hits="8"/>
            <line number="12" hits="8"/>
            <line number="14" hits="8"/>
            <line number="16" hits="7"/>
            <line number="19" hits="1"/>
            <line number="20" hits="6"/>
            <line number="23" hits="1"/>
            <line number="24" hits="3"/>
            <line number="26" hits="3"/>
            <line number="27" hits="78"/>
          </lines>
        </class>
      </classes>
    </package>
  </packages>
</coverage>