<?xml version='1.0'?> 
<!DOCTYPE coverage SYSTEM "http://cobertura.sourceforge.net/xml/coverage-04.dtd">
<!-- Generated by simplecov-cobertura version 2.1.0 (https://github.com/dashingrocket/simplecov-cobertura) -->
<coverage line-rate="1.0" lines-covered="13" lines-valid="13" complexity="0" version="0" timestamp="1697689059">
  <sources>
    <source>/home/vpayno/git_vpayno/exercism-workspace/ruby/acronym</source>
  </sources>
  <packages>
    <package name="acronym" line-rate="1.0" complexity="0">
      <classes>
        <class name="acronym" filename="acronym.rb" line-rate="1.0" complexity="0">
          <methods/>
          <lines>
            <line number="5" hits="1"/>
            <line number="6" hits="1"/>
            <line number="7" hits="7"/>
            <line number="9" hits="7"/>
            <line number="10" hits="7"/>
            <line number="11" hits="235"/>
            <line number="12" hits="40"/>
            <line number="13" hits="40"/>
            <line number="14" hits="195"/>
            <line number="15" hits="35"/>
            <line number="16" hits="35"/>
            <line number="18" hits="160"/>
            <line number="22" hits="7"/>
          </lines>
        </class>
      </classes>
    </package>
  </packages>
</coverage>