Running automated test file(s):


===============================================================================

Running: make clean
rm -rf ./build

real	0m0.013s
user	0m0.004s
sys	0m0.009s

===============================================================================

export LDFLAGS="-lgcov --coverage" CXXFLAGS="--coverage"

===============================================================================

Running: make coverage | ansifilter
rm -rf ./build
mkdir -pv ./build
mkdir: created directory './build'

cd ./build; export LDFLAGS="-lgcov --coverage" CXXFLAGS="--coverage"; cmake -DEXERCISM_RUN_ALL_TESTS=1 -DCMAKE_EXPORT_COMPILE_COMMANDS=1 -G 'Unix Makefiles' ../; if make; then printf "\n=== All Tests Passed ===\n"; else printf "\n=== Test Failure ===\n"; false; fi
-- The CXX compiler identification is GNU 10.2.1
-- Detecting CXX compiler ABI info
-- Detecting CXX compiler ABI info - done
-- Check for working CXX compiler: /usr/bin/c++ - skipped
-- Detecting CXX compile features
-- Detecting CXX compile features - done
-- Configuring done
-- Generating done
-- Build files have been written to: /home/vpayno/git_vpayno/exercism-workspace/cpp/making-the-grade/build
make[1]: Entering directory '/home/vpayno/git_vpayno/exercism-workspace/cpp/making-the-grade/build'
make[2]: Entering directory '/home/vpayno/git_vpayno/exercism-workspace/cpp/making-the-grade/build'
make[3]: Entering directory '/home/vpayno/git_vpayno/exercism-workspace/cpp/making-the-grade/build'
make[3]: Leaving directory '/home/vpayno/git_vpayno/exercism-workspace/cpp/making-the-grade/build'
make[3]: Entering directory '/home/vpayno/git_vpayno/exercism-workspace/cpp/making-the-grade/build'
[ 33%] Building CXX object CMakeFiles/making-the-grade.dir/making_the_grade_test.cpp.o
[ 66%] Building CXX object CMakeFiles/making-the-grade.dir/test/tests-main.cpp.o
[100%] Linking CXX executable making-the-grade
make[3]: Leaving directory '/home/vpayno/git_vpayno/exercism-workspace/cpp/making-the-grade/build'
[100%] Built target making-the-grade
make[3]: Entering directory '/home/vpayno/git_vpayno/exercism-workspace/cpp/making-the-grade/build'
make[3]: Leaving directory '/home/vpayno/git_vpayno/exercism-workspace/cpp/making-the-grade/build'
make[3]: Entering directory '/home/vpayno/git_vpayno/exercism-workspace/cpp/making-the-grade/build'

~~~~~~~~~~~~~~~~~~~~~~~~~~~~~~~~~~~~~~~~~~~~~~~~~~~~~~~~~~~~~~~~~~~~~~~~~~~~~~~
making-the-grade is a Catch v2.13.6 host application.
Run with -? for options

-------------------------------------------------------------------------------
Test letter grades: 97
-------------------------------------------------------------------------------
/home/vpayno/git_vpayno/exercism-workspace/cpp/making-the-grade/making_the_grade_test.cpp:95
...............................................................................

/home/vpayno/git_vpayno/exercism-workspace/cpp/making-the-grade/making_the_grade_test.cpp:100: FAILED:
  REQUIRE( expected == actual )
with expansion:
  { 41, 55, 69, 83 } == { 41, 54, 67, 80 }

-------------------------------------------------------------------------------
Test letter grades: 81
-------------------------------------------------------------------------------
/home/vpayno/git_vpayno/exercism-workspace/cpp/making-the-grade/making_the_grade_test.cpp:102
...............................................................................

/home/vpayno/git_vpayno/exercism-workspace/cpp/making-the-grade/making_the_grade_test.cpp:107: FAILED:
  REQUIRE( expected == actual )
with expansion:
  { 41, 51, 61, 71 } == { 41, 50, 59, 68 }

===============================================================================
test cases: 17 | 15 passed | 2 failed
assertions: 17 | 15 passed | 2 failed
make[3]: *** [CMakeFiles/test_making-the-grade.dir/build.make:70: CMakeFiles/test_making-the-grade] Error 2

make[2]: *** [CMakeFiles/Makefile2:111: CMakeFiles/test_making-the-grade.dir/all] Error 2
make[3]: Leaving directory '/home/vpayno/git_vpayno/exercism-workspace/cpp/making-the-grade/build'
make[1]: *** [Makefile:91: all] Error 2
make[2]: Leaving directory '/home/vpayno/git_vpayno/exercism-workspace/cpp/making-the-grade/build'
make[1]: Leaving directory '/home/vpayno/git_vpayno/exercism-workspace/cpp/making-the-grade/build'

make: *** [Makefile:11: test] Error 1
=== Test Failure ===

real	0m10.021s
user	0m9.142s
sys	0m0.873s

===============================================================================

cmake-format --in-place CMakeLists.txt

real	0m0.208s
user	0m0.161s
sys	0m0.047s

===============================================================================

cmake-lint CMakeLists.txt
CMakeLists.txt
==============
CMakeLists.txt:15,06: [C0103] Invalid directory variable name "exercise_cpp" doesn't match `[A-Z][0-9A-Z_]+|_[0-9a-z_]+`
CMakeLists.txt:17,06: [C0103] Invalid directory variable name "exercise_cpp" doesn't match `[A-Z][0-9A-Z_]+|_[0-9a-z_]+`
CMakeLists.txt:66,70: [C0307] Bad indentation:
                                               )
  ^----BodyNode: 1:0->IfBlockNode: 64:0->BodyNode: 64:11->StatementNode: 65:2->TreeNode: 66:70

CMakeLists.txt:71,02: [C0113] Missing COMMENT in statement which allows it

Summary
=======
files scanned: 1
found lint:
  Convention: 4


real	0m0.156s
user	0m0.109s
sys	0m0.046s

===============================================================================

Running: clang-format-16 -style=file -i ./making_the_grade.cpp ./making_the_grade_test.cpp

real	0m0.022s
user	0m0.010s
sys	0m0.012s

===============================================================================

Running: ../../.github/citools/cpp/clang-check
clang-check-16 --analyze ./making_the_grade.cpp ./making_the_grade_test.cpp ./range.hpp

real	0m2.600s
user	0m2.504s
sys	0m0.096s


real	0m2.602s
user	0m2.504s
sys	0m0.099s

===============================================================================

Running: ../../.github/citools/cpp/clang-tidy | head -n 100
28090 warnings generated.
63515 warnings generated.
79669 warnings generated.
Running: clang-tidy-16 ./making_the_grade.cpp ./making_the_grade_test.cpp ./range.hpp
/home/vpayno/git_vpayno/exercism-workspace/cpp/making-the-grade/making_the_grade_test.cpp:1:11: warning: suspicious #include of file with '.cpp' extension [bugprone-suspicious-include]
#include "making_the_grade.cpp"
          ^
/home/vpayno/git_vpayno/exercism-workspace/cpp/making-the-grade/making_the_grade_test.cpp:11:5: warning: variable 'input' of type 'vector<double>' can be declared 'const' [misc-const-correctness]
    vector<double> input{};
    ^
                   const 
/home/vpayno/git_vpayno/exercism-workspace/cpp/making-the-grade/making_the_grade_test.cpp:12:5: warning: variable 'expected' of type 'vector<int>' can be declared 'const' [misc-const-correctness]
    vector<int> expected{};
    ^
                const 
/home/vpayno/git_vpayno/exercism-workspace/cpp/making-the-grade/making_the_grade_test.cpp:13:5: warning: variable 'actual' of type 'vector<int>' can be declared 'const' [misc-const-correctness]
    vector<int> actual = round_down_scores(input);
    ^
                const 
/home/vpayno/git_vpayno/exercism-workspace/cpp/making-the-grade/range.hpp:8:1: warning: nested namespaces can be concatenated [modernize-concat-nested-namespaces]
namespace util { namespace lang {
^~~~~~~~~~~~~~~~~~~~~~~~~~~~~~~
namespace util::lang
/home/vpayno/git_vpayno/exercism-workspace/cpp/making-the-grade/range.hpp:40:7: warning: member variable 'current' has protected visibility [cppcoreguidelines-non-private-member-variables-in-classes,misc-non-private-member-variables-in-classes]
    T current;
      ^
/home/vpayno/git_vpayno/exercism-workspace/cpp/making-the-grade/range.hpp:48:18: warning: 2 adjacent parameters of 'iterator' of similar type ('T') are easily swapped by mistake [bugprone-easily-swappable-parameters]
        iterator(T current, T step)
                 ^~~~~~~~~~~~~~~~~
/home/vpayno/git_vpayno/exercism-workspace/cpp/making-the-grade/range.hpp:48:20: note: the first parameter in the range is 'current'
        iterator(T current, T step)
                   ^~~~~~~
/home/vpayno/git_vpayno/exercism-workspace/cpp/making-the-grade/range.hpp:48:31: note: the last parameter in the range is 'step'
        iterator(T current, T step)
                              ^~~~
/home/vpayno/git_vpayno/exercism-workspace/cpp/making-the-grade/range.hpp:74:11: warning: member variable 'step_' has public visibility [misc-non-private-member-variables-in-classes]
        T step_;
          ^
/home/vpayno/git_vpayno/exercism-workspace/cpp/making-the-grade/range.hpp:84:5: warning: function 'size' should be marked [[nodiscard]] [modernize-use-nodiscard]
    std::size_t size() const { 
    ^
    [[nodiscard]] 
/home/vpayno/git_vpayno/exercism-workspace/cpp/making-the-grade/range.hpp:87:37: warning: statement should be inside braces [readability-braces-around-statements]
            if (begin_.step_ < T{0}) return 0;
                                    ^
                                     {
/home/vpayno/git_vpayno/exercism-workspace/cpp/making-the-grade/range.hpp:90:37: warning: statement should be inside braces [readability-braces-around-statements]
            if (begin_.step_ > T{0}) return 0;
                                    ^
                                     {
/home/vpayno/git_vpayno/exercism-workspace/cpp/making-the-grade/range.hpp:112:5: warning: function 'begin' should be marked [[nodiscard]] [modernize-use-nodiscard]
    iterator begin() const { return begin_; }
    ^
    [[nodiscard]] 
/home/vpayno/git_vpayno/exercism-workspace/cpp/making-the-grade/range.hpp:114:5: warning: function 'end' should be marked [[nodiscard]] [modernize-use-nodiscard]
    iterator end() const { return end_; }
    ^
    [[nodiscard]] 
/home/vpayno/git_vpayno/exercism-workspace/cpp/making-the-grade/range.hpp:116:5: warning: function 'size' should be marked [[nodiscard]] [modernize-use-nodiscard]
    std::size_t size() const { return *end_ - *begin_; }
    ^
    [[nodiscard]] 
/home/vpayno/git_vpayno/exercism-workspace/cpp/making-the-grade/range.hpp:126:18: Suppressed 79648 warnings (79643 in non-user code, 5 NOLINT).
Use -header-filter=.* to display errors from all non-system headers. Use -system-headers to display errors from system headers as well.

real	0m15.144s
user	0m15.034s
sys	0m0.109s
warning: 2 adjacent parameters of 'iterator' of similar type ('T') are easily swapped by mistake [bugprone-easily-swappable-parameters]
        iterator(T current = T(), T step = T())
                 ^~~~~~~~~~~~~~~~~~~~~~~~~~~~~
/home/vpayno/git_vpayno/exercism-workspace/cpp/making-the-grade/range.hpp:126:20: note: the first parameter in the range is 'current'
        iterator(T current = T(), T step = T())
                   ^~~~~~~
/home/vpayno/git_vpayno/exercism-workspace/cpp/making-the-grade/range.hpp:126:37: note: the last parameter in the range is 'step'
        iterator(T current = T(), T step = T())
                                    ^~~~
/home/vpayno/git_vpayno/exercism-workspace/cpp/making-the-grade/range.hpp:142:41: warning: all parameters should be named in a function [readability-named-parameter]
        bool operator ==(iterator const&) const { return false; }
                                        ^
                                         /*unused*/
/home/vpayno/git_vpayno/exercism-workspace/cpp/making-the-grade/range.hpp:144:41: warning: all parameters should be named in a function [readability-named-parameter]
        bool operator !=(iterator const&) const { return true; }
                                        ^
                                         /*unused*/
/home/vpayno/git_vpayno/exercism-workspace/cpp/making-the-grade/range.hpp:165:41: warning: all parameters should be named in a function [readability-named-parameter]
        bool operator ==(iterator const&) const { return false; }
                                        ^
                                         /*unused*/
/home/vpayno/git_vpayno/exercism-workspace/cpp/making-the-grade/range.hpp:167:41: warning: all parameters should be named in a function [readability-named-parameter]
        bool operator !=(iterator const&) const { return true; }
                                        ^
                                         /*unused*/
/home/vpayno/git_vpayno/exercism-workspace/cpp/making-the-grade/range.hpp:219:34: warning: do not declare C-style arrays, use std::array<> instead [cppcoreguidelines-avoid-c-arrays,modernize-avoid-c-arrays]
range_proxy<std::size_t> indices(T (&)[N]) {
                                 ^
/home/vpayno/git_vpayno/exercism-workspace/cpp/making-the-grade/range.hpp:219:38: warning: all parameters should be named in a function [readability-named-parameter]
range_proxy<std::size_t> indices(T (&)[N]) {
                                     ^
                                      /*unused*/


real	0m15.147s
user	0m15.034s
sys	0m0.112s

===============================================================================

