<?xml version='1.0'?> 
<!DOCTYPE coverage SYSTEM "http://cobertura.sourceforge.net/xml/coverage-04.dtd">
<!-- Generated by simplecov-cobertura version 2.1.0 (https://github.com/dashingrocket/simplecov-cobertura) -->
<coverage line-rate="1.0" lines-covered="10" lines-valid="10" complexity="0" version="0" timestamp="1697593667">
  <sources>
    <source>/home/vpayno/git_vpayno/exercism-workspace/ruby/darts</source>
  </sources>
  <packages>
    <package name="darts" line-rate="1.0" complexity="0">
      <classes>
        <class name="darts" filename="darts.rb" line-rate="1.0" complexity="0">
          <methods/>
          <lines>
            <line number="5" hits="1"/>
            <line number="6" hits="1"/>
            <line number="7" hits="13"/>
            <line number="8" hits="13"/>
            <line number="10" hits="13"/>
            <line number="13" hits="1"/>
            <line number="14" hits="13"/>
            <line number="15" hits="9"/>
            <line number="16" hits="5"/>
            <line number="18" hits="2"/>
          </lines>
        </class>
      </classes>
    </package>
  </packages>
</coverage>