<?xml version='1.0'?> 
<!DOCTYPE coverage SYSTEM "http://cobertura.sourceforge.net/xml/coverage-04.dtd">
<!-- Generated by simplecov-cobertura version 2.1.0 (https://github.com/dashingrocket/simplecov-cobertura) -->
<coverage line-rate="1.0" lines-covered="21" lines-valid="21" complexity="0" version="0" timestamp="1698264408">
  <sources>
    <source>/home/vpayno/git_vpayno/exercism-workspace/ruby/microwave</source>
  </sources>
  <packages>
    <package name="microwave" line-rate="1.0" complexity="0">
      <classes>
        <class name="microwave" filename="microwave.rb" line-rate="1.0" complexity="0">
          <methods/>
          <lines>
            <line number="5" hits="1"/>
            <line number="6" hits="1"/>
            <line number="7" hits="11"/>
            <line number="8" hits="11"/>
            <line number="9" hits="11"/>
            <line number="12" hits="1"/>
            <line number="13" hits="11"/>
            <line number="16" hits="1"/>
            <line number="17" hits="5"/>
            <line number="18" hits="5"/>
            <line number="20" hits="5"/>
            <line number="23" hits="1"/>
            <line number="24" hits="6"/>
            <line number="25" hits="6"/>
            <line number="27" hits="6"/>
            <line number="28" hits="1"/>
            <line number="29" hits="1"/>
            <line number="32" hits="6"/>
            <line number="35" hits="1"/>
            <line number="36" hits="11"/>
            <line number="38" hits="6"/>
          </lines>
        </class>
      </classes>
    </package>
  </packages>
</coverage>