SF:/home/vpayno/git_vpayno/exercism-workspace/rust/armstrong-numbers/src/lib.rs
FN:1,_RNvCslYF4zgzl9EP_17armstrong_numbers19is_armstrong_number
FN:1,_RNvCs88d671SGeHL_17armstrong_numbers19is_armstrong_number
FNDA:0,_RNvCslYF4zgzl9EP_17armstrong_numbers19is_armstrong_number
FNDA:13,_RNvCs88d671SGeHL_17armstrong_numbers19is_armstrong_number
FNF:1
FNH:1
DA:1,13
DA:2,13
DA:3,2
DA:4,11
DA:5,11
DA:6,11
DA:7,11
DA:8,11
DA:9,11
DA:11,79
DA:12,68
DA:13,68
DA:14,68
DA:15,514
DA:16,514
DA:17,514
DA:19,68
DA:20,68
DA:23,11
DA:24,13
BRF:0
BRH:0
LF:20
LH:20
end_of_record