SF:/home/vpayno/git_vpayno/exercism-workspace/rust/armstrong-numbers/src/lib.rs
FN:1,_RNvCs33CjkDrwWYp_17armstrong_numbers19is_armstrong_number
FN:1,_RNvCsjnfs2aByE9r_17armstrong_numbers19is_armstrong_number
FNDA:0,_RNvCs33CjkDrwWYp_17armstrong_numbers19is_armstrong_number
FNDA:13,_RNvCsjnfs2aByE9r_17armstrong_numbers19is_armstrong_number
FNF:1
FNH:1
DA:1,13
DA:2,13
DA:3,2
DA:4,11
DA:5,11
DA:6,11
DA:7,11
DA:8,11
DA:9,11
DA:11,79
DA:12,68
DA:13,68
DA:14,68
DA:15,68
DA:16,68
DA:18,11
DA:19,13
BRF:0
BRH:0
LF:17
LH:17
end_of_record