<?xml version='1.0'?> 
<!DOCTYPE coverage SYSTEM "http://cobertura.sourceforge.net/xml/coverage-04.dtd">
<!-- Generated by simplecov-cobertura version 2.1.0 (https://github.com/dashingrocket/simplecov-cobertura) -->
<coverage line-rate="0.94" lines-covered="17" lines-valid="18" complexity="0" version="0" timestamp="1698159713">
  <sources>
    <source>/home/vpayno/git_vpayno/exercism-workspace/ruby/perfect-numbers</source>
  </sources>
  <packages>
    <package name="perfect-numbers" line-rate="0.94" complexity="0">
      <classes>
        <class name="perfect_numbers" filename="perfect_numbers.rb" line-rate="0.94" complexity="0">
          <methods/>
          <lines>
            <line number="5" hits="1"/>
            <line number="6" hits="1"/>
            <line number="7" hits="1"/>
            <line number="8" hits="3"/>
            <line number="11" hits="1"/>
            <line number="12" hits="0"/>
            <line number="16" hits="1"/>
            <line number="17" hits="1"/>
            <line number="18" hits="1"/>
            <line number="20" hits="1"/>
            <line number="21" hits="4"/>
            <line number="23" hits="3"/>
            <line number="24" hits="47"/>
            <line number="27" hits="3"/>
            <line number="28" hits="1"/>
            <line number="29" hits="2"/>
            <line number="30" hits="1"/>
            <line number="32" hits="1"/>
          </lines>
        </class>
      </classes>
    </package>
  </packages>
</coverage>