<?xml version="1.0" ?>
<coverage branch-rate="0" branches-covered="0" branches-valid="0" complexity="0" line-rate="0.4286" lines-covered="3" lines-valid="7" timestamp="1713236661829" version="4.5.4">
	<!-- Generated by coverage.py: https://coverage.readthedocs.io -->
	<!-- Based on https://raw.githubusercontent.com/cobertura/web/master/htdocs/xml/coverage-04.dtd -->
	<sources>
		<source>/home/vpayno/git_vpayno/exercism-workspace/vimscript/difference-of-squares</source>
	</sources>
	<packages>
		<package branch-rate="0" complexity="0" line-rate="0.4286" name=".">
			<classes>
				<class branch-rate="0" complexity="0" filename="difference_of_squares.vim" line-rate="0.4286" name="difference_of_squares.vim">
					<methods/>
					<lines>
						<line hits="1" number="14"/>
						<line hits="0" number="15"/>
						<line hits="1" number="18"/>
						<line hits="0" number="19"/>
						<line hits="0" number="21"/>
						<line hits="1" number="24"/>
						<line hits="0" number="25"/>
					</lines>
				</class>
			</classes>
		</package>
	</packages>
</coverage>
