<?xml version='1.0'?> 
<!DOCTYPE coverage SYSTEM "http://cobertura.sourceforge.net/xml/coverage-04.dtd">
<!-- Generated by simplecov-cobertura version 2.1.0 (https://github.com/dashingrocket/simplecov-cobertura) -->
<coverage line-rate="1.0" lines-covered="7" lines-valid="7" complexity="0" version="0" timestamp="1697768980">
  <sources>
    <source>/home/vpayno/git_vpayno/exercism-workspace/ruby/etl</source>
  </sources>
  <packages>
    <package name="etl" line-rate="1.0" complexity="0">
      <classes>
        <class name="etl" filename="etl.rb" line-rate="1.0" complexity="0">
          <methods/>
          <lines>
            <line number="5" hits="1"/>
            <line number="6" hits="1"/>
            <line number="7" hits="4"/>
            <line number="9" hits="4"/>
            <line number="10" hits="11"/>
            <line number="11" hits="36"/>
            <line number="15" hits="4"/>
          </lines>
        </class>
      </classes>
    </package>
  </packages>
</coverage>