SF:/home/vpayno/git_vpayno/exercism-workspace/rust/pangram/src/lib.rs
FN:36,_RNCNvCsacmUQbCD8Lr_7pangram10is_pangram0B3_
FN:21,_RNvCsacmUQbCD8Lr_7pangram10is_pangram
FN:36,_RNCNvCsc9T2m0dOBNG_7pangram10is_pangram0B3_
FN:21,_RNvCsc9T2m0dOBNG_7pangram10is_pangram
FNDA:0,_RNCNvCsacmUQbCD8Lr_7pangram10is_pangram0B3_
FNDA:0,_RNvCsacmUQbCD8Lr_7pangram10is_pangram
FNDA:425,_RNCNvCsc9T2m0dOBNG_7pangram10is_pangram0B3_
FNDA:10,_RNvCsc9T2m0dOBNG_7pangram10is_pangram
FNF:2
FNH:2
DA:21,10
DA:22,10
DA:23,10
DA:24,1
DA:25,9
DA:26,9
DA:27,9
DA:28,0
DA:29,9
DA:30,9
DA:31,9
DA:32,9
DA:33,9
DA:34,9
DA:35,9
DA:36,425
DA:37,9
DA:38,9
DA:39,9
DA:40,9
DA:41,9
DA:42,9
DA:43,9
DA:44,10
BRF:0
BRH:0
LF:25
LH:24
end_of_record