<?xml version="1.0" ?>
<coverage branch-rate="0" branches-covered="0" branches-valid="0" complexity="0" line-rate="0.2" lines-covered="1" lines-valid="5" timestamp="1712851156142" version="4.5.4">
	<!-- Generated by coverage.py: https://coverage.readthedocs.io -->
	<!-- Based on https://raw.githubusercontent.com/cobertura/web/master/htdocs/xml/coverage-04.dtd -->
	<sources>
		<source>/home/vpayno/git_vpayno/exercism-workspace/vimscript/reverse-string</source>
	</sources>
	<packages>
		<package branch-rate="0" complexity="0" line-rate="0.2" name=".">
			<classes>
				<class branch-rate="0" complexity="0" filename="reverse_string.vim" line-rate="0.2" name="reverse_string.vim">
					<methods/>
					<lines>
						<line hits="1" number="9"/>
						<line hits="0" number="10"/>
						<line hits="0" number="12"/>
						<line hits="0" number="13"/>
						<line hits="0" number="16"/>
					</lines>
				</class>
			</classes>
		</package>
	</packages>
</coverage>
