<?xml version='1.0'?> 
<!DOCTYPE coverage SYSTEM "http://cobertura.sourceforge.net/xml/coverage-04.dtd">
<!-- Generated by simplecov-cobertura version 2.1.0 (https://github.com/dashingrocket/simplecov-cobertura) -->
<coverage line-rate="1.0" lines-covered="7" lines-valid="7" complexity="0" version="0" timestamp="1697596390">
  <sources>
    <source>/home/vpayno/git_vpayno/exercism-workspace/ruby/isogram</source>
  </sources>
  <packages>
    <package name="isogram" line-rate="1.0" complexity="0">
      <classes>
        <class name="isogram" filename="isogram.rb" line-rate="1.0" complexity="0">
          <methods/>
          <lines>
            <line number="5" hits="1"/>
            <line number="6" hits="1"/>
            <line number="7" hits="14"/>
            <line number="9" hits="14"/>
            <line number="10" hits="13"/>
            <line number="12" hits="13"/>
            <line number="14" hits="13"/>
          </lines>
        </class>
      </classes>
    </package>
  </packages>
</coverage>