SF:/home/vpayno/git_vpayno/exercism-workspace/rust/difference-of-squares/src/lib.rs
FN:29,_RNvCs57wrvcbPN3C_21difference_of_squares14sum_of_squares
FN:14,_RNvCs57wrvcbPN3C_21difference_of_squares13square_of_sum
FN:44,_RNvCs57wrvcbPN3C_21difference_of_squares10difference
FN:29,_RNvCsegdVRT39EuS_21difference_of_squares14sum_of_squares
FN:14,_RNvCsegdVRT39EuS_21difference_of_squares13square_of_sum
FN:44,_RNvCsegdVRT39EuS_21difference_of_squares10difference
FNDA:6,_RNvCs57wrvcbPN3C_21difference_of_squares14sum_of_squares
FNDA:6,_RNvCs57wrvcbPN3C_21difference_of_squares13square_of_sum
FNDA:3,_RNvCs57wrvcbPN3C_21difference_of_squares10difference
FNDA:0,_RNvCsegdVRT39EuS_21difference_of_squares14sum_of_squares
FNDA:0,_RNvCsegdVRT39EuS_21difference_of_squares13square_of_sum
FNDA:0,_RNvCsegdVRT39EuS_21difference_of_squares10difference
FNF:3
FNH:3
DA:14,6
DA:15,6
DA:16,6
DA:29,6
DA:30,6
DA:31,6
DA:44,3
DA:45,3
DA:46,3
BRF:0
BRH:0
LF:9
LH:9
end_of_record