SF:/home/vpayno/git_vpayno/exercism-workspace/rust/difference-of-squares/src/lib.rs
FN:33,_RNvCs57wrvcbPN3C_21difference_of_squares14sum_of_squares
FN:16,_RNvCs57wrvcbPN3C_21difference_of_squares13square_of_sum
FN:50,_RNvCs57wrvcbPN3C_21difference_of_squares10difference
FN:33,_RNvCsegdVRT39EuS_21difference_of_squares14sum_of_squares
FN:16,_RNvCsegdVRT39EuS_21difference_of_squares13square_of_sum
FN:50,_RNvCsegdVRT39EuS_21difference_of_squares10difference
FNDA:6,_RNvCs57wrvcbPN3C_21difference_of_squares14sum_of_squares
FNDA:6,_RNvCs57wrvcbPN3C_21difference_of_squares13square_of_sum
FNDA:3,_RNvCs57wrvcbPN3C_21difference_of_squares10difference
FNDA:0,_RNvCsegdVRT39EuS_21difference_of_squares14sum_of_squares
FNDA:0,_RNvCsegdVRT39EuS_21difference_of_squares13square_of_sum
FNDA:0,_RNvCsegdVRT39EuS_21difference_of_squares10difference
FNF:3
FNH:3
DA:16,6
DA:17,6
DA:18,6
DA:33,6
DA:34,6
DA:35,6
DA:50,3
DA:51,3
DA:52,3
BRF:0
BRH:0
LF:9
LH:9
end_of_record