SF:/home/vpayno/git_vpayno/exercism-workspace/rust/scrabble-score/src/lib.rs
FN:17,_RNvCs79BUjFEWKJc_14scrabble_score12score_letter
FN:13,_RNvCs79BUjFEWKJc_14scrabble_score5score
FN:17,_RNvCsbMWSh2o9WLG_14scrabble_score12score_letter
FN:13,_RNvCsbMWSh2o9WLG_14scrabble_score5score
FNDA:86,_RNvCs79BUjFEWKJc_14scrabble_score12score_letter
FNDA:14,_RNvCs79BUjFEWKJc_14scrabble_score5score
FNDA:0,_RNvCsbMWSh2o9WLG_14scrabble_score12score_letter
FNDA:0,_RNvCsbMWSh2o9WLG_14scrabble_score5score
FNF:2
FNH:2
DA:13,14
DA:14,14
DA:15,14
DA:17,86
DA:18,86
DA:19,55
DA:20,2
DA:21,8
DA:22,9
DA:23,2
DA:24,3
DA:25,5
DA:26,2
DA:28,86
BRF:0
BRH:0
LF:14
LH:14
end_of_record