SF:/home/vpayno/git_vpayno/exercism-workspace/rust/scrabble-score/src/lib.rs
FN:17,_RNCNvCsbE52QhvtJFr_14scrabble_score5score0B3_
FN:13,_RNvCsbE52QhvtJFr_14scrabble_score5score
FN:17,_RNCNvCsfA8C7faOhHu_14scrabble_score5score0B3_
FN:13,_RNvCsfA8C7faOhHu_14scrabble_score5score
FNDA:86,_RNCNvCsbE52QhvtJFr_14scrabble_score5score0B3_
FNDA:14,_RNvCsbE52QhvtJFr_14scrabble_score5score
FNDA:0,_RNCNvCsfA8C7faOhHu_14scrabble_score5score0B3_
FNDA:0,_RNvCsfA8C7faOhHu_14scrabble_score5score
FNF:2
FNH:2
DA:13,14
DA:14,14
DA:15,14
DA:16,14
DA:17,86
DA:18,55
DA:19,2
DA:20,8
DA:21,9
DA:22,2
DA:23,3
DA:24,5
DA:25,2
DA:26,86
DA:27,14
DA:28,14
BRF:0
BRH:0
LF:18
LH:18
end_of_record