Running automated test file(s):


===============================================================================

Running: make clean
rm -rf ./build

real	0m0.011s
user	0m0.003s
sys	0m0.007s

===============================================================================

export LDFLAGS="-lgcov --coverage" CXXFLAGS="--coverage"

===============================================================================

Running: make coverage | ansifilter
rm -rf ./build
mkdir -pv ./build
mkdir: created directory './build'

cd ./build; export LDFLAGS="-lgcov --coverage" CXXFLAGS="--coverage"; cmake -DEXERCISM_RUN_ALL_TESTS=1 -DCMAKE_EXPORT_COMPILE_COMMANDS=1 -G 'Unix Makefiles' ../; if make; then printf "\n=== All Tests Passed ===\n"; else printf "\n=== Test Failure ===\n"; false; fi
-- The CXX compiler identification is GNU 10.2.1
-- Detecting CXX compiler ABI info
-- Detecting CXX compiler ABI info - done
-- Check for working CXX compiler: /usr/bin/c++ - skipped
-- Detecting CXX compile features
-- Detecting CXX compile features - done
-- Configuring done
-- Generating done
-- Build files have been written to: /home/vpayno/git_vpayno/exercism-workspace/cpp/trinary/build
make[1]: Entering directory '/home/vpayno/git_vpayno/exercism-workspace/cpp/trinary/build'
make[2]: Entering directory '/home/vpayno/git_vpayno/exercism-workspace/cpp/trinary/build'
make[3]: Entering directory '/home/vpayno/git_vpayno/exercism-workspace/cpp/trinary/build'
make[3]: Leaving directory '/home/vpayno/git_vpayno/exercism-workspace/cpp/trinary/build'
make[3]: Entering directory '/home/vpayno/git_vpayno/exercism-workspace/cpp/trinary/build'
[ 25%] Building CXX object CMakeFiles/trinary.dir/trinary_test.cpp.o
[ 50%] Building CXX object CMakeFiles/trinary.dir/trinary.cpp.o
[ 75%] Building CXX object CMakeFiles/trinary.dir/test/tests-main.cpp.o
[100%] Linking CXX executable trinary
make[3]: Leaving directory '/home/vpayno/git_vpayno/exercism-workspace/cpp/trinary/build'
[100%] Built target trinary
make[3]: Entering directory '/home/vpayno/git_vpayno/exercism-workspace/cpp/trinary/build'
make[3]: Leaving directory '/home/vpayno/git_vpayno/exercism-workspace/cpp/trinary/build'
make[3]: Entering directory '/home/vpayno/git_vpayno/exercism-workspace/cpp/trinary/build'
===============================================================================
All tests passed (9 assertions in 9 test cases)

make[3]: Leaving directory '/home/vpayno/git_vpayno/exercism-workspace/cpp/trinary/build'
[100%] Built target test_trinary
make[2]: Leaving directory '/home/vpayno/git_vpayno/exercism-workspace/cpp/trinary/build'
make[1]: Leaving directory '/home/vpayno/git_vpayno/exercism-workspace/cpp/trinary/build'

=== All Tests Passed ===

find . -regextype posix-egrep -regex "^.*(tests-main|CompilerId).*[.](gcda|gcno)$" -print -delete
./build/CMakeFiles/3.22.2/CompilerIdCXX/CMakeCXXCompilerId.gcno
./build/CMakeFiles/trinary.dir/test/tests-main.cpp.gcno
./build/CMakeFiles/trinary.dir/test/tests-main.cpp.gcda

find . -regextype posix-egrep -regex "^.*[.](gcda|gcno)31575"

gcovr --print-summary
------------------------------------------------------------------------------
                           GCC Code Coverage Report
Directory: .
------------------------------------------------------------------------------
File                                       Lines    Exec  Cover   Missing
------------------------------------------------------------------------------
test/catch.hpp                                32      27    84%   1642-1643,2227,2229,2560
trinary.cpp                                   12      12   100%   
trinary_test.cpp                              27      27   100%   
------------------------------------------------------------------------------
TOTAL                                         71      66    93%
------------------------------------------------------------------------------
lines: 93.0% (66 out of 71)
branches: 39.4% (71 out of 180)

real	0m12.260s
user	0m11.194s
sys	0m1.040s

===============================================================================

cmake-format --in-place CMakeLists.txt

real	0m0.153s
user	0m0.110s
sys	0m0.043s

===============================================================================

cmake-lint CMakeLists.txt
CMakeLists.txt
==============
CMakeLists.txt:15,06: [C0103] Invalid directory variable name "exercise_cpp" doesn't match `[A-Z][0-9A-Z_]+|_[0-9a-z_]+`
CMakeLists.txt:17,06: [C0103] Invalid directory variable name "exercise_cpp" doesn't match `[A-Z][0-9A-Z_]+|_[0-9a-z_]+`
CMakeLists.txt:61,70: [C0307] Bad indentation:
                                               )
  ^----BodyNode: 1:0->IfBlockNode: 59:0->BodyNode: 59:11->StatementNode: 60:2->TreeNode: 61:70

CMakeLists.txt:66,02: [C0113] Missing COMMENT in statement which allows it

Summary
=======
files scanned: 1
found lint:
  Convention: 4


real	0m0.176s
user	0m0.129s
sys	0m0.045s

===============================================================================

Running: clang-format-16 -style=file -i ./trinary.cpp ./trinary_test.cpp ./trinary.h

real	0m0.024s
user	0m0.013s
sys	0m0.010s

===============================================================================

Running: ../../.github/citools/cpp/clang-check
clang-check-16 --analyze ./trinary.cpp ./trinary_test.cpp ./trinary.h
error: argument unused during compilation: '-stdlib=libstdc++' [-Werror,-Wunused-command-line-argument]
error: invalid argument '-std=c++17' not allowed with 'C'
/home/vpayno/git_vpayno/exercism-workspace/cpp/trinary/trinary.h:4:10: fatal error: 'cmath' file not found
#include <cmath>
         ^~~~~~~
1 error generated.
Error while processing /home/vpayno/git_vpayno/exercism-workspace/cpp/trinary/trinary.h.

real	0m3.260s
user	0m3.149s
sys	0m0.110s


real	0m3.261s
user	0m3.149s
sys	0m0.112s

===============================================================================

Running: ../../.github/citools/cpp/clang-tidy | head -n 100
40226 warnings generated.
84427 warnings generated.
84429 warnings and 3 errors generated.
Error while processing /home/vpayno/git_vpayno/exercism-workspace/cpp/trinary/trinary.h.
Suppressed 84432 warnings (84427 in non-user code, 5 NOLINT).
Use -header-filter=.* to display errors from all non-system headers. Use -system-headers to display errors from system headers as well.
Found compiler error(s).

real	0m19.965s
user	0m19.805s
sys	0m0.160s
Running: clang-tidy-16 ./trinary.cpp ./trinary_test.cpp ./trinary.h
error: invalid argument '-std=c++17' not allowed with 'C' [clang-diagnostic-error]
error: argument unused during compilation: '-stdlib=libstdc++' [clang-diagnostic-unused-command-line-argument]
/home/vpayno/git_vpayno/exercism-workspace/cpp/trinary/trinary.h:4:10: error: 'cmath' file not found [clang-diagnostic-error]
#include <cmath>
         ^~~~~~~
/home/vpayno/git_vpayno/exercism-workspace/cpp/trinary/trinary.h:11:5: warning: variable 'to_decimal' is non-const and globally accessible, consider making it const [cppcoreguidelines-avoid-non-const-global-variables]
int to_decimal(std::string trinary);
    ^
/home/vpayno/git_vpayno/exercism-workspace/cpp/trinary/trinary.h:13:6: warning: variable 'is_valid_input' is non-const and globally accessible, consider making it const [cppcoreguidelines-avoid-non-const-global-variables]
bool is_valid_input(std::string trinary);
     ^


real	0m19.968s
user	0m19.807s
sys	0m0.163s

===============================================================================

