<?xml version='1.0'?> 
<!DOCTYPE coverage SYSTEM "http://cobertura.sourceforge.net/xml/coverage-04.dtd">
<!-- Generated by simplecov-cobertura version 2.1.0 (https://github.com/dashingrocket/simplecov-cobertura) -->
<coverage line-rate="1.0" lines-covered="16" lines-valid="16" complexity="0" version="0" timestamp="1697412837">
  <sources>
    <source>/home/vpayno/git_vpayno/exercism-workspace/ruby/raindrops</source>
  </sources>
  <packages>
    <package name="raindrops" line-rate="1.0" complexity="0">
      <classes>
        <class name="raindrops" filename="raindrops.rb" line-rate="1.0" complexity="0">
          <methods/>
          <lines>
            <line number="5" hits="1"/>
            <line number="6" hits="1"/>
            <line number="7" hits="18"/>
            <line number="12" hits="1"/>
            <line number="13" hits="1"/>
            <line number="14" hits="18"/>
            <line number="17" hits="1"/>
            <line number="18" hits="18"/>
            <line number="21" hits="1"/>
            <line number="22" hits="18"/>
            <line number="27" hits="1"/>
            <line number="28" hits="18"/>
            <line number="29" hits="18"/>
            <line number="30" hits="18"/>
            <line number="32" hits="18"/>
            <line number="34" hits="18"/>
          </lines>
        </class>
      </classes>
    </package>
  </packages>
</coverage>