SF:/home/vpayno/git_vpayno/exercism-workspace/rust/perfect-numbers/src/lib.rs
FN:1,_RNvXs0_CshU4NEG0KGoF_15perfect_numbersNtB5_14ClassificationNtNtCs8zepCCxJ8Q4_4core3cmp9PartialEq2eqB5_
FN:1,_RNvXCshU4NEG0KGoF_15perfect_numbersNtB2_14ClassificationNtNtCs8zepCCxJ8Q4_4core3fmt5Debug3fmt
FN:57,_RNvCshU4NEG0KGoF_15perfect_numbers8classify
FN:1,_RNvXs0_Cscb4KXbkaF77_15perfect_numbersNtB5_14ClassificationNtNtCs8zepCCxJ8Q4_4core3cmp9PartialEq2eqCsfVn1n8yW6ma_15perfect_numbers
FN:1,_RNvXs0_Cscb4KXbkaF77_15perfect_numbersNtB5_14ClassificationNtNtCs8zepCCxJ8Q4_4core3cmp9PartialEq2eqB5_
FN:57,_RNvCscb4KXbkaF77_15perfect_numbers8classify
FN:1,_RNvXCscb4KXbkaF77_15perfect_numbersNtB2_14ClassificationNtNtCs8zepCCxJ8Q4_4core3fmt5Debug3fmt
FNDA:0,_RNvXs0_CshU4NEG0KGoF_15perfect_numbersNtB5_14ClassificationNtNtCs8zepCCxJ8Q4_4core3cmp9PartialEq2eqB5_
FNDA:0,_RNvXCshU4NEG0KGoF_15perfect_numbersNtB2_14ClassificationNtNtCs8zepCCxJ8Q4_4core3fmt5Debug3fmt
FNDA:0,_RNvCshU4NEG0KGoF_15perfect_numbers8classify
FNDA:11,_RNvXs0_Cscb4KXbkaF77_15perfect_numbersNtB5_14ClassificationNtNtCs8zepCCxJ8Q4_4core3cmp9PartialEq2eqCsfVn1n8yW6ma_15perfect_numbers
FNDA:0,_RNvXs0_Cscb4KXbkaF77_15perfect_numbersNtB5_14ClassificationNtNtCs8zepCCxJ8Q4_4core3cmp9PartialEq2eqB5_
FNDA:12,_RNvCscb4KXbkaF77_15perfect_numbers8classify
FNDA:0,_RNvXCscb4KXbkaF77_15perfect_numbersNtB2_14ClassificationNtNtCs8zepCCxJ8Q4_4core3fmt5Debug3fmt
FNF:3
FNH:2
DA:1,11
DA:57,12
DA:58,12
DA:59,1
DA:60,11
DA:61,11
DA:62,11
DA:63,11
DA:64,11
DA:66,100651123
DA:67,100651112
DA:68,117
DA:69,100650995
DA:71,100651112
DA:74,11
DA:75,11
DA:76,11
DA:77,11
DA:78,8
DA:79,3
DA:81,12
BRF:0
BRH:0
LF:22
LH:21
end_of_record