<?xml version='1.0'?> 
<!DOCTYPE coverage SYSTEM "http://cobertura.sourceforge.net/xml/coverage-04.dtd">
<!-- Generated by simplecov-cobertura version 2.1.0 (https://github.com/dashingrocket/simplecov-cobertura) -->
<coverage line-rate="1.0" lines-covered="5" lines-valid="5" complexity="0" version="0" timestamp="1697597381">
  <sources>
    <source>/home/vpayno/git_vpayno/exercism-workspace/ruby/pangram</source>
  </sources>
  <packages>
    <package name="pangram" line-rate="1.0" complexity="0">
      <classes>
        <class name="pangram" filename="pangram.rb" line-rate="1.0" complexity="0">
          <methods/>
          <lines>
            <line number="5" hits="1"/>
            <line number="6" hits="1"/>
            <line number="7" hits="10"/>
            <line number="8" hits="241"/>
            <line number="10" hits="10"/>
          </lines>
        </class>
      </classes>
    </package>
  </packages>
</coverage>