<?xml version='1.0'?> 
<!DOCTYPE coverage SYSTEM "http://cobertura.sourceforge.net/xml/coverage-04.dtd">
<!-- Generated by simplecov-cobertura version 2.1.0 (https://github.com/dashingrocket/simplecov-cobertura) -->
<coverage line-rate="1.0" lines-covered="28" lines-valid="28" complexity="0" version="0" timestamp="1698003424">
  <sources>
    <source>/home/vpayno/git_vpayno/exercism-workspace/ruby/nth-prime</source>
  </sources>
  <packages>
    <package name="nth-prime" line-rate="1.0" complexity="0">
      <classes>
        <class name="nth_prime" filename="nth_prime.rb" line-rate="1.0" complexity="0">
          <methods/>
          <lines>
            <line number="5" hits="1"/>
            <line number="6" hits="1"/>
            <line number="8" hits="1"/>
            <line number="9" hits="5"/>
            <line number="10" hits="4"/>
            <line number="11" hits="3"/>
            <line number="13" hits="2"/>
            <line number="16" hits="1"/>
            <line number="17" hits="2"/>
            <line number="18" hits="2"/>
            <line number="20" hits="2"/>
            <line number="21" hits="2"/>
            <line number="23" hits="2"/>
            <line number="24" hits="2000004"/>
            <line number="25" hits="2"/>
            <line number="26" hits="2"/>
            <line number="28" hits="2"/>
            <line number="29" hits="999998"/>
            <line number="30" hits="999998"/>
            <line number="32" hits="156994"/>
            <line number="33" hits="4781336"/>
            <line number="34" hits="4467348"/>
            <line number="35" hits="4467348"/>
            <line number="36" hits="4467348"/>
            <line number="40" hits="2"/>
            <line number="41" hits="2"/>
            <line number="42" hits="2000002"/>
            <line number="45" hits="2"/>
          </lines>
        </class>
      </classes>
    </package>
  </packages>
</coverage>