<?xml version='1.0'?> 
<!DOCTYPE coverage SYSTEM "http://cobertura.sourceforge.net/xml/coverage-04.dtd">
<!-- Generated by simplecov-cobertura version 2.1.0 (https://github.com/dashingrocket/simplecov-cobertura) -->
<coverage line-rate="1.0" lines-covered="9" lines-valid="9" complexity="0" version="0" timestamp="1697174380">
  <sources>
    <source>/home/vpayno/git_vpayno/exercism-workspace/ruby/lasagna</source>
  </sources>
  <packages>
    <package name="lasagna" line-rate="1.0" complexity="0">
      <classes>
        <class name="lasagna" filename="lasagna.rb" line-rate="1.0" complexity="0">
          <methods/>
          <lines>
            <line number="5" hits="1"/>
            <line number="6" hits="1"/>
            <line number="7" hits="1"/>
            <line number="9" hits="1"/>
            <line number="10" hits="1"/>
            <line number="13" hits="1"/>
            <line number="14" hits="4"/>
            <line number="17" hits="1"/>
            <line number="18" hits="2"/>
          </lines>
        </class>
      </classes>
    </package>
  </packages>
</coverage>