<?xml version="1.0" ?>
<coverage branch-rate="0" branches-covered="0" branches-valid="0" complexity="0" line-rate="0.09091" lines-covered="1" lines-valid="11" timestamp="1712623655231" version="4.5.4">
	<!-- Generated by coverage.py: https://coverage.readthedocs.io -->
	<!-- Based on https://raw.githubusercontent.com/cobertura/web/master/htdocs/xml/coverage-04.dtd -->
	<sources>
		<source>/home/vpayno/git_vpayno/exercism-workspace/vimscript/raindrops</source>
	</sources>
	<packages>
		<package branch-rate="0" complexity="0" line-rate="0.09091" name=".">
			<classes>
				<class branch-rate="0" complexity="0" filename="raindrops.vim" line-rate="0.09091" name="raindrops.vim">
					<methods/>
					<lines>
						<line hits="1" number="16"/>
						<line hits="0" number="17"/>
						<line hits="0" number="19"/>
						<line hits="0" number="20"/>
						<line hits="0" number="23"/>
						<line hits="0" number="24"/>
						<line hits="0" number="27"/>
						<line hits="0" number="28"/>
						<line hits="0" number="31"/>
						<line hits="0" number="32"/>
						<line hits="0" number="35"/>
					</lines>
				</class>
			</classes>
		</package>
	</packages>
</coverage>
