<?xml version="1.0" ?>
<coverage version="7.4.0" timestamp="1705509894245" lines-valid="84" lines-covered="82" line-rate="0.9762" branches-valid="13" branches-covered="9" branch-rate="0.6923" complexity="0">
	<!-- Generated by coverage.py: https://coverage.readthedocs.io/en/7.4.0 -->
	<!-- Based on https://raw.githubusercontent.com/cobertura/web/master/htdocs/xml/coverage-04.dtd -->
	<sources>
		<source>/home/vpayno/git_vpayno/exercism-workspace/python/cater-waiter</source>
	</sources>
	<packages>
		<package name="." line-rate="0.9762" branch-rate="0.6923" complexity="0">
			<classes>
				<class name="sets.py" filename="sets.py" complexity="0" line-rate="0.931" branch-rate="0.7778">
					<methods/>
					<lines>
						<line number="4" hits="1"/>
						<line number="6" hits="1"/>
						<line number="7" hits="1"/>
						<line number="9" hits="1"/>
						<line number="10" hits="1"/>
						<line number="13" hits="1"/>
						<line number="24" hits="1"/>
						<line number="27" hits="1"/>
						<line number="39" hits="1" branch="true" condition-coverage="100% (3/3)"/>
						<line number="40" hits="1"/>
						<line number="42" hits="1"/>
						<line number="45" hits="1"/>
						<line number="58" hits="1"/>
						<line number="69" hits="1" branch="true" condition-coverage="50% (1/2)" missing-branches="73"/>
						<line number="70" hits="1" branch="true" condition-coverage="100% (2/2)"/>
						<line number="71" hits="1"/>
						<line number="73" hits="0"/>
						<line number="76" hits="1"/>
						<line number="86" hits="1"/>
						<line number="89" hits="1" branch="true" condition-coverage="50% (1/2)" missing-branches="92"/>
						<line number="90" hits="1"/>
						<line number="92" hits="0"/>
						<line number="95" hits="1"/>
						<line number="103" hits="1"/>
						<line number="106" hits="1"/>
						<line number="116" hits="1"/>
						<line number="119" hits="1"/>
						<line number="133" hits="1"/>
						<line number="135" hits="1"/>
					</lines>
				</class>
				<class name="sets_categories_data.py" filename="sets_categories_data.py" complexity="0" line-rate="1" branch-rate="1">
					<methods/>
					<lines>
						<line number="3" hits="1"/>
						<line number="30" hits="1"/>
						<line number="53" hits="1"/>
						<line number="71" hits="1"/>
						<line number="97" hits="1"/>
						<line number="123" hits="1"/>
						<line number="138" hits="1"/>
						<line number="144" hits="1"/>
						<line number="152" hits="1"/>
						<line number="159" hits="1"/>
						<line number="165" hits="1"/>
						<line number="171" hits="1"/>
						<line number="180" hits="1"/>
						<line number="187" hits="1"/>
					</lines>
				</class>
				<class name="sets_test_data.py" filename="sets_test_data.py" complexity="0" line-rate="1" branch-rate="0.5">
					<methods/>
					<lines>
						<line number="3" hits="1"/>
						<line number="14" hits="1"/>
						<line number="81" hits="1"/>
						<line number="153" hits="1"/>
						<line number="194" hits="1"/>
						<line number="212" hits="1"/>
						<line number="214" hits="1"/>
						<line number="282" hits="1"/>
						<line number="286" hits="1"/>
						<line number="292" hits="1"/>
						<line number="293" hits="1"/>
						<line number="295" hits="1"/>
						<line number="297" hits="1"/>
						<line number="321" hits="1"/>
						<line number="398" hits="1"/>
						<line number="399" hits="1"/>
						<line number="400" hits="1"/>
						<line number="401" hits="1"/>
						<line number="404" hits="1"/>
						<line number="405" hits="1"/>
						<line number="406" hits="1"/>
						<line number="407" hits="1"/>
						<line number="410" hits="1"/>
						<line number="411" hits="1"/>
						<line number="412" hits="1"/>
						<line number="413" hits="1"/>
						<line number="416" hits="1"/>
						<line number="417" hits="1"/>
						<line number="418" hits="1"/>
						<line number="419" hits="1"/>
						<line number="422" hits="1"/>
						<line number="423" hits="1"/>
						<line number="424" hits="1"/>
						<line number="425" hits="1"/>
						<line number="428" hits="1"/>
						<line number="435" hits="1"/>
						<line number="448" hits="1"/>
						<line number="451" hits="1"/>
						<line number="452" hits="1" branch="true" condition-coverage="50% (1/2)" missing-branches="exit"/>
						<line number="453" hits="1" branch="true" condition-coverage="50% (1/2)" missing-branches="exit"/>
						<line number="455" hits="1"/>
					</lines>
				</class>
			</classes>
		</package>
	</packages>
</coverage>
