SF:/home/vpayno/git_vpayno/exercism-workspace/rust/pythagorean-triplet/src/lib.rs
FN:17,_RNvCsfWjl3RhVjfV_19pythagorean_triplet4find
FN:25,_RNCNCNvCsfWjl3RhVjfV_19pythagorean_triplet4find00B5_
FN:24,_RNCNvCsfWjl3RhVjfV_19pythagorean_triplet4find0B3_
FN:17,_RNvCs3ll1j0hzMVc_19pythagorean_triplet4find
FN:25,_RNCNCNvCs3ll1j0hzMVc_19pythagorean_triplet4find00B5_
FN:24,_RNCNvCs3ll1j0hzMVc_19pythagorean_triplet4find0B3_
FNDA:7,_RNvCsfWjl3RhVjfV_19pythagorean_triplet4find
FNDA:112832419,_RNCNCNvCsfWjl3RhVjfV_19pythagorean_triplet4find00B5_
FNDA:16511,_RNCNvCsfWjl3RhVjfV_19pythagorean_triplet4find0B3_
FNDA:0,_RNvCs3ll1j0hzMVc_19pythagorean_triplet4find
FNDA:0,_RNCNCNvCs3ll1j0hzMVc_19pythagorean_triplet4find00B5_
FNDA:0,_RNCNvCs3ll1j0hzMVc_19pythagorean_triplet4find0B3_
FNF:3
FNH:3
DA:17,7
DA:18,7
DA:19,7
DA:20,7
DA:21,0
DA:22,7
DA:23,7
DA:24,16511
DA:25,112832419
DA:26,112832419
DA:27,112832419
DA:28,112832419
DA:29,18
DA:30,112832401
DA:31,112832419
DA:32,16511
DA:33,7
DA:34,7
DA:35,7
BRF:0
BRH:0
LF:23
LH:22
end_of_record