SF:/home/vpayno/git_vpayno/exercism-workspace/rust/pythagorean-triplet/src/lib.rs
FN:17,_RNvCsfWjl3RhVjfV_19pythagorean_triplet4find
FN:17,_RNvCs3ll1j0hzMVc_19pythagorean_triplet4find
FNDA:7,_RNvCsfWjl3RhVjfV_19pythagorean_triplet4find
FNDA:0,_RNvCs3ll1j0hzMVc_19pythagorean_triplet4find
FNF:1
FNH:1
DA:17,7
DA:18,7
DA:19,7
DA:20,7
DA:21,0
DA:22,7
DA:24,16518
DA:25,112848944
DA:26,112848944
DA:27,112848944
DA:28,112848944
DA:29,18
DA:30,112848926
DA:34,7
DA:35,7
BRF:0
BRH:0
LF:15
LH:14
end_of_record