<?xml version='1.0'?> 
<!DOCTYPE coverage SYSTEM "http://cobertura.sourceforge.net/xml/coverage-04.dtd">
<!-- Generated by simplecov-cobertura version 2.1.0 (https://github.com/dashingrocket/simplecov-cobertura) -->
<coverage line-rate="1.0" lines-covered="15" lines-valid="15" complexity="0" version="0" timestamp="1697513197">
  <sources>
    <source>/home/vpayno/git_vpayno/exercism-workspace/ruby/triangle</source>
  </sources>
  <packages>
    <package name="triangle" line-rate="1.0" complexity="0">
      <classes>
        <class name="triangle" filename="triangle.rb" line-rate="1.0" complexity="0">
          <methods/>
          <lines>
            <line number="5" hits="1"/>
            <line number="6" hits="1"/>
            <line number="7" hits="21"/>
            <line number="8" hits="21"/>
            <line number="9" hits="21"/>
            <line number="12" hits="1"/>
            <line number="13" hits="21"/>
            <line number="15" hits="20"/>
            <line number="18" hits="1"/>
            <line number="19" hits="5"/>
            <line number="22" hits="1"/>
            <line number="23" hits="9"/>
            <line number="24" hits="6"/>
            <line number="30" hits="1"/>
            <line number="31" hits="7"/>
          </lines>
        </class>
      </classes>
    </package>
  </packages>
</coverage>