SF:/home/vpayno/git_vpayno/exercism-workspace/rust/binary-search/src/lib.rs
FN:21,_RNvCs2uJot7U5qWp_13binary_search4find
FN:21,_RNvCs1D18HITZI7Z_13binary_search4find
FNDA:16,_RNvCs2uJot7U5qWp_13binary_search4find
FNDA:0,_RNvCs1D18HITZI7Z_13binary_search4find
FNF:1
FNH:1
DA:21,16
DA:22,16
DA:23,16
DA:24,16
DA:25,1
DA:26,15
DA:27,15
DA:28,15
DA:29,15
DA:30,15
DA:31,15
DA:32,3
DA:33,12
DA:34,12
DA:35,12
DA:36,12
DA:38,20
DA:39,9
DA:40,4
DA:41,5
DA:42,5
DA:43,5
DA:45,9
DA:46,1
DA:47,8
DA:48,8
DA:49,8
DA:50,8
DA:53,11
DA:54,16
BRF:0
BRH:0
LF:30
LH:30
end_of_record