<?xml version='1.0'?> 
<!DOCTYPE coverage SYSTEM "http://cobertura.sourceforge.net/xml/coverage-04.dtd">
<!-- Generated by simplecov-cobertura version 2.1.0 (https://github.com/dashingrocket/simplecov-cobertura) -->
<coverage line-rate="1.0" lines-covered="17" lines-valid="17" complexity="0" version="0" timestamp="1697865704">
  <sources>
    <source>/home/vpayno/git_vpayno/exercism-workspace/ruby/resistor-color-trio</source>
  </sources>
  <packages>
    <package name="resistor-color-trio" line-rate="1.0" complexity="0">
      <classes>
        <class name="resistor_color_trio" filename="resistor_color_trio.rb" line-rate="1.0" complexity="0">
          <methods/>
          <lines>
            <line number="5" hits="1"/>
            <line number="7" hits="1"/>
            <line number="19" hits="1"/>
            <line number="20" hits="5"/>
            <line number="23" hits="1"/>
            <line number="24" hits="5"/>
            <line number="25" hits="5"/>
            <line number="26" hits="5"/>
            <line number="28" hits="5"/>
            <line number="29" hits="3"/>
            <line number="30" hits="3"/>
            <line number="33" hits="5"/>
            <line number="36" hits="1"/>
            <line number="37" hits="5"/>
            <line number="39" hits="5"/>
            <line number="41" hits="5"/>
            <line number="44" hits="1"/>
          </lines>
        </class>
      </classes>
    </package>
  </packages>
</coverage>