<?xml version='1.0'?> 
<!DOCTYPE coverage SYSTEM "http://cobertura.sourceforge.net/xml/coverage-04.dtd">
<!-- Generated by simplecov-cobertura version 2.1.0 (https://github.com/dashingrocket/simplecov-cobertura) -->
<coverage line-rate="1.0" lines-covered="11" lines-valid="11" complexity="0" version="0" timestamp="1697426518">
  <sources>
    <source>/home/vpayno/git_vpayno/exercism-workspace/ruby/space-age</source>
  </sources>
  <packages>
    <package name="space-age" line-rate="1.0" complexity="0">
      <classes>
        <class name="space_age" filename="space_age.rb" line-rate="1.0" complexity="0">
          <methods/>
          <lines>
            <line number="5" hits="1"/>
            <line number="6" hits="1"/>
            <line number="8" hits="1"/>
            <line number="19" hits="1"/>
            <line number="20" hits="8"/>
            <line number="23" hits="1"/>
            <line number="24" hits="8"/>
            <line number="27" hits="1"/>
            <line number="28" hits="8"/>
            <line number="29" hits="8"/>
            <line number="33" hits="1"/>
          </lines>
        </class>
      </classes>
    </package>
  </packages>
</coverage>