<?xml version='1.0'?> 
<!DOCTYPE coverage SYSTEM "http://cobertura.sourceforge.net/xml/coverage-04.dtd">
<!-- Generated by simplecov-cobertura version 2.1.0 (https://github.com/dashingrocket/simplecov-cobertura) -->
<coverage line-rate="1.0" lines-covered="11" lines-valid="11" complexity="0" version="0" timestamp="1698442692">
  <sources>
    <source>/home/vpayno/git_vpayno/exercism-workspace/ruby/allergies</source>
  </sources>
  <packages>
    <package name="allergies" line-rate="1.0" complexity="0">
      <classes>
        <class name="allergies" filename="allergies.rb" line-rate="1.0" complexity="0">
          <methods/>
          <lines>
            <line number="5" hits="1"/>
            <line number="6" hits="1"/>
            <line number="7" hits="50"/>
            <line number="9" hits="50"/>
            <line number="21" hits="1"/>
            <line number="22" hits="40"/>
            <line number="25" hits="1"/>
            <line number="26" hits="10"/>
            <line number="28" hits="10"/>
            <line number="29" hits="80"/>
            <line number="32" hits="10"/>
          </lines>
        </class>
      </classes>
    </package>
  </packages>
</coverage>