SF:/home/vpayno/git_vpayno/exercism-workspace/rust/all-your-base/src/lib.rs
FN:1,_RNvXs0_Cs1RSca3cyrLi_11allyourbaseNtB5_5ErrorNtNtCs8zepCCxJ8Q4_4core3cmp9PartialEq2eqCs5nLyIY70cKR_13all_your_base
FN:56,_RNCNvCs1RSca3cyrLi_11allyourbase7convert0B3_
FN:1,_RNvXs0_Cs1RSca3cyrLi_11allyourbaseNtB5_5ErrorNtNtCs8zepCCxJ8Q4_4core3cmp9PartialEq2eqB5_
FN:34,_RNvCs1RSca3cyrLi_11allyourbase7convert
FN:1,_RNvXCs1RSca3cyrLi_11allyourbaseNtB2_5ErrorNtNtCs8zepCCxJ8Q4_4core3fmt5Debug3fmt
FN:56,_RNCNvCsbra3299Az8i_11allyourbase7convert0B3_
FN:1,_RNvXs0_Csbra3299Az8i_11allyourbaseNtB5_5ErrorNtNtCs8zepCCxJ8Q4_4core3cmp9PartialEq2eqB5_
FN:1,_RNvXCsbra3299Az8i_11allyourbaseNtB2_5ErrorNtNtCs8zepCCxJ8Q4_4core3fmt5Debug3fmt
FN:34,_RNvCsbra3299Az8i_11allyourbase7convert
FNDA:5,_RNvXs0_Cs1RSca3cyrLi_11allyourbaseNtB5_5ErrorNtNtCs8zepCCxJ8Q4_4core3cmp9PartialEq2eqCs5nLyIY70cKR_13all_your_base
FNDA:29,_RNCNvCs1RSca3cyrLi_11allyourbase7convert0B3_
FNDA:0,_RNvXs0_Cs1RSca3cyrLi_11allyourbaseNtB5_5ErrorNtNtCs8zepCCxJ8Q4_4core3cmp9PartialEq2eqB5_
FNDA:17,_RNvCs1RSca3cyrLi_11allyourbase7convert
FNDA:0,_RNvXCs1RSca3cyrLi_11allyourbaseNtB2_5ErrorNtNtCs8zepCCxJ8Q4_4core3fmt5Debug3fmt
FNDA:0,_RNCNvCsbra3299Az8i_11allyourbase7convert0B3_
FNDA:0,_RNvXs0_Csbra3299Az8i_11allyourbaseNtB5_5ErrorNtNtCs8zepCCxJ8Q4_4core3cmp9PartialEq2eqB5_
FNDA:0,_RNvXCsbra3299Az8i_11allyourbaseNtB2_5ErrorNtNtCs8zepCCxJ8Q4_4core3fmt5Debug3fmt
FNDA:0,_RNvCsbra3299Az8i_11allyourbase7convert
FNF:4
FNH:3
DA:1,5
DA:34,17
DA:35,17
DA:36,17
DA:37,17
DA:38,2
DA:39,15
DA:40,15
DA:41,15
DA:42,2
DA:43,13
DA:44,13
DA:45,13
DA:46,1
DA:47,12
DA:49,42
DA:50,31
DA:51,1
DA:52,30
DA:56,29
DA:57,29
DA:58,29
DA:59,29
DA:60,29
DA:61,29
DA:63,11
DA:64,11
DA:65,11
DA:66,11
DA:67,11
DA:68,11
DA:69,11
DA:70,2
DA:71,2
DA:72,2
DA:73,9
DA:75,33
DA:76,24
DA:77,24
DA:78,24
DA:79,24
DA:81,9
DA:82,9
DA:83,9
DA:84,17
BRF:0
BRH:0
LF:47
LH:46
end_of_record