<?xml version='1.0'?> 
<!DOCTYPE coverage SYSTEM "http://cobertura.sourceforge.net/xml/coverage-04.dtd">
<!-- Generated by simplecov-cobertura version 2.1.0 (https://github.com/dashingrocket/simplecov-cobertura) -->
<coverage line-rate="1.0" lines-covered="9" lines-valid="9" complexity="0" version="0" timestamp="1697314272">
  <sources>
    <source>/home/vpayno/git_vpayno/exercism-workspace/ruby/boutique-inventory-improvements</source>
  </sources>
  <packages>
    <package name="boutique-inventory-improvements" line-rate="1.0" complexity="0">
      <classes>
        <class name="boutique_inventory" filename="boutique_inventory.rb" line-rate="1.0" complexity="0">
          <methods/>
          <lines>
            <line number="3" hits="1"/>
            <line number="7" hits="1"/>
            <line number="8" hits="1"/>
            <line number="10" hits="1"/>
            <line number="11" hits="23"/>
            <line number="14" hits="1"/>
            <line number="15" hits="3"/>
            <line number="18" hits="1"/>
            <line number="19" hits="3"/>
          </lines>
        </class>
      </classes>
    </package>
  </packages>
</coverage>