SF:/home/vpayno/git_vpayno/exercism-workspace/rust/acronym/src/lib.rs
FN:16,_RNvCslgCpyTkX2DI_7acronym10abbreviate
FN:16,_RNvCsa8ArH2gLjCS_7acronym10abbreviate
FNDA:12,_RNvCslgCpyTkX2DI_7acronym10abbreviate
FNDA:0,_RNvCsa8ArH2gLjCS_7acronym10abbreviate
FNF:1
FNH:1
DA:16,12
DA:18,12
DA:19,12
DA:20,0
DA:23,12
DA:24,12
DA:25,12
DA:27,52
DA:29,52
DA:30,52
DA:31,0
DA:35,52
DA:37,224
DA:38,224
DA:39,216
DA:40,216
DA:41,8
DA:42,8
DA:43,8
DA:44,1
DA:45,1
DA:46,7
DA:50,12
DA:51,12
BRF:0
BRH:0
LF:24
LH:22
end_of_record