SF:/home/vpayno/git_vpayno/exercism-workspace/rust/secret-handshake/src/lib.rs
FN:3,_RNvXs_CshgQjrdkU0bR_16secret_handshakeNtB4_7CommandNtNtCskHJcJaiv42W_4core3fmt5Debug3fmt
FN:3,_RNvXs0_CshgQjrdkU0bR_16secret_handshakeNtB5_7CommandNtNtCskHJcJaiv42W_4core5clone5Clone5cloneB5_
FN:15,_RNvXCshgQjrdkU0bR_16secret_handshakeNtB2_7CommandNtNtCskHJcJaiv42W_4core3fmt7Display3fmt
FN:42,_RNvCshgQjrdkU0bR_16secret_handshake7actions
FN:15,_RNvXCs8mXYIP0JpMd_16secret_handshakeNtB2_7CommandNtNtCskHJcJaiv42W_4core3fmt7Display3fmt
FN:3,_RNvXs_Cs8mXYIP0JpMd_16secret_handshakeNtB4_7CommandNtNtCskHJcJaiv42W_4core3fmt5Debug3fmt
FN:42,_RNvCs8mXYIP0JpMd_16secret_handshake7actions
FN:3,_RNvXs0_Cs8mXYIP0JpMd_16secret_handshakeNtB5_7CommandNtNtCskHJcJaiv42W_4core5clone5Clone5cloneB5_
FNDA:0,_RNvXs_CshgQjrdkU0bR_16secret_handshakeNtB4_7CommandNtNtCskHJcJaiv42W_4core3fmt5Debug3fmt
FNDA:0,_RNvXs0_CshgQjrdkU0bR_16secret_handshakeNtB5_7CommandNtNtCskHJcJaiv42W_4core5clone5Clone5cloneB5_
FNDA:0,_RNvXCshgQjrdkU0bR_16secret_handshakeNtB2_7CommandNtNtCskHJcJaiv42W_4core3fmt7Display3fmt
FNDA:0,_RNvCshgQjrdkU0bR_16secret_handshake7actions
FNDA:17,_RNvXCs8mXYIP0JpMd_16secret_handshakeNtB2_7CommandNtNtCskHJcJaiv42W_4core3fmt7Display3fmt
FNDA:0,_RNvXs_Cs8mXYIP0JpMd_16secret_handshakeNtB4_7CommandNtNtCskHJcJaiv42W_4core3fmt5Debug3fmt
FNDA:11,_RNvCs8mXYIP0JpMd_16secret_handshake7actions
FNDA:0,_RNvXs0_Cs8mXYIP0JpMd_16secret_handshakeNtB5_7CommandNtNtCskHJcJaiv42W_4core5clone5Clone5cloneB5_
FNF:4
FNH:2
DA:3,0
DA:15,17
DA:16,17
DA:17,5
DA:18,5
DA:19,3
DA:20,4
DA:21,0
DA:22,0
DA:24,17
DA:42,11
DA:43,11
DA:44,11
DA:45,11
DA:46,1
DA:47,10
DA:48,10
DA:49,10
DA:50,0
DA:51,10
DA:52,10
DA:53,10
DA:54,5
DA:55,5
DA:57,10
DA:58,5
DA:59,5
DA:61,10
DA:62,3
DA:63,7
DA:65,10
DA:66,4
DA:67,6
DA:69,10
DA:70,4
DA:71,6
DA:73,10
DA:74,11
BRF:0
BRH:0
LF:39
LH:34
end_of_record