SF:/home/vpayno/git_vpayno/exercism-workspace/rust/triangle/src/lib.rs
FN:75,_RNvMs6_Cs5NGmfQeCNlz_8triangleINtB5_8TrianglepE5buildB5_
FN:96,_RNvMs6_Cs5NGmfQeCNlz_8triangleINtB5_8TrianglepE10is_scaleneB5_
FN:84,_RNvMs6_Cs5NGmfQeCNlz_8triangleINtB5_8TrianglepE14is_equilateralB5_
FN:89,_RNvMs6_Cs5NGmfQeCNlz_8triangleINtB5_8TrianglepE12is_isoscelesB5_
FN:89,_RNvMs6_Cs9gmxS5zJB7i_8triangleINtB5_8TriangledE12is_isoscelesCsjoo6dbIUDHZ_8triangle
FN:96,_RNvMs6_Cs9gmxS5zJB7i_8triangleINtB5_8TrianglelE10is_scaleneCsjoo6dbIUDHZ_8triangle
FN:75,_RNvMs6_Cs9gmxS5zJB7i_8triangleINtB5_8TriangledE5buildCsjoo6dbIUDHZ_8triangle
FN:84,_RNvMs6_Cs9gmxS5zJB7i_8triangleINtB5_8TriangledE14is_equilateralCsjoo6dbIUDHZ_8triangle
FN:89,_RNvMs6_Cs9gmxS5zJB7i_8triangleINtB5_8TrianglelE12is_isoscelesCsjoo6dbIUDHZ_8triangle
FN:96,_RNvMs6_Cs9gmxS5zJB7i_8triangleINtB5_8TriangledE10is_scaleneCsjoo6dbIUDHZ_8triangle
FN:75,_RNvMs6_Cs9gmxS5zJB7i_8triangleINtB5_8TrianglelE5buildCsjoo6dbIUDHZ_8triangle
FN:84,_RNvMs6_Cs9gmxS5zJB7i_8triangleINtB5_8TrianglelE14is_equilateralCsjoo6dbIUDHZ_8triangle
FNDA:0,_RNvMs6_Cs5NGmfQeCNlz_8triangleINtB5_8TrianglepE5buildB5_
FNDA:0,_RNvMs6_Cs5NGmfQeCNlz_8triangleINtB5_8TrianglepE10is_scaleneB5_
FNDA:0,_RNvMs6_Cs5NGmfQeCNlz_8triangleINtB5_8TrianglepE14is_equilateralB5_
FNDA:0,_RNvMs6_Cs5NGmfQeCNlz_8triangleINtB5_8TrianglepE12is_isoscelesB5_
FNDA:2,_RNvMs6_Cs9gmxS5zJB7i_8triangleINtB5_8TriangledE12is_isoscelesCsjoo6dbIUDHZ_8triangle
FNDA:10,_RNvMs6_Cs9gmxS5zJB7i_8triangleINtB5_8TrianglelE10is_scaleneCsjoo6dbIUDHZ_8triangle
FNDA:5,_RNvMs6_Cs9gmxS5zJB7i_8triangleINtB5_8TriangledE5buildCsjoo6dbIUDHZ_8triangle
FNDA:3,_RNvMs6_Cs9gmxS5zJB7i_8triangleINtB5_8TriangledE14is_equilateralCsjoo6dbIUDHZ_8triangle
FNDA:8,_RNvMs6_Cs9gmxS5zJB7i_8triangleINtB5_8TrianglelE12is_isoscelesCsjoo6dbIUDHZ_8triangle
FNDA:3,_RNvMs6_Cs9gmxS5zJB7i_8triangleINtB5_8TriangledE10is_scaleneCsjoo6dbIUDHZ_8triangle
FNDA:17,_RNvMs6_Cs9gmxS5zJB7i_8triangleINtB5_8TrianglelE5buildCsjoo6dbIUDHZ_8triangle
FNDA:10,_RNvMs6_Cs9gmxS5zJB7i_8triangleINtB5_8TrianglelE14is_equilateralCsjoo6dbIUDHZ_8triangle
FNF:4
FNH:4
DA:75,22
DA:76,22
DA:77,22
DA:78,17
DA:79,3
DA:81,22
DA:84,13
DA:85,13
DA:86,13
DA:89,10
DA:90,10
DA:91,9
DA:92,7
DA:93,10
DA:96,13
DA:97,13
DA:98,13
BRF:0
BRH:0
LF:17
LH:17
end_of_record