SF:/home/vpayno/git_vpayno/exercism-workspace/rust/triangle/src/lib.rs
FN:75,_RNvMs6_CskasRXK940yR_8triangleINtB5_8TrianglepE5buildB5_
FN:94,_RNvMs6_CskasRXK940yR_8triangleINtB5_8TrianglepE10is_scaleneB5_
FN:84,_RNvMs6_CskasRXK940yR_8triangleINtB5_8TrianglepE14is_equilateralB5_
FN:89,_RNvMs6_CskasRXK940yR_8triangleINtB5_8TrianglepE12is_isoscelesB5_
FN:89,_RNvMs6_Cs7ijmfHAVkVg_8triangleINtB5_8TriangledE12is_isoscelesCs2ObHQLR2y7F_8triangle
FN:94,_RNvMs6_Cs7ijmfHAVkVg_8triangleINtB5_8TrianglelE10is_scaleneCs2ObHQLR2y7F_8triangle
FN:75,_RNvMs6_Cs7ijmfHAVkVg_8triangleINtB5_8TriangledE5buildCs2ObHQLR2y7F_8triangle
FN:84,_RNvMs6_Cs7ijmfHAVkVg_8triangleINtB5_8TriangledE14is_equilateralCs2ObHQLR2y7F_8triangle
FN:89,_RNvMs6_Cs7ijmfHAVkVg_8triangleINtB5_8TrianglelE12is_isoscelesCs2ObHQLR2y7F_8triangle
FN:94,_RNvMs6_Cs7ijmfHAVkVg_8triangleINtB5_8TriangledE10is_scaleneCs2ObHQLR2y7F_8triangle
FN:75,_RNvMs6_Cs7ijmfHAVkVg_8triangleINtB5_8TrianglelE5buildCs2ObHQLR2y7F_8triangle
FN:84,_RNvMs6_Cs7ijmfHAVkVg_8triangleINtB5_8TrianglelE14is_equilateralCs2ObHQLR2y7F_8triangle
FNDA:0,_RNvMs6_CskasRXK940yR_8triangleINtB5_8TrianglepE5buildB5_
FNDA:0,_RNvMs6_CskasRXK940yR_8triangleINtB5_8TrianglepE10is_scaleneB5_
FNDA:0,_RNvMs6_CskasRXK940yR_8triangleINtB5_8TrianglepE14is_equilateralB5_
FNDA:0,_RNvMs6_CskasRXK940yR_8triangleINtB5_8TrianglepE12is_isoscelesB5_
FNDA:2,_RNvMs6_Cs7ijmfHAVkVg_8triangleINtB5_8TriangledE12is_isoscelesCs2ObHQLR2y7F_8triangle
FNDA:11,_RNvMs6_Cs7ijmfHAVkVg_8triangleINtB5_8TrianglelE10is_scaleneCs2ObHQLR2y7F_8triangle
FNDA:5,_RNvMs6_Cs7ijmfHAVkVg_8triangleINtB5_8TriangledE5buildCs2ObHQLR2y7F_8triangle
FNDA:3,_RNvMs6_Cs7ijmfHAVkVg_8triangleINtB5_8TriangledE14is_equilateralCs2ObHQLR2y7F_8triangle
FNDA:9,_RNvMs6_Cs7ijmfHAVkVg_8triangleINtB5_8TrianglelE12is_isoscelesCs2ObHQLR2y7F_8triangle
FNDA:3,_RNvMs6_Cs7ijmfHAVkVg_8triangleINtB5_8TriangledE10is_scaleneCs2ObHQLR2y7F_8triangle
FNDA:18,_RNvMs6_Cs7ijmfHAVkVg_8triangleINtB5_8TrianglelE5buildCs2ObHQLR2y7F_8triangle
FNDA:11,_RNvMs6_Cs7ijmfHAVkVg_8triangleINtB5_8TrianglelE14is_equilateralCs2ObHQLR2y7F_8triangle
FNF:4
FNH:4
DA:75,23
DA:76,23
DA:77,23
DA:78,18
DA:79,3
DA:81,23
DA:84,14
DA:85,14
DA:86,14
DA:89,11
DA:90,11
DA:91,11
DA:94,14
DA:95,14
DA:96,14
BRF:0
BRH:0
LF:15
LH:15
end_of_record