SF:/home/vpayno/git_vpayno/exercism-workspace/rust/series/src/lib.rs
FN:26,_RNvCs3hVIKtMrduI_6series6series
FN:26,_RNvCsfpoSPjMhDZV_6series6series
FNDA:5,_RNvCs3hVIKtMrduI_6series6series
FNDA:0,_RNvCsfpoSPjMhDZV_6series6series
FNF:1
FNH:1
DA:26,5
DA:27,5
DA:29,1
DA:30,4
DA:31,4
DA:32,4
DA:34,0
DA:35,4
DA:36,4
DA:37,4
DA:39,1
DA:40,3
DA:41,3
DA:42,3
DA:43,3
DA:44,2
DA:45,1
DA:46,1
DA:47,1
DA:48,1
DA:49,1
DA:51,5
DA:52,5
DA:53,1
DA:54,4
DA:55,4
DA:56,4
DA:57,4
DA:58,4
DA:59,4
DA:62,1
DA:63,5
BRF:0
BRH:0
LF:32
LH:31
end_of_record