SF:/home/vpayno/git_vpayno/exercism-workspace/rust/series/src/lib.rs
FN:48,_RNvCs3hVIKtMrduI_6series11series_main
FN:26,_RNvCs3hVIKtMrduI_6series6series
FN:48,_RNvCsfpoSPjMhDZV_6series11series_main
FN:26,_RNvCsfpoSPjMhDZV_6series6series
FNDA:1,_RNvCs3hVIKtMrduI_6series11series_main
FNDA:5,_RNvCs3hVIKtMrduI_6series6series
FNDA:0,_RNvCsfpoSPjMhDZV_6series11series_main
FNDA:0,_RNvCsfpoSPjMhDZV_6series6series
FNF:2
FNH:2
DA:26,5
DA:27,5
DA:28,5
DA:30,1
DA:32,4
DA:34,0
DA:36,4
DA:38,1
DA:41,3
DA:42,2
DA:44,1
DA:46,5
DA:48,1
DA:49,1
DA:50,1
DA:51,1
DA:53,5
DA:54,5
DA:55,1
DA:56,4
DA:57,4
DA:58,4
DA:59,4
DA:60,4
DA:61,4
DA:64,1
DA:65,1
BRF:0
BRH:0
LF:27
LH:26
end_of_record