<?xml version='1.0'?> 
<!DOCTYPE coverage SYSTEM "http://cobertura.sourceforge.net/xml/coverage-04.dtd">
<!-- Generated by simplecov-cobertura version 2.1.0 (https://github.com/dashingrocket/simplecov-cobertura) -->
<coverage line-rate="1.0" lines-covered="24" lines-valid="24" complexity="0" version="0" timestamp="1698127023">
  <sources>
    <source>/home/vpayno/git_vpayno/exercism-workspace/ruby/matching-brackets</source>
  </sources>
  <packages>
    <package name="matching-brackets" line-rate="1.0" complexity="0">
      <classes>
        <class name="matching_brackets" filename="matching_brackets.rb" line-rate="1.0" complexity="0">
          <methods/>
          <lines>
            <line number="5" hits="1"/>
            <line number="6" hits="1"/>
            <line number="7" hits="20"/>
            <line number="9" hits="20"/>
            <line number="10" hits="166"/>
            <line number="12" hits="80"/>
            <line number="13" hits="43"/>
            <line number="14" hits="43"/>
            <line number="17" hits="37"/>
            <line number="19" hits="37"/>
            <line number="20" hits="34"/>
            <line number="22" hits="27"/>
            <line number="25" hits="10"/>
            <line number="28" hits="1"/>
            <line number="29" hits="34"/>
            <line number="30" hits="27"/>
            <line number="31" hits="21"/>
            <line number="33" hits="7"/>
            <line number="36" hits="1"/>
            <line number="37" hits="246"/>
            <line number="40" hits="1"/>
            <line number="41" hits="160"/>
            <line number="44" hits="1"/>
            <line number="45" hits="166"/>
          </lines>
        </class>
      </classes>
    </package>
  </packages>
</coverage>