SF:/home/vpayno/git_vpayno/exercism-workspace/rust/grains/src/lib.rs
FN:41,_RNvCscZwoKEIyUZk_6grains5total
FN:20,_RNvCscZwoKEIyUZk_6grains6square
FN:41,_RNvCsb5sTB3WyAWH_6grains5total
FN:20,_RNvCsb5sTB3WyAWH_6grains6square
FNDA:1,_RNvCscZwoKEIyUZk_6grains5total
FNDA:9,_RNvCscZwoKEIyUZk_6grains6square
FNDA:0,_RNvCsb5sTB3WyAWH_6grains5total
FNDA:0,_RNvCsb5sTB3WyAWH_6grains6square
FNF:2
FNH:2
DA:20,9
DA:21,9
DA:23,2
DA:24,7
DA:25,7
DA:26,7
DA:27,7
DA:41,1
DA:42,1
DA:43,1
DA:44,1
BRF:0
BRH:0
LF:11
LH:11
end_of_record