SF:/home/vpayno/git_vpayno/exercism-workspace/rust/grains/src/lib.rs
FN:41,_RNvCscZwoKEIyUZk_6grains5total
FN:20,_RNvCscZwoKEIyUZk_6grains6square
FN:47,_RNCNvCscZwoKEIyUZk_6grains5total0B3_
FN:41,_RNvCsb5sTB3WyAWH_6grains5total
FN:20,_RNvCsb5sTB3WyAWH_6grains6square
FN:47,_RNCNvCsb5sTB3WyAWH_6grains5total0B3_
FNDA:1,_RNvCscZwoKEIyUZk_6grains5total
FNDA:73,_RNvCscZwoKEIyUZk_6grains6square
FNDA:64,_RNCNvCscZwoKEIyUZk_6grains5total0B3_
FNDA:0,_RNvCsb5sTB3WyAWH_6grains5total
FNDA:0,_RNvCsb5sTB3WyAWH_6grains6square
FNDA:0,_RNCNvCsb5sTB3WyAWH_6grains5total0B3_
FNF:3
FNH:3
DA:20,73
DA:21,73
DA:23,2
DA:24,71
DA:25,71
DA:26,71
DA:27,71
DA:41,1
DA:42,1
DA:43,1
DA:44,1
DA:45,1
DA:46,1
DA:47,64
DA:48,1
BRF:0
BRH:0
LF:16
LH:16
end_of_record