<?xml version='1.0'?> 
<!DOCTYPE coverage SYSTEM "http://cobertura.sourceforge.net/xml/coverage-04.dtd">
<!-- Generated by simplecov-cobertura version 2.1.0 (https://github.com/dashingrocket/simplecov-cobertura) -->
<coverage line-rate="1.0" lines-covered="8" lines-valid="8" complexity="0" version="0" timestamp="1697415949">
  <sources>
    <source>/home/vpayno/git_vpayno/exercism-workspace/ruby/grains</source>
  </sources>
  <packages>
    <package name="grains" line-rate="1.0" complexity="0">
      <classes>
        <class name="grains" filename="grains.rb" line-rate="1.0" complexity="0">
          <methods/>
          <lines>
            <line number="5" hits="1"/>
            <line number="6" hits="1"/>
            <line number="7" hits="1"/>
            <line number="9" hits="1"/>
            <line number="10" hits="74"/>
            <line number="12" hits="71"/>
            <line number="15" hits="1"/>
            <line number="18" hits="65"/>
          </lines>
        </class>
      </classes>
    </package>
  </packages>
</coverage>