SF:/home/vpayno/git_vpayno/exercism-workspace/rust/collatz-conjecture/src/lib.rs
FN:9,_RNvCshNeCVCsFahq_18collatz_conjecture12calculate_cc
FN:1,_RNvCshNeCVCsFahq_18collatz_conjecture7collatz
FN:9,_RNvCs58fI3MhMOt2_18collatz_conjecture12calculate_cc
FN:1,_RNvCs58fI3MhMOt2_18collatz_conjecture7collatz
FNDA:6,_RNvCshNeCVCsFahq_18collatz_conjecture12calculate_cc
FNDA:8,_RNvCshNeCVCsFahq_18collatz_conjecture7collatz
FNDA:0,_RNvCs58fI3MhMOt2_18collatz_conjecture12calculate_cc
FNDA:0,_RNvCs58fI3MhMOt2_18collatz_conjecture7collatz
FNF:2
FNH:2
DA:1,8
DA:2,8
DA:3,8
DA:4,7
DA:5,6
DA:7,8
DA:9,6
DA:10,6
DA:11,6
DA:13,356
DA:30,353
DA:31,3
DA:32,350
DA:33,350
DA:34,350
DA:35,350
DA:36,350
DA:37,214
DA:38,214
DA:39,136
DA:40,136
DA:43,3
DA:44,6
BRF:0
BRH:0
LF:23
LH:23
end_of_record