SF:/home/vpayno/git_vpayno/exercism-workspace/rust/collatz-conjecture/src/lib.rs
FN:5,_RNCNvCshNeCVCsFahq_18collatz_conjecture7collatz0B3_
FN:2,_RNvCshNeCVCsFahq_18collatz_conjecture7collatz
FN:6,_RNCNvCshNeCVCsFahq_18collatz_conjecture7collatzs_0B3_
FN:5,_RNCNvCs58fI3MhMOt2_18collatz_conjecture7collatz0B3_
FN:2,_RNvCs58fI3MhMOt2_18collatz_conjecture7collatz
FN:6,_RNCNvCs58fI3MhMOt2_18collatz_conjecture7collatzs_0B3_
FNDA:112,_RNCNvCshNeCVCsFahq_18collatz_conjecture7collatz0B3_
FNDA:350,_RNvCshNeCVCsFahq_18collatz_conjecture7collatz
FNDA:53,_RNCNvCshNeCVCsFahq_18collatz_conjecture7collatzs_0B3_
FNDA:0,_RNCNvCs58fI3MhMOt2_18collatz_conjecture7collatz0B3_
FNDA:0,_RNvCs58fI3MhMOt2_18collatz_conjecture7collatz
FNDA:0,_RNCNvCs58fI3MhMOt2_18collatz_conjecture7collatzs_0B3_
FNF:3
FNH:3
DA:2,350
DA:3,1
DA:4,4
DA:5,350
DA:6,136
DA:8,355
BRF:0
BRH:0
LF:8
LH:8
end_of_record