Running automated test file(s):


===============================================================================

Running: make clean
rm -rf ./build

real	0m0.010s
user	0m0.002s
sys	0m0.008s

===============================================================================

export LDFLAGS="-lgcov --coverage" CXXFLAGS="--coverage"

===============================================================================

Running: make coverage | ansifilter
rm -rf ./build
mkdir -pv ./build
mkdir: created directory './build'

cd ./build; export LDFLAGS="-lgcov --coverage" CXXFLAGS="--coverage"; cmake -DEXERCISM_RUN_ALL_TESTS=1 -DCMAKE_EXPORT_COMPILE_COMMANDS=1 -G 'Unix Makefiles' ../; if make; then printf "\n=== All Tests Passed ===\n"; else printf "\n=== Test Failure ===\n"; false; fi
-- The CXX compiler identification is GNU 10.2.1
-- Detecting CXX compiler ABI info
-- Detecting CXX compiler ABI info - done
-- Check for working CXX compiler: /usr/bin/c++ - skipped
-- Detecting CXX compile features
-- Detecting CXX compile features - done
-- Configuring done
-- Generating done
-- Build files have been written to: /home/vpayno/git_vpayno/exercism-workspace/cpp/queen-attack/build
make[1]: Entering directory '/home/vpayno/git_vpayno/exercism-workspace/cpp/queen-attack/build'
make[2]: Entering directory '/home/vpayno/git_vpayno/exercism-workspace/cpp/queen-attack/build'
make[3]: Entering directory '/home/vpayno/git_vpayno/exercism-workspace/cpp/queen-attack/build'
make[3]: Leaving directory '/home/vpayno/git_vpayno/exercism-workspace/cpp/queen-attack/build'
make[3]: Entering directory '/home/vpayno/git_vpayno/exercism-workspace/cpp/queen-attack/build'
[ 25%] Building CXX object CMakeFiles/queen-attack.dir/queen_attack_test.cpp.o
[ 50%] Building CXX object CMakeFiles/queen-attack.dir/queen_attack.cpp.o
[ 75%] Building CXX object CMakeFiles/queen-attack.dir/test/tests-main.cpp.o
[100%] Linking CXX executable queen-attack
make[3]: Leaving directory '/home/vpayno/git_vpayno/exercism-workspace/cpp/queen-attack/build'
[100%] Built target queen-attack
make[3]: Entering directory '/home/vpayno/git_vpayno/exercism-workspace/cpp/queen-attack/build'
make[3]: Leaving directory '/home/vpayno/git_vpayno/exercism-workspace/cpp/queen-attack/build'
make[3]: Entering directory '/home/vpayno/git_vpayno/exercism-workspace/cpp/queen-attack/build'
_slope() -> [0.5]
_slope() -> [inf]
_slope() -> [0]
_slope() -> [1]
_slope() -> [1]
_slope() -> [1]
_slope() -> [1]
_slope() -> [2]
===============================================================================
All tests passed (15 assertions in 14 test cases)

make[3]: Leaving directory '/home/vpayno/git_vpayno/exercism-workspace/cpp/queen-attack/build'
[100%] Built target test_queen-attack
make[2]: Leaving directory '/home/vpayno/git_vpayno/exercism-workspace/cpp/queen-attack/build'
make[1]: Leaving directory '/home/vpayno/git_vpayno/exercism-workspace/cpp/queen-attack/build'

=== All Tests Passed ===

find . -regextype posix-egrep -regex '^.*(tests-main|CompilerId).*[.](gcda|gcno)$' -print -delete
./build/CMakeFiles/3.22.2/CompilerIdCXX/CMakeCXXCompilerId.gcno
./build/CMakeFiles/queen-attack.dir/test/tests-main.cpp.gcno
./build/CMakeFiles/queen-attack.dir/test/tests-main.cpp.gcda

find . -regextype posix-egrep -regex '^.*[.](gcda|gcno)$'
./build/CMakeFiles/queen-attack.dir/queen_attack_test.cpp.gcno
./build/CMakeFiles/queen-attack.dir/queen_attack.cpp.gcno
./build/CMakeFiles/queen-attack.dir/queen_attack.cpp.gcda
./build/CMakeFiles/queen-attack.dir/queen_attack_test.cpp.gcda

gcovr --print-summary
------------------------------------------------------------------------------
                           GCC Code Coverage Report
Directory: .
------------------------------------------------------------------------------
File                                       Lines    Exec  Cover   Missing
------------------------------------------------------------------------------
queen_attack.cpp                              48      41    85%   20,22-25,43-44
queen_attack.h                                 5       5   100%   
queen_attack_test.cpp                         71      63    88%   58,65,72,79,86,93,100,108
test/catch.hpp                                48      37    77%   1580-1581,1628,1630,1642-1643,2227,2229,2301-2302,2560
------------------------------------------------------------------------------
TOTAL                                        172     146    84%
------------------------------------------------------------------------------
lines: 84.9% (146 out of 172)
branches: 39.3% (161 out of 410)

real	0m11.107s
user	0m10.037s
sys	0m1.052s

===============================================================================

cmake-format --in-place CMakeLists.txt
WARNING config_util.py:307: The following configuration options were ignored:
  max_subargs_per_line

real	0m0.206s
user	0m0.126s
sys	0m0.080s

===============================================================================

cmake-lint CMakeLists.txt
WARNING The following configuration options were ignored:
  max_subargs_per_line
CMakeLists.txt
==============
CMakeLists.txt:15,06: [C0103] Invalid directory variable name "exercise_cpp" doesn't match `[A-Z][0-9A-Z_]+|_[0-9a-z_]+`
CMakeLists.txt:17,06: [C0103] Invalid directory variable name "exercise_cpp" doesn't match `[A-Z][0-9A-Z_]+|_[0-9a-z_]+`
CMakeLists.txt:61,02: [C0113] Missing COMMENT in statement which allows it

Summary
=======
files scanned: 1
found lint:
  Convention: 3


real	0m0.166s
user	0m0.121s
sys	0m0.045s

===============================================================================

Running: clang-format-16 -style=file -i ./queen_attack.cpp ./queen_attack_test.cpp ./queen_attack.h

real	0m0.043s
user	0m0.023s
sys	0m0.020s

===============================================================================

Running: ../../.github/citools/cpp/clang-check
clang-check-16 --analyze ./queen_attack.cpp ./queen_attack_test.cpp ./queen_attack.h
error: argument unused during compilation: '-stdlib=libstdc++' [-Werror,-Wunused-command-line-argument]
error: invalid argument '-std=c++17' not allowed with 'C'
/home/vpayno/git_vpayno/exercism-workspace/cpp/queen-attack/queen_attack.h:4:10: fatal error: 'cmath' file not found
#include <cmath>
         ^~~~~~~
1 error generated.
Error while processing /home/vpayno/git_vpayno/exercism-workspace/cpp/queen-attack/queen_attack.h.

real	0m0.732s
user	0m0.697s
sys	0m0.035s


real	0m0.734s
user	0m0.697s
sys	0m0.037s

===============================================================================

Running: ../../.github/citools/cpp/clang-tidy | head -n 100
18793 warnings generated.
54983 warnings generated.
54983 warnings and 3 errors generated.
Error while processing /home/vpayno/git_vpayno/exercism-workspace/cpp/queen-attack/queen_attack.h.
Suppressed 54988 warnings (54983 in non-user code, 5 NOLINT).
Use -header-filter=.* to display errors from all non-system headers. Use -system-headers to display errors from system headers as well.
Found compiler error(s).

real	0m9.454s
user	0m9.363s
sys	0m0.090s
Running: clang-tidy-16 ./queen_attack.cpp ./queen_attack_test.cpp ./queen_attack.h
error: invalid argument '-std=c++17' not allowed with 'C' [clang-diagnostic-error]
error: argument unused during compilation: '-stdlib=libstdc++' [clang-diagnostic-unused-command-line-argument]
/home/vpayno/git_vpayno/exercism-workspace/cpp/queen-attack/queen_attack.h:4:10: error: 'cmath' file not found [clang-diagnostic-error]
#include <cmath>
         ^~~~~~~


real	0m9.456s
user	0m9.364s
sys	0m0.093s

===============================================================================

