SF:/home/vpayno/git_vpayno/exercism-workspace/rust/allergies/src/lib.rs
FN:5,_RNvXs3_Cs2zLdsARJiml_9allergiesNtB5_8AllergenNtNtCskHJcJaiv42W_4core3cmp9PartialEq2eqCsklSYMhceNtN_9allergies
FN:5,_RNvXs3_Cs2zLdsARJiml_9allergiesNtB5_8AllergenNtNtCskHJcJaiv42W_4core3cmp9PartialEq2eqB5_
FN:18,_RNvMCs2zLdsARJiml_9allergiesNtB2_9Allergies3new
FN:22,_RNvMCs2zLdsARJiml_9allergiesNtB2_9Allergies14is_allergic_to
FN:26,_RNvMCs2zLdsARJiml_9allergiesNtB2_9Allergies9allergies
FN:5,_RNvXs_Cs2zLdsARJiml_9allergiesNtB4_8AllergenNtNtCskHJcJaiv42W_4core3fmt5Debug3fmt
FN:5,_RNvXs0_Cs2zLdsARJiml_9allergiesNtB5_8AllergenNtNtCskHJcJaiv42W_4core5clone5Clone5cloneB5_
FN:5,_RNvXs0_Csas62hbgM4p8_9allergiesNtB5_8AllergenNtNtCskHJcJaiv42W_4core5clone5Clone5cloneB5_
FN:18,_RNvMCsas62hbgM4p8_9allergiesNtB2_9Allergies3new
FN:22,_RNvMCsas62hbgM4p8_9allergiesNtB2_9Allergies14is_allergic_to
FN:26,_RNvMCsas62hbgM4p8_9allergiesNtB2_9Allergies9allergies
FN:5,_RNvXs_Csas62hbgM4p8_9allergiesNtB4_8AllergenNtNtCskHJcJaiv42W_4core3fmt5Debug3fmt
FN:5,_RNvXs3_Csas62hbgM4p8_9allergiesNtB5_8AllergenNtNtCskHJcJaiv42W_4core3cmp9PartialEq2eqB5_
FNDA:88,_RNvXs3_Cs2zLdsARJiml_9allergiesNtB5_8AllergenNtNtCskHJcJaiv42W_4core3cmp9PartialEq2eqCsklSYMhceNtN_9allergies
FNDA:0,_RNvXs3_Cs2zLdsARJiml_9allergiesNtB5_8AllergenNtNtCskHJcJaiv42W_4core3cmp9PartialEq2eqB5_
FNDA:19,_RNvMCs2zLdsARJiml_9allergiesNtB2_9Allergies3new
FNDA:86,_RNvMCs2zLdsARJiml_9allergiesNtB2_9Allergies14is_allergic_to
FNDA:9,_RNvMCs2zLdsARJiml_9allergiesNtB2_9Allergies9allergies
FNDA:0,_RNvXs_Cs2zLdsARJiml_9allergiesNtB4_8AllergenNtNtCskHJcJaiv42W_4core3fmt5Debug3fmt
FNDA:0,_RNvXs0_Cs2zLdsARJiml_9allergiesNtB5_8AllergenNtNtCskHJcJaiv42W_4core5clone5Clone5cloneB5_
FNDA:0,_RNvXs0_Csas62hbgM4p8_9allergiesNtB5_8AllergenNtNtCskHJcJaiv42W_4core5clone5Clone5cloneB5_
FNDA:0,_RNvMCsas62hbgM4p8_9allergiesNtB2_9Allergies3new
FNDA:0,_RNvMCsas62hbgM4p8_9allergiesNtB2_9Allergies14is_allergic_to
FNDA:0,_RNvMCsas62hbgM4p8_9allergiesNtB2_9Allergies9allergies
FNDA:0,_RNvXs_Csas62hbgM4p8_9allergiesNtB4_8AllergenNtNtCskHJcJaiv42W_4core3fmt5Debug3fmt
FNDA:0,_RNvXs3_Csas62hbgM4p8_9allergiesNtB5_8AllergenNtNtCskHJcJaiv42W_4core3cmp9PartialEq2eqB5_
FNF:6
FNH:4
DA:5,88
DA:18,19
DA:19,19
DA:20,19
DA:22,86
DA:23,86
DA:24,86
DA:26,9
DA:27,9
DA:28,9
DA:29,9
DA:30,9
DA:31,9
DA:32,9
DA:33,9
DA:34,9
DA:35,9
DA:36,9
DA:37,9
DA:39,81
DA:40,72
DA:41,27
DA:42,45
DA:45,9
DA:46,9
BRF:0
BRH:0
LF:27
LH:25
end_of_record