<?xml version='1.0'?> 
<!DOCTYPE coverage SYSTEM "http://cobertura.sourceforge.net/xml/coverage-04.dtd">
<!-- Generated by simplecov-cobertura version 2.1.0 (https://github.com/dashingrocket/simplecov-cobertura) -->
<coverage line-rate="1.0" lines-covered="12" lines-valid="12" complexity="0" version="0" timestamp="1697930593">
  <sources>
    <source>/home/vpayno/git_vpayno/exercism-workspace/ruby/high-scores</source>
  </sources>
  <packages>
    <package name="high-scores" line-rate="1.0" complexity="0">
      <classes>
        <class name="high_scores" filename="high_scores.rb" line-rate="1.0" complexity="0">
          <methods/>
          <lines>
            <line number="5" hits="1"/>
            <line number="6" hits="1"/>
            <line number="8" hits="1"/>
            <line number="9" hits="14"/>
            <line number="12" hits="1"/>
            <line number="13" hits="5"/>
            <line number="16" hits="1"/>
            <line number="17" hits="5"/>
            <line number="20" hits="1"/>
            <line number="21" hits="7"/>
            <line number="24" hits="1"/>
            <line number="25" hits="2"/>
          </lines>
        </class>
      </classes>
    </package>
  </packages>
</coverage>