<?xml version='1.0'?> 
<!DOCTYPE coverage SYSTEM "http://cobertura.sourceforge.net/xml/coverage-04.dtd">
<!-- Generated by simplecov-cobertura version 2.1.0 (https://github.com/dashingrocket/simplecov-cobertura) -->
<coverage line-rate="1.0" lines-covered="10" lines-valid="10" complexity="0" version="0" timestamp="1697572774">
  <sources>
    <source>/home/vpayno/git_vpayno/exercism-workspace/ruby/roman-numerals</source>
  </sources>
  <packages>
    <package name="roman-numerals" line-rate="1.0" complexity="0">
      <classes>
        <class name="roman_numerals" filename="roman_numerals.rb" line-rate="1.0" complexity="0">
          <methods/>
          <lines>
            <line number="5" hits="1"/>
            <line number="7" hits="1"/>
            <line number="22" hits="1"/>
            <line number="23" hits="26"/>
            <line number="24" hits="26"/>
            <line number="26" hits="26"/>
            <line number="27" hits="338"/>
            <line number="28" hits="91"/>
            <line number="29" hits="91"/>
            <line number="33" hits="26"/>
          </lines>
        </class>
      </classes>
    </package>
  </packages>
</coverage>