<?xml version='1.0'?> 
<!DOCTYPE coverage SYSTEM "http://cobertura.sourceforge.net/xml/coverage-04.dtd">
<!-- Generated by simplecov-cobertura version 2.1.0 (https://github.com/dashingrocket/simplecov-cobertura) -->
<coverage line-rate="1.0" lines-covered="11" lines-valid="11" complexity="0" version="0" timestamp="1697317001">
  <sources>
    <source>/home/vpayno/git_vpayno/exercism-workspace/ruby/locomotive-engineer</source>
  </sources>
  <packages>
    <package name="locomotive-engineer" line-rate="1.0" complexity="0">
      <classes>
        <class name="locomotive_engineer" filename="locomotive_engineer.rb" line-rate="1.0" complexity="0">
          <methods/>
          <lines>
            <line number="5" hits="1"/>
            <line number="6" hits="1"/>
            <line number="7" hits="4"/>
            <line number="10" hits="1"/>
            <line number="11" hits="37"/>
            <line number="13" hits="4"/>
            <line number="16" hits="1"/>
            <line number="17" hits="4"/>
            <line number="19" hits="4"/>
            <line number="22" hits="1"/>
            <line number="23" hits="3"/>
          </lines>
        </class>
      </classes>
    </package>
  </packages>
</coverage>