<?xml version='1.0'?> 
<!DOCTYPE coverage SYSTEM "http://cobertura.sourceforge.net/xml/coverage-04.dtd">
<!-- Generated by simplecov-cobertura version 2.1.0 (https://github.com/dashingrocket/simplecov-cobertura) -->
<coverage line-rate="1.0" lines-covered="3" lines-valid="3" complexity="0" version="0" timestamp="1697390299">
  <sources>
    <source>/home/vpayno/git_vpayno/exercism-workspace/ruby/two-fer</source>
  </sources>
  <packages>
    <package name="two-fer" line-rate="1.0" complexity="0">
      <classes>
        <class name="two_fer" filename="two_fer.rb" line-rate="1.0" complexity="0">
          <methods/>
          <lines>
            <line number="5" hits="1"/>
            <line number="6" hits="1"/>
            <line number="7" hits="3"/>
          </lines>
        </class>
      </classes>
    </package>
  </packages>
</coverage>