<?xml version='1.0'?> 
<!DOCTYPE coverage SYSTEM "http://cobertura.sourceforge.net/xml/coverage-04.dtd">
<!-- Generated by simplecov-cobertura version 2.1.0 (https://github.com/dashingrocket/simplecov-cobertura) -->
<coverage line-rate="1.0" lines-covered="15" lines-valid="15" complexity="0" version="0" timestamp="1697313841">
  <sources>
    <source>/home/vpayno/git_vpayno/exercism-workspace/ruby/boutique-inventory</source>
  </sources>
  <packages>
    <package name="boutique-inventory" line-rate="1.0" complexity="0">
      <classes>
        <class name="boutique_inventory" filename="boutique_inventory.rb" line-rate="1.0" complexity="0">
          <methods/>
          <lines>
            <line number="5" hits="1"/>
            <line number="6" hits="1"/>
            <line number="7" hits="16"/>
            <line number="10" hits="1"/>
            <line number="11" hits="7"/>
            <line number="14" hits="1"/>
            <line number="15" hits="13"/>
            <line number="18" hits="1"/>
            <line number="19" hits="8"/>
            <line number="22" hits="1"/>
            <line number="23" hits="9"/>
            <line number="26" hits="1"/>
            <line number="27" hits="8"/>
            <line number="30" hits="1"/>
            <line number="32" hits="1"/>
          </lines>
        </class>
      </classes>
    </package>
  </packages>
</coverage>