<?xml version='1.0'?> 
<!DOCTYPE coverage SYSTEM "http://cobertura.sourceforge.net/xml/coverage-04.dtd">
<!-- Generated by simplecov-cobertura version 2.1.0 (https://github.com/dashingrocket/simplecov-cobertura) -->
<coverage line-rate="1.0" lines-covered="17" lines-valid="17" complexity="0" version="0" timestamp="1697511490">
  <sources>
    <source>/home/vpayno/git_vpayno/exercism-workspace/ruby/luhn</source>
  </sources>
  <packages>
    <package name="luhn" line-rate="1.0" complexity="0">
      <classes>
        <class name="luhn" filename="luhn.rb" line-rate="1.0" complexity="0">
          <methods/>
          <lines>
            <line number="5" hits="1"/>
            <line number="6" hits="1"/>
            <line number="7" hits="22"/>
            <line number="8" hits="22"/>
            <line number="10" hits="22"/>
            <line number="11" hits="20"/>
            <line number="12" hits="20"/>
            <line number="14" hits="14"/>
            <line number="17" hits="1"/>
            <line number="18" hits="14"/>
            <line number="19" hits="14"/>
            <line number="21" hits="14"/>
            <line number="22" hits="72"/>
            <line number="24" hits="72"/>
            <line number="26" hits="72"/>
            <line number="28" hits="72"/>
            <line number="31" hits="14"/>
          </lines>
        </class>
      </classes>
    </package>
  </packages>
</coverage>