Running automated test file(s):

Go packages: romannumerals 


===============================================================================

Running: ../../.github/citools/go/go-lint-golangci-lint

Running GoLangCi-Lint

Go version:

	go version go1.21.1 linux/amd64


 ==============================================================================

Running: go clean ./...


real	0m0.034s
user	0m0.015s
sys	0m0.032s


 ==============================================================================

Running: golangci-lint run --enable-all ./...

level=warning msg="[runner] The linter 'structcheck' is deprecated (since v1.49.0) due to: The owner seems to have abandoned the linter. Replaced by unused."
level=warning msg="[runner] The linter 'nosnakecase' is deprecated (since v1.48.1) due to: The repository of the linter has been deprecated by the owner. Replaced by revive(var-naming)."
level=warning msg="[runner] The linter 'ifshort' is deprecated (since v1.48.0) due to: The repository of the linter has been deprecated by the owner. "
level=warning msg="[runner] The linter 'golint' is deprecated (since v1.41.0) due to: The repository of the linter has been archived by the owner. Replaced by revive."
level=warning msg="[runner] The linter 'varcheck' is deprecated (since v1.49.0) due to: The owner seems to have abandoned the linter. Replaced by unused."
level=warning msg="[runner] The linter 'deadcode' is deprecated (since v1.49.0) due to: The owner seems to have abandoned the linter. Replaced by unused."
level=warning msg="[runner] The linter 'scopelint' is deprecated (since v1.39.0) due to: The repository of the linter has been deprecated by the owner. Replaced by exportloopref."
level=warning msg="[runner] The linter 'interfacer' is deprecated (since v1.38.0) due to: The repository of the linter has been archived by the owner. "
level=warning msg="[runner] The linter 'exhaustivestruct' is deprecated (since v1.46.0) due to: The owner seems to have abandoned the linter. Replaced by exhaustruct."
level=warning msg="[runner] The linter 'maligned' is deprecated (since v1.38.0) due to: The repository of the linter has been archived by the owner. Replaced by govet 'fieldalignment'."
level=warning msg="[linters_context] rowserrcheck is disabled because of generics. You can track the evolution of the generics support by following the https://github.com/golangci/golangci-lint/issues/2649."
level=warning msg="[linters_context] structcheck is disabled because of generics. You can track the evolution of the generics support by following the https://github.com/golangci/golangci-lint/issues/2649."
level=warning msg="[linters_context] wastedassign is disabled because of generics. You can track the evolution of the generics support by following the https://github.com/golangci/golangci-lint/issues/2649."
roman_numerals_test.go:43:18: Error return value is not checked (errcheck)
			ToRomanNumeral(tc.input)
			              ^
roman_numerals_test.go:17: File is not `gofumpt`-ed (gofumpt)

roman_numerals_test.go:8:34: Using the variable on range scope `tc` in function literal (scopelint)
			actual, err := ToRomanNumeral(tc.input)
			                              ^
roman_numerals_test.go:11:65: Using the variable on range scope `tc` in function literal (scopelint)
				t.Fatalf("ToRomanNumeral(%d) returned error: %v, want: %q", tc.input, err, tc.expected)
				                                                            ^
roman_numerals_test.go:13:17: Using the variable on range scope `tc` in function literal (scopelint)
			if actual != tc.expected {
			             ^
roman_numerals_test.go:18:2: block should not end with a whitespace (or comment) (wsl)
	}
	^
roman_numerals_test.go:41:2: for statements should only be cuddled with assignments used in the iteration (wsl)
	for i := 0; i < b.N; i++ {
	^
roman_numerals.go:9:1: Duplicate words (and) found (dupword)
// ToRomanNumeral returns a roman numeral string and and error code.
^
cases_test.go:14:5: validRomanNumeralTests is a global variable (gochecknoglobals)
var validRomanNumeralTests = []romanNumeralTest{
    ^
roman_numerals.go:12:14: err113: do not define dynamic errors, use wrapped static errors instead: "errors.New(\"Roman numerals can't be less than or equal to 0\")" (goerr113)
		return "", errors.New("Roman numerals can't be less than or equal to 0")
		           ^
roman_numerals.go:17:14: err113: do not define dynamic errors, use wrapped static errors instead: "errors.New(\"Roman numerals were apparently rarely greater than 3k\")" (goerr113)
		return "", errors.New("Roman numerals were apparently rarely greater than 3k")
		           ^
roman_numerals.go:16:13: mnd: Magic number: 3_999, in <condition> detected (gomnd)
	if input > 3_999 {
	           ^
roman_numerals_test.go:5:1: Function TestRomanNumerals missing the call to method parallel (paralleltest)
func TestRomanNumerals(t *testing.T) {
^
roman_numerals_test.go:6:2: Range statement for test TestRomanNumerals missing the call to method parallel in test Run (paralleltest)
	for _, tc := range validRomanNumeralTests {
	^
roman_numerals_test.go:21:1: Function TestRomanNumeralsInvalid missing the call to method parallel (paralleltest)
func TestRomanNumeralsInvalid(t *testing.T) {
^
roman_numerals_test.go:27:2: Range statement for test TestRomanNumeralsInvalid missing the call to method parallel in test Run (paralleltest)
	for _, tc := range invalidRomanNumeralTests {
	^
cases_test.go:1:9: package should be `romannumerals_test` instead of `romannumerals` (testpackage)
package romannumerals
        ^
roman_numerals_examples_test.go:1:9: package should be `romannumerals_test` instead of `romannumerals` (testpackage)
package romannumerals
        ^
roman_numerals_test.go:1:9: package should be `romannumerals_test` instead of `romannumerals` (testpackage)
package romannumerals
        ^

real	0m1.437s
user	0m3.362s
sys	0m0.586s


 ==============================================================================

Exit code: -1

real	0m1.493s
user	0m3.388s
sys	0m0.636s

real	0m1.496s
user	0m3.388s
sys	0m0.640s

===============================================================================

Running: ../../.github/citools/go/go-lint-revive

Running Go Lint Revive

Go version:

	go version go1.21.1 linux/amd64


 ==============================================================================

Running: go clean ./...


real	0m0.017s
user	0m0.006s
sys	0m0.016s


 ==============================================================================

Running: revive -formatter=stylish ./...


real	0m0.043s
user	0m0.020s
sys	0m0.035s


 ==============================================================================

Exit code: 0

real	0m0.070s
user	0m0.030s
sys	0m0.061s

real	0m0.072s
user	0m0.032s
sys	0m0.061s

===============================================================================

Running: ../../.github/citools/go/go-lint-ineffassign

Running Go ineffassign

Go version:

	go version go1.21.1 linux/amd64


 ==============================================================================

Running: go clean ./...


real	0m0.024s
user	0m0.013s
sys	0m0.019s


 ==============================================================================

Running: ineffassign ./...


real	0m0.093s
user	0m0.123s
sys	0m0.117s


 ==============================================================================

Exit code: 0

real	0m0.133s
user	0m0.141s
sys	0m0.150s

real	0m0.135s
user	0m0.142s
sys	0m0.151s

===============================================================================

Running: ../../.github/citools/go/go-lint-go-consistent

Running Go go-consistent

Go version:

	go version go1.21.1 linux/amd64


 ==============================================================================

Running: go clean ./...


real	0m0.019s
user	0m0.014s
sys	0m0.012s


 ==============================================================================

Running: go-consistent -v ./...

	info: check "./."
internal error: package "errors" without types was imported from "romannumerals"

real	0m0.078s
user	0m0.112s
sys	0m0.101s


 ==============================================================================

Exit code: -1

real	0m0.110s
user	0m0.132s
sys	0m0.125s

real	0m0.112s
user	0m0.135s
sys	0m0.125s

===============================================================================

Running: ../../.github/citools/go/go-lint-staticcheck

Running Go StaticCheck

Go version:

	go version go1.21.1 linux/amd64


 ==============================================================================

Running: go clean ./...


real	0m0.023s
user	0m0.011s
sys	0m0.020s


 ==============================================================================

Running: staticcheck -checks=all ./...

roman_numerals.go:12:14: error strings should not be capitalized (ST1005)
roman_numerals.go:17:14: error strings should not be capitalized (ST1005)

real	0m1.232s
user	0m3.726s
sys	0m0.351s


 ==============================================================================

Exit code: -1

real	0m1.268s
user	0m3.744s
sys	0m0.382s

real	0m1.271s
user	0m3.745s
sys	0m0.384s

===============================================================================

Running: ../../.github/citools/go/go-lint-gocritic

Running Go gocritic

Go version:

	go version go1.21.1 linux/amd64


 ==============================================================================

Running: go clean ./...


real	0m0.030s
user	0m0.014s
sys	0m0.027s


 ==============================================================================

Running: gocritic check -enableAll ./...


real	0m0.794s
user	0m1.925s
sys	0m0.305s


 ==============================================================================

Exit code: 0

real	0m0.840s
user	0m1.947s
sys	0m0.344s

real	0m0.843s
user	0m1.949s
sys	0m0.346s

===============================================================================

Running: ../../.github/citools/go/go-lint-go_vet

Running Go Vet

Go version:

	go version go1.21.1 linux/amd64


 ==============================================================================

Running: go clean ./...


real	0m0.021s
user	0m0.013s
sys	0m0.014s


 ==============================================================================

Running: go vet ./...


real	0m0.071s
user	0m0.102s
sys	0m0.095s


 ==============================================================================

Exit code: 0

real	0m0.104s
user	0m0.116s
sys	0m0.124s

real	0m0.106s
user	0m0.117s
sys	0m0.125s

===============================================================================

Running: ../../.github/citools/go/go-fixer-go_fix

Running go fix

Go version:

	go version go1.21.1 linux/amd64


 ==============================================================================

Running: go clean ./...


real	0m0.025s
user	0m0.013s
sys	0m0.022s


 ==============================================================================

Running: go fix ./...


real	0m0.036s
user	0m0.022s
sys	0m0.027s


 ==============================================================================

Exit code: 0

real	0m0.073s
user	0m0.041s
sys	0m0.059s

real	0m0.074s
user	0m0.042s
sys	0m0.059s

===============================================================================

Running: ../../.github/citools/go/go-lint-errcheck

Running Go errcheck

Go version:

	go version go1.21.1 linux/amd64


 ==============================================================================

Running: go clean ./...


real	0m0.031s
user	0m0.017s
sys	0m0.026s


 ==============================================================================

Running: errcheck ./...

roman_numerals_test.go:43:18:	ToRomanNumeral(tc.input)

real	0m0.465s
user	0m1.424s
sys	0m0.280s


 ==============================================================================

Exit code: -1

real	0m0.515s
user	0m1.450s
sys	0m0.323s

real	0m0.518s
user	0m1.451s
sys	0m0.325s

===============================================================================

Running: ../../.github/citools/go/go-lint-gocyclo

Running Go gocyclo

Go version:

	go version go1.21.1 linux/amd64


 ==============================================================================

Running: go clean ./...


real	0m0.019s
user	0m0.011s
sys	0m0.014s


 ==============================================================================

Running: gocyclo .

6 romannumerals ToRomanNumeral roman_numerals.go:10:1
4 romannumerals BenchmarkRomanNumerals roman_numerals_test.go:37:1
4 romannumerals TestRomanNumerals roman_numerals_test.go:5:1
3 romannumerals TestRomanNumeralsInvalid roman_numerals_test.go:21:1
2 romannumerals ExampleToRomanNumeral roman_numerals_examples_test.go:5:1

real	0m0.003s
user	0m0.003s
sys	0m0.000s


 ==============================================================================

Exit code: 0

real	0m0.034s
user	0m0.018s
sys	0m0.025s

real	0m0.035s
user	0m0.020s
sys	0m0.025s

===============================================================================

Running: ../../.github/citools/go/go-lint-misspell

Running Go misspell

Go version:

	go version go1.21.1 linux/amd64


 ==============================================================================

Running: misspell .


real	0m0.030s
user	0m0.042s
sys	0m0.010s


 ==============================================================================

Exit code: 0

real	0m0.043s
user	0m0.048s
sys	0m0.022s

real	0m0.045s
user	0m0.049s
sys	0m0.022s

===============================================================================

Running: ../../.github/citools/go/go-lint-gosec

Running Go GoSec

Go version:

	go version go1.21.1 linux/amd64


 ==============================================================================

Running: go clean ./...


real	0m0.019s
user	0m0.009s
sys	0m0.018s


 ==============================================================================

Running: gosec ./...

[gosec] 2023/09/22 08:50:44 Including rules: default
[gosec] 2023/09/22 08:50:44 Excluding rules: default
[gosec] 2023/09/22 08:50:44 Import directory: /home/vpayno/git_vpayno/exercism-workspace/go/roman-numerals
[gosec] 2023/09/22 08:50:44 Checking package: romannumerals
[gosec] 2023/09/22 08:50:44 Checking file: /home/vpayno/git_vpayno/exercism-workspace/go/roman-numerals/roman_numerals.go
Results:


[1;36mSummary:[0m
  Gosec  : dev
  Files  : 1
  Lines  : 57
  Nosec  : 0
  Issues : [1;32m0[0m


real	0m0.103s
user	0m0.094s
sys	0m0.093s


 ==============================================================================

Exit code: 0

real	0m0.133s
user	0m0.105s
sys	0m0.125s

real	0m0.135s
user	0m0.106s
sys	0m0.125s

===============================================================================

Running: ../../.github/citools/go/go-test-cover-report

Running Go Test, Coverage & Reports

Go version:

	go version go1.21.1 linux/amd64


 ==============================================================================

Running: go clean ./...


real	0m0.039s
user	0m0.018s
sys	0m0.033s


 ==============================================================================

Running: gotest -v -covermode=count -coverprofile coverage.out ./...

=== RUN   TestRomanNumerals
=== RUN   TestRomanNumerals/1_is_I
=== RUN   TestRomanNumerals/2_is_II
=== RUN   TestRomanNumerals/3_is_III
=== RUN   TestRomanNumerals/4_is_IV
=== RUN   TestRomanNumerals/5_is_V
=== RUN   TestRomanNumerals/6_is_VI
=== RUN   TestRomanNumerals/9_is_IX
=== RUN   TestRomanNumerals/27_is_XXVII
=== RUN   TestRomanNumerals/48_is_XLVIII
=== RUN   TestRomanNumerals/49_is_XLIX
=== RUN   TestRomanNumerals/59_is_LIX
=== RUN   TestRomanNumerals/93_is_XCIII
=== RUN   TestRomanNumerals/141_is_CXLI
=== RUN   TestRomanNumerals/163_is_CLXIII
=== RUN   TestRomanNumerals/402_is_CDII
=== RUN   TestRomanNumerals/575_is_DLXXV
=== RUN   TestRomanNumerals/911_is_CMXI
=== RUN   TestRomanNumerals/1024_is_MXXIV
=== RUN   TestRomanNumerals/3000_is_MMM
=== RUN   TestRomanNumerals/16_is_XVI
=== RUN   TestRomanNumerals/66_is_LXVI
=== RUN   TestRomanNumerals/166_is_CLXVI
=== RUN   TestRomanNumerals/666_is_DCLXVI
=== RUN   TestRomanNumerals/1666_is_MDCLXVI
=== RUN   TestRomanNumerals/3001_is_MMMI
=== RUN   TestRomanNumerals/3999_is_MMMCMXCIX
--- PASS: TestRomanNumerals (0.00s)
    --- PASS: TestRomanNumerals/1_is_I (0.00s)
    --- PASS: TestRomanNumerals/2_is_II (0.00s)
    --- PASS: TestRomanNumerals/3_is_III (0.00s)
    --- PASS: TestRomanNumerals/4_is_IV (0.00s)
    --- PASS: TestRomanNumerals/5_is_V (0.00s)
    --- PASS: TestRomanNumerals/6_is_VI (0.00s)
    --- PASS: TestRomanNumerals/9_is_IX (0.00s)
    --- PASS: TestRomanNumerals/27_is_XXVII (0.00s)
    --- PASS: TestRomanNumerals/48_is_XLVIII (0.00s)
    --- PASS: TestRomanNumerals/49_is_XLIX (0.00s)
    --- PASS: TestRomanNumerals/59_is_LIX (0.00s)
    --- PASS: TestRomanNumerals/93_is_XCIII (0.00s)
    --- PASS: TestRomanNumerals/141_is_CXLI (0.00s)
    --- PASS: TestRomanNumerals/163_is_CLXIII (0.00s)
    --- PASS: TestRomanNumerals/402_is_CDII (0.00s)
    --- PASS: TestRomanNumerals/575_is_DLXXV (0.00s)
    --- PASS: TestRomanNumerals/911_is_CMXI (0.00s)
    --- PASS: TestRomanNumerals/1024_is_MXXIV (0.00s)
    --- PASS: TestRomanNumerals/3000_is_MMM (0.00s)
    --- PASS: TestRomanNumerals/16_is_XVI (0.00s)
    --- PASS: TestRomanNumerals/66_is_LXVI (0.00s)
    --- PASS: TestRomanNumerals/166_is_CLXVI (0.00s)
    --- PASS: TestRomanNumerals/666_is_DCLXVI (0.00s)
    --- PASS: TestRomanNumerals/1666_is_MDCLXVI (0.00s)
    --- PASS: TestRomanNumerals/3001_is_MMMI (0.00s)
    --- PASS: TestRomanNumerals/3999_is_MMMCMXCIX (0.00s)
=== RUN   TestRomanNumeralsInvalid
=== RUN   TestRomanNumeralsInvalid/0_is_out_of_range
=== RUN   TestRomanNumeralsInvalid/-1_is_out_of_range
=== RUN   TestRomanNumeralsInvalid/4000_is_out_of_range
--- PASS: TestRomanNumeralsInvalid (0.00s)
    --- PASS: TestRomanNumeralsInvalid/0_is_out_of_range (0.00s)
    --- PASS: TestRomanNumeralsInvalid/-1_is_out_of_range (0.00s)
    --- PASS: TestRomanNumeralsInvalid/4000_is_out_of_range (0.00s)
=== RUN   ExampleToRomanNumeral
--- PASS: ExampleToRomanNumeral (0.00s)
PASS
coverage: 100.0% of statements
ok  	romannumerals	0.003s	coverage: 100.0% of statements

real	0m0.214s
user	0m0.262s
sys	0m0.174s


 ==============================================================================

Running: go tool cover -func=coverage.out

romannumerals/roman_numerals.go:10:	ToRomanNumeral	100.0%
total:					(statements)	100.0%

real	0m0.046s
user	0m0.037s
sys	0m0.071s


 ==============================================================================

Running: go tool cover -html coverage.out -o coverage.html


real	0m0.044s
user	0m0.046s
sys	0m0.047s


 ==============================================================================

Running: cover_annotate

Running: gocov convert coverage.out | gocov annotate -ceiling=100 - | tee coverage-annotations.txt

real	0m0.016s
user	0m0.009s
sys	0m0.015s

real	0m0.016s
user	0m0.009s
sys	0m0.015s


 ==============================================================================

Running: gotest -v -race -covermode=atomic ./...

=== RUN   TestRomanNumerals
=== RUN   TestRomanNumerals/1_is_I
=== RUN   TestRomanNumerals/2_is_II
=== RUN   TestRomanNumerals/3_is_III
=== RUN   TestRomanNumerals/4_is_IV
=== RUN   TestRomanNumerals/5_is_V
=== RUN   TestRomanNumerals/6_is_VI
=== RUN   TestRomanNumerals/9_is_IX
=== RUN   TestRomanNumerals/27_is_XXVII
=== RUN   TestRomanNumerals/48_is_XLVIII
=== RUN   TestRomanNumerals/49_is_XLIX
=== RUN   TestRomanNumerals/59_is_LIX
=== RUN   TestRomanNumerals/93_is_XCIII
=== RUN   TestRomanNumerals/141_is_CXLI
=== RUN   TestRomanNumerals/163_is_CLXIII
=== RUN   TestRomanNumerals/402_is_CDII
=== RUN   TestRomanNumerals/575_is_DLXXV
=== RUN   TestRomanNumerals/911_is_CMXI
=== RUN   TestRomanNumerals/1024_is_MXXIV
=== RUN   TestRomanNumerals/3000_is_MMM
=== RUN   TestRomanNumerals/16_is_XVI
=== RUN   TestRomanNumerals/66_is_LXVI
=== RUN   TestRomanNumerals/166_is_CLXVI
=== RUN   TestRomanNumerals/666_is_DCLXVI
=== RUN   TestRomanNumerals/1666_is_MDCLXVI
=== RUN   TestRomanNumerals/3001_is_MMMI
=== RUN   TestRomanNumerals/3999_is_MMMCMXCIX
--- PASS: TestRomanNumerals (0.00s)
    --- PASS: TestRomanNumerals/1_is_I (0.00s)
    --- PASS: TestRomanNumerals/2_is_II (0.00s)
    --- PASS: TestRomanNumerals/3_is_III (0.00s)
    --- PASS: TestRomanNumerals/4_is_IV (0.00s)
    --- PASS: TestRomanNumerals/5_is_V (0.00s)
    --- PASS: TestRomanNumerals/6_is_VI (0.00s)
    --- PASS: TestRomanNumerals/9_is_IX (0.00s)
    --- PASS: TestRomanNumerals/27_is_XXVII (0.00s)
    --- PASS: TestRomanNumerals/48_is_XLVIII (0.00s)
    --- PASS: TestRomanNumerals/49_is_XLIX (0.00s)
    --- PASS: TestRomanNumerals/59_is_LIX (0.00s)
    --- PASS: TestRomanNumerals/93_is_XCIII (0.00s)
    --- PASS: TestRomanNumerals/141_is_CXLI (0.00s)
    --- PASS: TestRomanNumerals/163_is_CLXIII (0.00s)
    --- PASS: TestRomanNumerals/402_is_CDII (0.00s)
    --- PASS: TestRomanNumerals/575_is_DLXXV (0.00s)
    --- PASS: TestRomanNumerals/911_is_CMXI (0.00s)
    --- PASS: TestRomanNumerals/1024_is_MXXIV (0.00s)
    --- PASS: TestRomanNumerals/3000_is_MMM (0.00s)
    --- PASS: TestRomanNumerals/16_is_XVI (0.00s)
    --- PASS: TestRomanNumerals/66_is_LXVI (0.00s)
    --- PASS: TestRomanNumerals/166_is_CLXVI (0.00s)
    --- PASS: TestRomanNumerals/666_is_DCLXVI (0.00s)
    --- PASS: TestRomanNumerals/1666_is_MDCLXVI (0.00s)
    --- PASS: TestRomanNumerals/3001_is_MMMI (0.00s)
    --- PASS: TestRomanNumerals/3999_is_MMMCMXCIX (0.00s)
=== RUN   TestRomanNumeralsInvalid
=== RUN   TestRomanNumeralsInvalid/0_is_out_of_range
=== RUN   TestRomanNumeralsInvalid/-1_is_out_of_range
=== RUN   TestRomanNumeralsInvalid/4000_is_out_of_range
--- PASS: TestRomanNumeralsInvalid (0.00s)
    --- PASS: TestRomanNumeralsInvalid/0_is_out_of_range (0.00s)
    --- PASS: TestRomanNumeralsInvalid/-1_is_out_of_range (0.00s)
    --- PASS: TestRomanNumeralsInvalid/4000_is_out_of_range (0.00s)
=== RUN   ExampleToRomanNumeral
--- PASS: ExampleToRomanNumeral (0.00s)
PASS
coverage: 100.0% of statements
ok  	romannumerals	1.017s	coverage: 100.0% of statements

real	0m1.305s
user	0m0.337s
sys	0m0.249s


 ==============================================================================

Exit code: 0

real	0m1.683s
user	0m0.717s
sys	0m0.604s

real	0m1.685s
user	0m0.718s
sys	0m0.605s

===============================================================================

mv -v benchstat-new.txt benchstat-old.txt
renamed 'benchstat-new.txt' -> 'benchstat-old.txt'

gotest -v --run=xxx --bench . --benchmem |& tee benchstat-new.txt
goos: linux
goarch: amd64
pkg: romannumerals
cpu: 12th Gen Intel(R) Core(TM) i5-1240P
BenchmarkRomanNumerals
BenchmarkRomanNumerals-8   	   32944	     36660 ns/op	   27573 B/op	     169 allocs/op
PASS
ok  	romannumerals	1.582s

real	0m1.722s
user	0m1.806s
sys	0m0.182s

===============================================================================

gotest -v -tags bonus
=== RUN   TestRomanNumerals
=== RUN   TestRomanNumerals/1_is_I
=== RUN   TestRomanNumerals/2_is_II
=== RUN   TestRomanNumerals/3_is_III
=== RUN   TestRomanNumerals/4_is_IV
=== RUN   TestRomanNumerals/5_is_V
=== RUN   TestRomanNumerals/6_is_VI
=== RUN   TestRomanNumerals/9_is_IX
=== RUN   TestRomanNumerals/27_is_XXVII
=== RUN   TestRomanNumerals/48_is_XLVIII
=== RUN   TestRomanNumerals/49_is_XLIX
=== RUN   TestRomanNumerals/59_is_LIX
=== RUN   TestRomanNumerals/93_is_XCIII
=== RUN   TestRomanNumerals/141_is_CXLI
=== RUN   TestRomanNumerals/163_is_CLXIII
=== RUN   TestRomanNumerals/402_is_CDII
=== RUN   TestRomanNumerals/575_is_DLXXV
=== RUN   TestRomanNumerals/911_is_CMXI
=== RUN   TestRomanNumerals/1024_is_MXXIV
=== RUN   TestRomanNumerals/3000_is_MMM
=== RUN   TestRomanNumerals/16_is_XVI
=== RUN   TestRomanNumerals/66_is_LXVI
=== RUN   TestRomanNumerals/166_is_CLXVI
=== RUN   TestRomanNumerals/666_is_DCLXVI
=== RUN   TestRomanNumerals/1666_is_MDCLXVI
=== RUN   TestRomanNumerals/3001_is_MMMI
=== RUN   TestRomanNumerals/3999_is_MMMCMXCIX
--- PASS: TestRomanNumerals (0.00s)
    --- PASS: TestRomanNumerals/1_is_I (0.00s)
    --- PASS: TestRomanNumerals/2_is_II (0.00s)
    --- PASS: TestRomanNumerals/3_is_III (0.00s)
    --- PASS: TestRomanNumerals/4_is_IV (0.00s)
    --- PASS: TestRomanNumerals/5_is_V (0.00s)
    --- PASS: TestRomanNumerals/6_is_VI (0.00s)
    --- PASS: TestRomanNumerals/9_is_IX (0.00s)
    --- PASS: TestRomanNumerals/27_is_XXVII (0.00s)
    --- PASS: TestRomanNumerals/48_is_XLVIII (0.00s)
    --- PASS: TestRomanNumerals/49_is_XLIX (0.00s)
    --- PASS: TestRomanNumerals/59_is_LIX (0.00s)
    --- PASS: TestRomanNumerals/93_is_XCIII (0.00s)
    --- PASS: TestRomanNumerals/141_is_CXLI (0.00s)
    --- PASS: TestRomanNumerals/163_is_CLXIII (0.00s)
    --- PASS: TestRomanNumerals/402_is_CDII (0.00s)
    --- PASS: TestRomanNumerals/575_is_DLXXV (0.00s)
    --- PASS: TestRomanNumerals/911_is_CMXI (0.00s)
    --- PASS: TestRomanNumerals/1024_is_MXXIV (0.00s)
    --- PASS: TestRomanNumerals/3000_is_MMM (0.00s)
    --- PASS: TestRomanNumerals/16_is_XVI (0.00s)
    --- PASS: TestRomanNumerals/66_is_LXVI (0.00s)
    --- PASS: TestRomanNumerals/166_is_CLXVI (0.00s)
    --- PASS: TestRomanNumerals/666_is_DCLXVI (0.00s)
    --- PASS: TestRomanNumerals/1666_is_MDCLXVI (0.00s)
    --- PASS: TestRomanNumerals/3001_is_MMMI (0.00s)
    --- PASS: TestRomanNumerals/3999_is_MMMCMXCIX (0.00s)
=== RUN   TestRomanNumeralsInvalid
=== RUN   TestRomanNumeralsInvalid/0_is_out_of_range
=== RUN   TestRomanNumeralsInvalid/-1_is_out_of_range
=== RUN   TestRomanNumeralsInvalid/4000_is_out_of_range
--- PASS: TestRomanNumeralsInvalid (0.00s)
    --- PASS: TestRomanNumeralsInvalid/0_is_out_of_range (0.00s)
    --- PASS: TestRomanNumeralsInvalid/-1_is_out_of_range (0.00s)
    --- PASS: TestRomanNumeralsInvalid/4000_is_out_of_range (0.00s)
=== RUN   ExampleToRomanNumeral
--- PASS: ExampleToRomanNumeral (0.00s)
PASS
ok  	romannumerals	0.002s

real	0m0.156s
user	0m0.191s
sys	0m0.177s

===============================================================================

benchstat benchstat-old.txt benchstat-new.txt
benchstat-old.txt:5: missing iteration count
benchstat-new.txt:5: missing iteration count
goos: linux
goarch: amd64
pkg: romannumerals
cpu: 12th Gen Intel(R) Core(TM) i5-1240P
                â”‚ benchstat-old.txt â”‚        benchstat-new.txt        â”‚
                â”‚      sec/op       â”‚    sec/op     vs base           â”‚
RomanNumerals-8        32.72Âµ Â± âˆž Â¹   36.66Âµ Â± âˆž Â¹  ~ (p=1.000 n=1) Â²
Â¹ need >= 6 samples for confidence interval at level 0.95
Â² need >= 4 samples to detect a difference at alpha level 0.05

                â”‚ benchstat-old.txt â”‚        benchstat-new.txt         â”‚
                â”‚       B/op        â”‚     B/op       vs base           â”‚
RomanNumerals-8       24.83Ki Â± âˆž Â¹   26.93Ki Â± âˆž Â¹  ~ (p=1.000 n=1) Â²
Â¹ need >= 6 samples for confidence interval at level 0.95
Â² need >= 4 samples to detect a difference at alpha level 0.05

                â”‚ benchstat-old.txt â”‚       benchstat-new.txt        â”‚
                â”‚     allocs/op     â”‚  allocs/op   vs base           â”‚
RomanNumerals-8         153.0 Â± âˆž Â¹   169.0 Â± âˆž Â¹  ~ (p=1.000 n=1) Â²
Â¹ need >= 6 samples for confidence interval at level 0.95
Â² need >= 4 samples to detect a difference at alpha level 0.05

real	0m0.004s
user	0m0.000s
sys	0m0.003s

===============================================================================

gomarkdoc --output romannumerals-doc.md

real	0m0.012s
user	0m0.006s
sys	0m0.006s

===============================================================================

go doc -all romannumerals
package romannumerals // import "romannumerals"

Package romannumerals is used to convert numbers from decimals to roman
numerals.

FUNCTIONS

func ToRomanNumeral(input int) (string, error)
    ToRomanNumeral returns a roman numeral string and and error code.


real	0m0.042s
user	0m0.020s
sys	0m0.035s


===============================================================================

