Running automated test file(s):

Go packages: romannumerals 


===============================================================================

Running: ../../.github/citools/go/go-lint-golangci-lint

Running GoLangCi-Lint

Go version:

	go version go1.21.1 linux/amd64


 ==============================================================================

Running: go clean ./...


real	0m0.036s
user	0m0.024s
sys	0m0.026s


 ==============================================================================

Running: golangci-lint run --enable-all ./...

level=warning msg="[runner] The linter 'varcheck' is deprecated (since v1.49.0) due to: The owner seems to have abandoned the linter. Replaced by unused."
level=warning msg="[runner] The linter 'deadcode' is deprecated (since v1.49.0) due to: The owner seems to have abandoned the linter. Replaced by unused."
level=warning msg="[runner] The linter 'interfacer' is deprecated (since v1.38.0) due to: The repository of the linter has been archived by the owner. "
level=warning msg="[runner] The linter 'maligned' is deprecated (since v1.38.0) due to: The repository of the linter has been archived by the owner. Replaced by govet 'fieldalignment'."
level=warning msg="[runner] The linter 'scopelint' is deprecated (since v1.39.0) due to: The repository of the linter has been deprecated by the owner. Replaced by exportloopref."
level=warning msg="[runner] The linter 'exhaustivestruct' is deprecated (since v1.46.0) due to: The owner seems to have abandoned the linter. Replaced by exhaustruct."
level=warning msg="[runner] The linter 'structcheck' is deprecated (since v1.49.0) due to: The owner seems to have abandoned the linter. Replaced by unused."
level=warning msg="[runner] The linter 'ifshort' is deprecated (since v1.48.0) due to: The repository of the linter has been deprecated by the owner. "
level=warning msg="[runner] The linter 'golint' is deprecated (since v1.41.0) due to: The repository of the linter has been archived by the owner. Replaced by revive."
level=warning msg="[runner] The linter 'nosnakecase' is deprecated (since v1.48.1) due to: The repository of the linter has been deprecated by the owner. Replaced by revive(var-naming)."
roman_numerals_test.go:47:18: Error return value is not checked (errcheck)
			ToRomanNumeral(tc.input)
			              ^
roman_numerals_test.go:8:34: Using the variable on range scope `tc` in function literal (scopelint)
			actual, err := ToRomanNumeral(tc.input)
			                              ^
roman_numerals_test.go:13:6: Using the variable on range scope `tc` in function literal (scopelint)
					tc.input,
					^
roman_numerals_test.go:15:6: Using the variable on range scope `tc` in function literal (scopelint)
					tc.expected,
					^
roman_numerals_test.go:45:2: for statements should only be cuddled with assignments used in the iteration (wsl)
	for i := 0; i < b.N; i++ {
	^
roman_numerals.go:9:1: Duplicate words (and) found (dupword)
// ToRomanNumeral returns a roman numeral string and and error code.
^
cases_test.go:12:5: validRomanNumeralTests is a global variable (gochecknoglobals)
var validRomanNumeralTests = []romanNumeralTest{
    ^
roman_numerals.go:12:14: err113: do not define dynamic errors, use wrapped static errors instead: "errors.New(\"Roman numerals can't be less than or equal to 0\")" (goerr113)
		return "", errors.New("Roman numerals can't be less than or equal to 0")
		           ^
roman_numerals.go:17:14: err113: do not define dynamic errors, use wrapped static errors instead: "errors.New(\"Roman numerals were apparently rarely greater than 3k\")" (goerr113)
		return "", errors.New("Roman numerals were apparently rarely greater than 3k")
		           ^
roman_numerals.go:16:13: mnd: Magic number: 3_000, in <condition> detected (gomnd)
	if input > 3_000 {
	           ^
roman_numerals_test.go:5:1: Function TestRomanNumerals missing the call to method parallel (paralleltest)
func TestRomanNumerals(t *testing.T) {
^
roman_numerals_test.go:6:2: Range statement for test TestRomanNumerals missing the call to method parallel in test Run (paralleltest)
	for _, tc := range validRomanNumeralTests {
	^
roman_numerals_test.go:25:1: Function TestRomanNumeralsInvalid missing the call to method parallel (paralleltest)
func TestRomanNumeralsInvalid(t *testing.T) {
^
roman_numerals_test.go:31:2: Range statement for test TestRomanNumeralsInvalid missing the call to method parallel in test Run (paralleltest)
	for _, tc := range invalidRomanNumeralTests {
	^
cases_test.go:1:9: package should be `romannumerals_test` instead of `romannumerals` (testpackage)
package romannumerals
        ^
roman_numerals_examples_test.go:1:9: package should be `romannumerals_test` instead of `romannumerals` (testpackage)
package romannumerals
        ^
roman_numerals_test.go:1:9: package should be `romannumerals_test` instead of `romannumerals` (testpackage)
package romannumerals
        ^

real	0m0.517s
user	0m0.768s
sys	0m0.489s


 ==============================================================================

Exit code: -1

real	0m0.574s
user	0m0.801s
sys	0m0.535s

real	0m0.577s
user	0m0.801s
sys	0m0.540s

===============================================================================

Running: ../../.github/citools/go/go-lint-revive

Running Go Lint Revive

Go version:

	go version go1.21.1 linux/amd64


 ==============================================================================

Running: go clean ./...


real	0m0.022s
user	0m0.013s
sys	0m0.018s


 ==============================================================================

Running: revive -formatter=stylish ./...


real	0m0.086s
user	0m0.040s
sys	0m0.048s


 ==============================================================================

Exit code: 0

real	0m0.119s
user	0m0.057s
sys	0m0.077s

real	0m0.121s
user	0m0.058s
sys	0m0.078s

===============================================================================

Running: ../../.github/citools/go/go-lint-ineffassign

Running Go ineffassign

Go version:

	go version go1.21.1 linux/amd64


 ==============================================================================

Running: go clean ./...


real	0m0.026s
user	0m0.014s
sys	0m0.022s


 ==============================================================================

Running: ineffassign ./...


real	0m0.076s
user	0m0.113s
sys	0m0.098s


 ==============================================================================

Exit code: 0

real	0m0.119s
user	0m0.135s
sys	0m0.135s

real	0m0.122s
user	0m0.136s
sys	0m0.136s

===============================================================================

Running: ../../.github/citools/go/go-lint-go-consistent

Running Go go-consistent

Go version:

	go version go1.21.1 linux/amd64


 ==============================================================================

Running: go clean ./...


real	0m0.018s
user	0m0.010s
sys	0m0.015s


 ==============================================================================

Running: go-consistent -v ./...

	info: check "./."
internal error: package "errors" without types was imported from "romannumerals"

real	0m0.089s
user	0m0.120s
sys	0m0.095s


 ==============================================================================

Exit code: -1

real	0m0.117s
user	0m0.134s
sys	0m0.119s

real	0m0.118s
user	0m0.134s
sys	0m0.121s

===============================================================================

Running: ../../.github/citools/go/go-lint-staticcheck

Running Go StaticCheck

Go version:

	go version go1.21.1 linux/amd64


 ==============================================================================

Running: go clean ./...


real	0m0.019s
user	0m0.007s
sys	0m0.019s


 ==============================================================================

Running: staticcheck -checks=all ./...

roman_numerals.go:12:14: error strings should not be capitalized (ST1005)
roman_numerals.go:17:14: error strings should not be capitalized (ST1005)

real	0m1.231s
user	0m3.548s
sys	0m0.354s


 ==============================================================================

Exit code: -1

real	0m1.264s
user	0m3.560s
sys	0m0.388s

real	0m1.268s
user	0m3.562s
sys	0m0.389s

===============================================================================

Running: ../../.github/citools/go/go-lint-gocritic

Running Go gocritic

Go version:

	go version go1.21.1 linux/amd64


 ==============================================================================

Running: go clean ./...


real	0m0.040s
user	0m0.018s
sys	0m0.040s


 ==============================================================================

Running: gocritic check -enableAll ./...


real	0m0.888s
user	0m2.038s
sys	0m0.325s


 ==============================================================================

Exit code: 0

real	0m0.952s
user	0m2.065s
sys	0m0.387s

real	0m0.956s
user	0m2.066s
sys	0m0.390s

===============================================================================

Running: ../../.github/citools/go/go-lint-go_vet

Running Go Vet

Go version:

	go version go1.21.1 linux/amd64


 ==============================================================================

Running: go clean ./...


real	0m0.040s
user	0m0.025s
sys	0m0.031s


 ==============================================================================

Running: go vet ./...


real	0m0.088s
user	0m0.119s
sys	0m0.130s


 ==============================================================================

Exit code: 0

real	0m0.145s
user	0m0.153s
sys	0m0.176s

real	0m0.147s
user	0m0.153s
sys	0m0.178s

===============================================================================

Running: ../../.github/citools/go/go-fixer-go_fix

Running go fix

Go version:

	go version go1.21.1 linux/amd64


 ==============================================================================

Running: go clean ./...


real	0m0.029s
user	0m0.022s
sys	0m0.016s


 ==============================================================================

Running: go fix ./...


real	0m0.048s
user	0m0.016s
sys	0m0.033s


 ==============================================================================

Exit code: 0

real	0m0.090s
user	0m0.040s
sys	0m0.063s

real	0m0.092s
user	0m0.042s
sys	0m0.063s

===============================================================================

Running: ../../.github/citools/go/go-lint-errcheck

Running Go errcheck

Go version:

	go version go1.21.1 linux/amd64


 ==============================================================================

Running: go clean ./...


real	0m0.032s
user	0m0.022s
sys	0m0.022s


 ==============================================================================

Running: errcheck ./...

roman_numerals_test.go:47:18:	ToRomanNumeral(tc.input)

real	0m0.487s
user	0m1.576s
sys	0m0.310s


 ==============================================================================

Exit code: -1

real	0m0.537s
user	0m1.605s
sys	0m0.349s

real	0m0.539s
user	0m1.606s
sys	0m0.350s

===============================================================================

Running: ../../.github/citools/go/go-lint-gocyclo

Running Go gocyclo

Go version:

	go version go1.21.1 linux/amd64


 ==============================================================================

Running: go clean ./...


real	0m0.019s
user	0m0.017s
sys	0m0.009s


 ==============================================================================

Running: gocyclo .

6 romannumerals ToRomanNumeral roman_numerals.go:10:1
4 romannumerals BenchmarkRomanNumerals roman_numerals_test.go:41:1
4 romannumerals TestRomanNumerals roman_numerals_test.go:5:1
3 romannumerals TestRomanNumeralsInvalid roman_numerals_test.go:25:1
2 romannumerals ExampleToRomanNumeral roman_numerals_examples_test.go:5:1

real	0m0.014s
user	0m0.002s
sys	0m0.001s


 ==============================================================================

Exit code: 0

real	0m0.041s
user	0m0.023s
sys	0m0.018s

real	0m0.043s
user	0m0.025s
sys	0m0.018s

===============================================================================

Running: ../../.github/citools/go/go-lint-misspell

Running Go misspell

Go version:

	go version go1.21.1 linux/amd64


 ==============================================================================

Running: misspell .

coverage-annotations.txt:17:46: "substract" is a misspelling of "subtract"
coverage.html:105:44: "substract" is a misspelling of "subtract"

real	0m0.027s
user	0m0.032s
sys	0m0.012s


 ==============================================================================

Exit code: 0

real	0m0.041s
user	0m0.040s
sys	0m0.022s

real	0m0.043s
user	0m0.041s
sys	0m0.024s

===============================================================================

Running: ../../.github/citools/go/go-lint-gosec

Running Go GoSec

Go version:

	go version go1.21.1 linux/amd64


 ==============================================================================

Running: go clean ./...


real	0m0.020s
user	0m0.012s
sys	0m0.012s


 ==============================================================================

Running: gosec ./...

[gosec] 2023/09/21 23:24:17 Including rules: default
[gosec] 2023/09/21 23:24:17 Excluding rules: default
[gosec] 2023/09/21 23:24:17 Import directory: /home/vpayno/git_vpayno/exercism-workspace/go/roman-numerals
[gosec] 2023/09/21 23:24:17 Checking package: romannumerals
[gosec] 2023/09/21 23:24:17 Checking file: /home/vpayno/git_vpayno/exercism-workspace/go/roman-numerals/roman_numerals.go
Results:


[1;36mSummary:[0m
  Gosec  : dev
  Files  : 1
  Lines  : 57
  Nosec  : 0
  Issues : [1;32m0[0m


real	0m0.121s
user	0m0.135s
sys	0m0.133s


 ==============================================================================

Exit code: 0

real	0m0.154s
user	0m0.153s
sys	0m0.154s

real	0m0.156s
user	0m0.154s
sys	0m0.155s

===============================================================================

Running: ../../.github/citools/go/go-test-cover-report

Running Go Test, Coverage & Reports

Go version:

	go version go1.21.1 linux/amd64


 ==============================================================================

Running: go clean ./...


real	0m0.023s
user	0m0.012s
sys	0m0.020s


 ==============================================================================

Running: gotest -v -covermode=count -coverprofile coverage.out ./...

=== RUN   TestRomanNumerals
=== RUN   TestRomanNumerals/1_is_I
=== RUN   TestRomanNumerals/2_is_II
=== RUN   TestRomanNumerals/3_is_III
=== RUN   TestRomanNumerals/4_is_IV
=== RUN   TestRomanNumerals/5_is_V
=== RUN   TestRomanNumerals/6_is_VI
=== RUN   TestRomanNumerals/9_is_IX
=== RUN   TestRomanNumerals/27_is_XXVII
=== RUN   TestRomanNumerals/48_is_XLVIII
=== RUN   TestRomanNumerals/49_is_XLIX
=== RUN   TestRomanNumerals/59_is_LIX
=== RUN   TestRomanNumerals/93_is_XCIII
=== RUN   TestRomanNumerals/141_is_CXLI
=== RUN   TestRomanNumerals/163_is_CLXIII
=== RUN   TestRomanNumerals/402_is_CDII
=== RUN   TestRomanNumerals/575_is_DLXXV
=== RUN   TestRomanNumerals/911_is_CMXI
=== RUN   TestRomanNumerals/1024_is_MXXIV
=== RUN   TestRomanNumerals/3000_is_MMM
=== RUN   TestRomanNumerals/16_is_XVI
=== RUN   TestRomanNumerals/66_is_LXVI
=== RUN   TestRomanNumerals/166_is_CLXVI
=== RUN   TestRomanNumerals/666_is_DCLXVI
=== RUN   TestRomanNumerals/1666_is_MDCLXVI
--- PASS: TestRomanNumerals (0.00s)
    --- PASS: TestRomanNumerals/1_is_I (0.00s)
    --- PASS: TestRomanNumerals/2_is_II (0.00s)
    --- PASS: TestRomanNumerals/3_is_III (0.00s)
    --- PASS: TestRomanNumerals/4_is_IV (0.00s)
    --- PASS: TestRomanNumerals/5_is_V (0.00s)
    --- PASS: TestRomanNumerals/6_is_VI (0.00s)
    --- PASS: TestRomanNumerals/9_is_IX (0.00s)
    --- PASS: TestRomanNumerals/27_is_XXVII (0.00s)
    --- PASS: TestRomanNumerals/48_is_XLVIII (0.00s)
    --- PASS: TestRomanNumerals/49_is_XLIX (0.00s)
    --- PASS: TestRomanNumerals/59_is_LIX (0.00s)
    --- PASS: TestRomanNumerals/93_is_XCIII (0.00s)
    --- PASS: TestRomanNumerals/141_is_CXLI (0.00s)
    --- PASS: TestRomanNumerals/163_is_CLXIII (0.00s)
    --- PASS: TestRomanNumerals/402_is_CDII (0.00s)
    --- PASS: TestRomanNumerals/575_is_DLXXV (0.00s)
    --- PASS: TestRomanNumerals/911_is_CMXI (0.00s)
    --- PASS: TestRomanNumerals/1024_is_MXXIV (0.00s)
    --- PASS: TestRomanNumerals/3000_is_MMM (0.00s)
    --- PASS: TestRomanNumerals/16_is_XVI (0.00s)
    --- PASS: TestRomanNumerals/66_is_LXVI (0.00s)
    --- PASS: TestRomanNumerals/166_is_CLXVI (0.00s)
    --- PASS: TestRomanNumerals/666_is_DCLXVI (0.00s)
    --- PASS: TestRomanNumerals/1666_is_MDCLXVI (0.00s)
=== RUN   TestRomanNumeralsInvalid
=== RUN   TestRomanNumeralsInvalid/0_is_out_of_range
=== RUN   TestRomanNumeralsInvalid/-1_is_out_of_range
=== RUN   TestRomanNumeralsInvalid/3001_is_out_of_range
--- PASS: TestRomanNumeralsInvalid (0.00s)
    --- PASS: TestRomanNumeralsInvalid/0_is_out_of_range (0.00s)
    --- PASS: TestRomanNumeralsInvalid/-1_is_out_of_range (0.00s)
    --- PASS: TestRomanNumeralsInvalid/3001_is_out_of_range (0.00s)
=== RUN   ExampleToRomanNumeral
--- PASS: ExampleToRomanNumeral (0.00s)
PASS
coverage: 100.0% of statements
ok  	romannumerals	0.004s	coverage: 100.0% of statements

real	0m0.198s
user	0m0.208s
sys	0m0.172s


 ==============================================================================

Running: go tool cover -func=coverage.out

romannumerals/roman_numerals.go:10:	ToRomanNumeral	100.0%
total:					(statements)	100.0%

real	0m0.060s
user	0m0.070s
sys	0m0.069s


 ==============================================================================

Running: go tool cover -html coverage.out -o coverage.html


real	0m0.043s
user	0m0.046s
sys	0m0.051s


 ==============================================================================

Running: cover_annotate

Running: gocov convert coverage.out | gocov annotate -ceiling=100 - | tee coverage-annotations.txt

real	0m0.041s
user	0m0.017s
sys	0m0.023s

real	0m0.041s
user	0m0.018s
sys	0m0.023s


 ==============================================================================

Running: gotest -v -race -covermode=atomic ./...

=== RUN   TestRomanNumerals
=== RUN   TestRomanNumerals/1_is_I
=== RUN   TestRomanNumerals/2_is_II
=== RUN   TestRomanNumerals/3_is_III
=== RUN   TestRomanNumerals/4_is_IV
=== RUN   TestRomanNumerals/5_is_V
=== RUN   TestRomanNumerals/6_is_VI
=== RUN   TestRomanNumerals/9_is_IX
=== RUN   TestRomanNumerals/27_is_XXVII
=== RUN   TestRomanNumerals/48_is_XLVIII
=== RUN   TestRomanNumerals/49_is_XLIX
=== RUN   TestRomanNumerals/59_is_LIX
=== RUN   TestRomanNumerals/93_is_XCIII
=== RUN   TestRomanNumerals/141_is_CXLI
=== RUN   TestRomanNumerals/163_is_CLXIII
=== RUN   TestRomanNumerals/402_is_CDII
=== RUN   TestRomanNumerals/575_is_DLXXV
=== RUN   TestRomanNumerals/911_is_CMXI
=== RUN   TestRomanNumerals/1024_is_MXXIV
=== RUN   TestRomanNumerals/3000_is_MMM
=== RUN   TestRomanNumerals/16_is_XVI
=== RUN   TestRomanNumerals/66_is_LXVI
=== RUN   TestRomanNumerals/166_is_CLXVI
=== RUN   TestRomanNumerals/666_is_DCLXVI
=== RUN   TestRomanNumerals/1666_is_MDCLXVI
--- PASS: TestRomanNumerals (0.00s)
    --- PASS: TestRomanNumerals/1_is_I (0.00s)
    --- PASS: TestRomanNumerals/2_is_II (0.00s)
    --- PASS: TestRomanNumerals/3_is_III (0.00s)
    --- PASS: TestRomanNumerals/4_is_IV (0.00s)
    --- PASS: TestRomanNumerals/5_is_V (0.00s)
    --- PASS: TestRomanNumerals/6_is_VI (0.00s)
    --- PASS: TestRomanNumerals/9_is_IX (0.00s)
    --- PASS: TestRomanNumerals/27_is_XXVII (0.00s)
    --- PASS: TestRomanNumerals/48_is_XLVIII (0.00s)
    --- PASS: TestRomanNumerals/49_is_XLIX (0.00s)
    --- PASS: TestRomanNumerals/59_is_LIX (0.00s)
    --- PASS: TestRomanNumerals/93_is_XCIII (0.00s)
    --- PASS: TestRomanNumerals/141_is_CXLI (0.00s)
    --- PASS: TestRomanNumerals/163_is_CLXIII (0.00s)
    --- PASS: TestRomanNumerals/402_is_CDII (0.00s)
    --- PASS: TestRomanNumerals/575_is_DLXXV (0.00s)
    --- PASS: TestRomanNumerals/911_is_CMXI (0.00s)
    --- PASS: TestRomanNumerals/1024_is_MXXIV (0.00s)
    --- PASS: TestRomanNumerals/3000_is_MMM (0.00s)
    --- PASS: TestRomanNumerals/16_is_XVI (0.00s)
    --- PASS: TestRomanNumerals/66_is_LXVI (0.00s)
    --- PASS: TestRomanNumerals/166_is_CLXVI (0.00s)
    --- PASS: TestRomanNumerals/666_is_DCLXVI (0.00s)
    --- PASS: TestRomanNumerals/1666_is_MDCLXVI (0.00s)
=== RUN   TestRomanNumeralsInvalid
=== RUN   TestRomanNumeralsInvalid/0_is_out_of_range
=== RUN   TestRomanNumeralsInvalid/-1_is_out_of_range
=== RUN   TestRomanNumeralsInvalid/3001_is_out_of_range
--- PASS: TestRomanNumeralsInvalid (0.00s)
    --- PASS: TestRomanNumeralsInvalid/0_is_out_of_range (0.00s)
    --- PASS: TestRomanNumeralsInvalid/-1_is_out_of_range (0.00s)
    --- PASS: TestRomanNumeralsInvalid/3001_is_out_of_range (0.00s)
=== RUN   ExampleToRomanNumeral
--- PASS: ExampleToRomanNumeral (0.00s)
PASS
coverage: 100.0% of statements
ok  	romannumerals	1.016s	coverage: 100.0% of statements

real	0m1.460s
user	0m0.376s
sys	0m0.230s


 ==============================================================================

Exit code: 0

real	0m1.843s
user	0m0.740s
sys	0m0.580s

real	0m1.847s
user	0m0.741s
sys	0m0.582s

===============================================================================

mv -v benchstat-new.txt benchstat-old.txt
renamed 'benchstat-new.txt' -> 'benchstat-old.txt'

gotest -v --run=xxx --bench . --benchmem |& tee benchstat-new.txt
goos: linux
goarch: amd64
pkg: romannumerals
cpu: 12th Gen Intel(R) Core(TM) i5-1240P
BenchmarkRomanNumerals
BenchmarkRomanNumerals-8   	   35883	     32718 ns/op	   25428 B/op	     153 allocs/op
PASS
ok  	romannumerals	1.524s

real	0m1.677s
user	0m1.749s
sys	0m0.191s

===============================================================================

gotest -v -tags bonus
=== RUN   TestRomanNumerals
=== RUN   TestRomanNumerals/1_is_I
=== RUN   TestRomanNumerals/2_is_II
=== RUN   TestRomanNumerals/3_is_III
=== RUN   TestRomanNumerals/4_is_IV
=== RUN   TestRomanNumerals/5_is_V
=== RUN   TestRomanNumerals/6_is_VI
=== RUN   TestRomanNumerals/9_is_IX
=== RUN   TestRomanNumerals/27_is_XXVII
=== RUN   TestRomanNumerals/48_is_XLVIII
=== RUN   TestRomanNumerals/49_is_XLIX
=== RUN   TestRomanNumerals/59_is_LIX
=== RUN   TestRomanNumerals/93_is_XCIII
=== RUN   TestRomanNumerals/141_is_CXLI
=== RUN   TestRomanNumerals/163_is_CLXIII
=== RUN   TestRomanNumerals/402_is_CDII
=== RUN   TestRomanNumerals/575_is_DLXXV
=== RUN   TestRomanNumerals/911_is_CMXI
=== RUN   TestRomanNumerals/1024_is_MXXIV
=== RUN   TestRomanNumerals/3000_is_MMM
=== RUN   TestRomanNumerals/16_is_XVI
=== RUN   TestRomanNumerals/66_is_LXVI
=== RUN   TestRomanNumerals/166_is_CLXVI
=== RUN   TestRomanNumerals/666_is_DCLXVI
=== RUN   TestRomanNumerals/1666_is_MDCLXVI
--- PASS: TestRomanNumerals (0.00s)
    --- PASS: TestRomanNumerals/1_is_I (0.00s)
    --- PASS: TestRomanNumerals/2_is_II (0.00s)
    --- PASS: TestRomanNumerals/3_is_III (0.00s)
    --- PASS: TestRomanNumerals/4_is_IV (0.00s)
    --- PASS: TestRomanNumerals/5_is_V (0.00s)
    --- PASS: TestRomanNumerals/6_is_VI (0.00s)
    --- PASS: TestRomanNumerals/9_is_IX (0.00s)
    --- PASS: TestRomanNumerals/27_is_XXVII (0.00s)
    --- PASS: TestRomanNumerals/48_is_XLVIII (0.00s)
    --- PASS: TestRomanNumerals/49_is_XLIX (0.00s)
    --- PASS: TestRomanNumerals/59_is_LIX (0.00s)
    --- PASS: TestRomanNumerals/93_is_XCIII (0.00s)
    --- PASS: TestRomanNumerals/141_is_CXLI (0.00s)
    --- PASS: TestRomanNumerals/163_is_CLXIII (0.00s)
    --- PASS: TestRomanNumerals/402_is_CDII (0.00s)
    --- PASS: TestRomanNumerals/575_is_DLXXV (0.00s)
    --- PASS: TestRomanNumerals/911_is_CMXI (0.00s)
    --- PASS: TestRomanNumerals/1024_is_MXXIV (0.00s)
    --- PASS: TestRomanNumerals/3000_is_MMM (0.00s)
    --- PASS: TestRomanNumerals/16_is_XVI (0.00s)
    --- PASS: TestRomanNumerals/66_is_LXVI (0.00s)
    --- PASS: TestRomanNumerals/166_is_CLXVI (0.00s)
    --- PASS: TestRomanNumerals/666_is_DCLXVI (0.00s)
    --- PASS: TestRomanNumerals/1666_is_MDCLXVI (0.00s)
=== RUN   TestRomanNumeralsInvalid
=== RUN   TestRomanNumeralsInvalid/0_is_out_of_range
=== RUN   TestRomanNumeralsInvalid/-1_is_out_of_range
=== RUN   TestRomanNumeralsInvalid/3001_is_out_of_range
--- PASS: TestRomanNumeralsInvalid (0.00s)
    --- PASS: TestRomanNumeralsInvalid/0_is_out_of_range (0.00s)
    --- PASS: TestRomanNumeralsInvalid/-1_is_out_of_range (0.00s)
    --- PASS: TestRomanNumeralsInvalid/3001_is_out_of_range (0.00s)
=== RUN   ExampleToRomanNumeral
--- PASS: ExampleToRomanNumeral (0.00s)
PASS
ok  	romannumerals	0.003s

real	0m0.133s
user	0m0.173s
sys	0m0.140s

===============================================================================

benchstat benchstat-old.txt benchstat-new.txt
benchstat-old.txt:5: missing iteration count
benchstat-new.txt:5: missing iteration count
goos: linux
goarch: amd64
pkg: romannumerals
cpu: 12th Gen Intel(R) Core(TM) i5-1240P
                │ benchstat-old.txt │        benchstat-new.txt         │
                │      sec/op       │    sec/op      vs base           │
RomanNumerals-8        7.754µ ± ∞ ¹   32.718µ ± ∞ ¹  ~ (p=1.000 n=1) ²
¹ need >= 6 samples for confidence interval at level 0.95
² need >= 4 samples to detect a difference at alpha level 0.05

                │ benchstat-old.txt │        benchstat-new.txt         │
                │       B/op        │     B/op       vs base           │
RomanNumerals-8         256.0 ± ∞ ¹   25428.0 ± ∞ ¹  ~ (p=1.000 n=1) ²
¹ need >= 6 samples for confidence interval at level 0.95
² need >= 4 samples to detect a difference at alpha level 0.05

                │ benchstat-old.txt │        benchstat-new.txt        │
                │     allocs/op     │  allocs/op    vs base           │
RomanNumerals-8         63.00 ± ∞ ¹   153.00 ± ∞ ¹  ~ (p=1.000 n=1) ²
¹ need >= 6 samples for confidence interval at level 0.95
² need >= 4 samples to detect a difference at alpha level 0.05

real	0m0.014s
user	0m0.003s
sys	0m0.001s

===============================================================================

gomarkdoc --output romannumerals-doc.md

real	0m0.016s
user	0m0.007s
sys	0m0.010s

===============================================================================

go doc -all romannumerals
package romannumerals // import "romannumerals"

Package romannumerals is used to convert numbers from decimals to roman
numerals.

FUNCTIONS

func ToRomanNumeral(input int) (string, error)
    ToRomanNumeral returns a roman numeral string and and error code.


real	0m0.062s
user	0m0.036s
sys	0m0.037s


===============================================================================

