<?xml version="1.0" ?>
<coverage branch-rate="0.75" branches-covered="3" branches-valid="4" complexity="0" line-rate="0.8333" lines-covered="5" lines-valid="6" timestamp="1713841617589" version="4.5.4">
	<!-- Generated by coverage.py: https://coverage.readthedocs.io -->
	<!-- Based on https://raw.githubusercontent.com/cobertura/web/master/htdocs/xml/coverage-04.dtd -->
	<sources>
		<source>/home/vpayno/git_vpayno/exercism-workspace/python/pangram</source>
	</sources>
	<packages>
		<package branch-rate="0.75" complexity="0" line-rate="0.8333" name=".">
			<classes>
				<class branch-rate="0.75" complexity="0" filename="pangram.py" line-rate="0.8333" name="pangram.py">
					<methods/>
					<lines>
						<line hits="0" number="0"/>
						<line hits="1" number="4"/>
						<line branch="true" condition-coverage="100% (2/2)" hits="1" number="15"/>
						<line hits="1" number="16"/>
						<line branch="true" condition-coverage="50% (1/2)" hits="1" missing-branches="exit" number="18"/>
						<line hits="1" number="20"/>
					</lines>
				</class>
			</classes>
		</package>
		<package branch-rate="1" complexity="0" line-rate="1" name="test">
			<classes>
				<class branch-rate="1" complexity="0" filename="test/__init__.py" line-rate="1" name="__init__.py">
					<methods/>
					<lines/>
				</class>
			</classes>
		</package>
	</packages>
</coverage>
