<?xml version='1.0'?> 
<!DOCTYPE coverage SYSTEM "http://cobertura.sourceforge.net/xml/coverage-04.dtd">
<!-- Generated by simplecov-cobertura version 2.1.0 (https://github.com/dashingrocket/simplecov-cobertura) -->
<coverage line-rate="1.0" lines-covered="4" lines-valid="4" complexity="0" version="0" timestamp="1697863242">
  <sources>
    <source>/home/vpayno/git_vpayno/exercism-workspace/ruby/resistor-color</source>
  </sources>
  <packages>
    <package name="resistor-color" line-rate="1.0" complexity="0">
      <classes>
        <class name="resistor_color" filename="resistor_color.rb" line-rate="1.0" complexity="0">
          <methods/>
          <lines>
            <line number="5" hits="1"/>
            <line number="7" hits="1"/>
            <line number="19" hits="1"/>
            <line number="20" hits="3"/>
          </lines>
        </class>
      </classes>
    </package>
  </packages>
</coverage>