SF:/home/vpayno/git_vpayno/exercism-workspace/rust/isogram/src/lib.rs
FN:15,_RNvCs10fD0NDUCfr_7isogram5check
FN:34,_RNCNvCs10fD0NDUCfr_7isogram5checks_0B3_
FN:33,_RNCNvCs10fD0NDUCfr_7isogram5check0B3_
FN:35,_RNCNvCs10fD0NDUCfr_7isogram5checks0_0B3_
FN:15,_RNvCskJNg3Rn4QL6_7isogram5check
FN:34,_RNCNvCskJNg3Rn4QL6_7isogram5checks_0B3_
FN:33,_RNCNvCskJNg3Rn4QL6_7isogram5check0B3_
FN:35,_RNCNvCskJNg3Rn4QL6_7isogram5checks0_0B3_
FNDA:9,_RNvCs10fD0NDUCfr_7isogram5check
FNDA:84,_RNCNvCs10fD0NDUCfr_7isogram5checks_0B3_
FNDA:89,_RNCNvCs10fD0NDUCfr_7isogram5check0B3_
FNDA:84,_RNCNvCs10fD0NDUCfr_7isogram5checks0_0B3_
FNDA:0,_RNvCskJNg3Rn4QL6_7isogram5check
FNDA:0,_RNCNvCskJNg3Rn4QL6_7isogram5checks_0B3_
FNDA:0,_RNCNvCskJNg3Rn4QL6_7isogram5check0B3_
FNDA:0,_RNCNvCskJNg3Rn4QL6_7isogram5checks0_0B3_
FNF:4
FNH:4
DA:15,9
DA:16,9
DA:17,1
DA:18,8
DA:19,8
DA:20,8
DA:21,8
DA:22,8
DA:23,8
DA:24,8
DA:25,8
DA:26,8
DA:27,8
DA:28,8
DA:29,8
DA:30,8
DA:31,8
DA:32,8
DA:33,89
DA:34,84
DA:35,84
DA:36,9
BRF:0
BRH:0
LF:25
LH:25
end_of_record