SF:/home/vpayno/git_vpayno/exercism-workspace/rust/isogram/src/lib.rs
FN:15,_RNvCs10fD0NDUCfr_7isogram5check
FN:34,_RNCNvCs10fD0NDUCfr_7isogram5checks_0B3_
FN:33,_RNCNvCs10fD0NDUCfr_7isogram5check0B3_
FN:35,_RNCNvCs10fD0NDUCfr_7isogram5checks0_0B3_
FN:39,_RNvCskJNg3Rn4QL6_7isograms_10test_empty
FN:34,_RNCNvCskJNg3Rn4QL6_7isogram5checks_0B3_
FN:33,_RNCNvCskJNg3Rn4QL6_7isogram5check0B3_
FN:35,_RNCNvCskJNg3Rn4QL6_7isogram5checks0_0B3_
FN:38,_RNCNvCskJNg3Rn4QL6_7isogram10test_empty0B3_
FN:52,_RNvCskJNg3Rn4QL6_7isograms_11test_eleven
FN:60,_RNvCskJNg3Rn4QL6_7isograms_12test_numbers
FN:15,_RNvCskJNg3Rn4QL6_7isogram5check
FN:44,_RNvCskJNg3Rn4QL6_7isograms_8test_one
FN:59,_RNCNvCskJNg3Rn4QL6_7isogram12test_numbers0B3_
FN:51,_RNCNvCskJNg3Rn4QL6_7isogram11test_eleven0B3_
FN:43,_RNCNvCskJNg3Rn4QL6_7isogram8test_one0B3_
FNDA:9,_RNvCs10fD0NDUCfr_7isogram5check
FNDA:84,_RNCNvCs10fD0NDUCfr_7isogram5checks_0B3_
FNDA:89,_RNCNvCs10fD0NDUCfr_7isogram5check0B3_
FNDA:84,_RNCNvCs10fD0NDUCfr_7isogram5checks0_0B3_
FNDA:1,_RNvCskJNg3Rn4QL6_7isograms_10test_empty
FNDA:8,_RNCNvCskJNg3Rn4QL6_7isogram5checks_0B3_
FNDA:17,_RNCNvCskJNg3Rn4QL6_7isogram5check0B3_
FNDA:8,_RNCNvCskJNg3Rn4QL6_7isogram5checks0_0B3_
FNDA:1,_RNCNvCskJNg3Rn4QL6_7isogram10test_empty0B3_
FNDA:1,_RNvCskJNg3Rn4QL6_7isograms_11test_eleven
FNDA:1,_RNvCskJNg3Rn4QL6_7isograms_12test_numbers
FNDA:4,_RNvCskJNg3Rn4QL6_7isogram5check
FNDA:1,_RNvCskJNg3Rn4QL6_7isograms_8test_one
FNDA:1,_RNCNvCskJNg3Rn4QL6_7isogram12test_numbers0B3_
FNDA:1,_RNCNvCskJNg3Rn4QL6_7isogram11test_eleven0B3_
FNDA:1,_RNCNvCskJNg3Rn4QL6_7isogram8test_one0B3_
FNF:12
FNH:12
DA:15,13
DA:16,13
DA:17,2
DA:18,11
DA:19,11
DA:20,11
DA:21,11
DA:22,11
DA:23,11
DA:24,11
DA:25,11
DA:26,11
DA:27,11
DA:28,11
DA:29,11
DA:30,11
DA:31,11
DA:32,11
DA:33,106
DA:34,92
DA:35,92
DA:36,13
DA:38,1
DA:39,1
DA:40,1
DA:41,1
DA:43,1
DA:44,1
DA:45,1
DA:46,1
DA:47,0
DA:49,1
DA:51,1
DA:52,1
DA:53,1
DA:54,1
DA:55,0
DA:57,1
DA:59,1
DA:60,1
DA:61,1
DA:62,1
DA:63,0
DA:65,1
BRF:0
BRH:0
LF:47
LH:44
end_of_record