<?xml version='1.0'?> 
<!DOCTYPE coverage SYSTEM "http://cobertura.sourceforge.net/xml/coverage-04.dtd">
<!-- Generated by simplecov-cobertura version 2.1.0 (https://github.com/dashingrocket/simplecov-cobertura) -->
<coverage line-rate="1.0" lines-covered="19" lines-valid="19" complexity="0" version="0" timestamp="1698382125">
  <sources>
    <source>/home/vpayno/git_vpayno/exercism-workspace/ruby/series</source>
  </sources>
  <packages>
    <package name="series" line-rate="1.0" complexity="0">
      <classes>
        <class name="series" filename="series.rb" line-rate="1.0" complexity="0">
          <methods/>
          <lines>
            <line number="5" hits="1"/>
            <line number="6" hits="1"/>
            <line number="7" hits="10"/>
            <line number="8" hits="10"/>
            <line number="9" hits="10"/>
            <line number="12" hits="1"/>
            <line number="13" hits="10"/>
            <line number="15" hits="10"/>
            <line number="16" hits="9"/>
            <line number="17" hits="8"/>
            <line number="18" hits="7"/>
            <line number="20" hits="6"/>
            <line number="22" hits="6"/>
            <line number="24" hits="4"/>
            <line number="26" hits="4"/>
            <line number="27" hits="20"/>
            <line number="29" hits="17"/>
            <line number="31" hits="17"/>
            <line number="34" hits="4"/>
          </lines>
        </class>
      </classes>
    </package>
  </packages>
</coverage>