<?xml version="1.0" ?>
<coverage branch-rate="1" branches-covered="8" branches-valid="8" complexity="0" line-rate="0.9167" lines-covered="11" lines-valid="12" timestamp="1712624760382" version="4.5.4">
	<!-- Generated by coverage.py: https://coverage.readthedocs.io -->
	<!-- Based on https://raw.githubusercontent.com/cobertura/web/master/htdocs/xml/coverage-04.dtd -->
	<sources>
		<source>/home/vpayno/git_vpayno/exercism-workspace/python/raindrops</source>
	</sources>
	<packages>
		<package branch-rate="1" complexity="0" line-rate="0.9167" name=".">
			<classes>
				<class branch-rate="1" complexity="0" filename="raindrops.py" line-rate="0.9167" name="raindrops.py">
					<methods/>
					<lines>
						<line hits="0" number="0"/>
						<line hits="1" number="4"/>
						<line hits="1" number="11"/>
						<line branch="true" condition-coverage="100% (2/2)" hits="1" number="13"/>
						<line hits="1" number="14"/>
						<line branch="true" condition-coverage="100% (2/2)" hits="1" number="16"/>
						<line hits="1" number="17"/>
						<line branch="true" condition-coverage="100% (2/2)" hits="1" number="19"/>
						<line hits="1" number="20"/>
						<line branch="true" condition-coverage="100% (2/2)" hits="1" number="22"/>
						<line hits="1" number="23"/>
						<line hits="1" number="25"/>
					</lines>
				</class>
			</classes>
		</package>
		<package branch-rate="1" complexity="0" line-rate="1" name="test">
			<classes>
				<class branch-rate="1" complexity="0" filename="test/__init__.py" line-rate="1" name="__init__.py">
					<methods/>
					<lines/>
				</class>
			</classes>
		</package>
	</packages>
</coverage>
