<?xml version="1.0" ?>
<coverage branch-rate="0.7" branches-covered="7" branches-valid="10" complexity="0" line-rate="0.8889" lines-covered="48" lines-valid="54" timestamp="1714197331151" version="4.5.4">
	<!-- Generated by coverage.py: https://coverage.readthedocs.io -->
	<!-- Based on https://raw.githubusercontent.com/cobertura/web/master/htdocs/xml/coverage-04.dtd -->
	<sources>
		<source>/home/vpayno/git_vpayno/exercism-workspace/python/protein-translation</source>
	</sources>
	<packages>
		<package branch-rate="0.7" complexity="0" line-rate="0.8889" name=".">
			<classes>
				<class branch-rate="0.7" complexity="0" filename="protein_translation.py" line-rate="0.8889" name="protein_translation.py">
					<methods/>
					<lines>
						<line hits="0" number="0"/>
						<line hits="1" number="3"/>
						<line hits="1" number="4"/>
						<line hits="1" number="5"/>
						<line hits="1" number="7"/>
						<line hits="1" number="10"/>
						<line hits="1" number="13"/>
						<line hits="1" number="14"/>
						<line hits="1" number="15"/>
						<line hits="1" number="16"/>
						<line hits="1" number="17"/>
						<line hits="1" number="18"/>
						<line hits="1" number="19"/>
						<line hits="1" number="20"/>
						<line hits="1" number="23"/>
						<line hits="1" number="24"/>
						<line hits="1" number="25"/>
						<line hits="1" number="26"/>
						<line hits="1" number="27"/>
						<line hits="1" number="30"/>
						<line hits="1" number="41"/>
						<line branch="true" condition-coverage="50% (1/2)" hits="1" missing-branches="44" number="43"/>
						<line hits="0" number="44"/>
						<line branch="true" condition-coverage="50% (1/2)" hits="1" missing-branches="47" number="46"/>
						<line hits="0" number="47"/>
						<line hits="1" number="49"/>
						<line hits="1" number="51"/>
						<line branch="true" condition-coverage="50% (1/2)" hits="1" missing-branches="54" number="53"/>
						<line hits="0" number="54"/>
						<line branch="true" condition-coverage="100% (2/2)" hits="1" number="57"/>
						<line hits="1" number="58"/>
						<line hits="1" number="62"/>
						<line hits="1" number="63"/>
						<line hits="1" number="64"/>
						<line hits="1" number="65"/>
						<line hits="1" number="66"/>
						<line hits="1" number="67"/>
						<line hits="1" number="68"/>
						<line hits="1" number="69"/>
						<line hits="1" number="70"/>
						<line hits="1" number="71"/>
						<line hits="1" number="72"/>
						<line hits="1" number="73"/>
						<line hits="1" number="74"/>
						<line hits="1" number="75"/>
						<line hits="1" number="76"/>
						<line hits="1" number="77"/>
						<line hits="1" number="78"/>
						<line hits="0" number="79"/>
						<line hits="0" number="81"/>
						<line branch="true" condition-coverage="100% (2/2)" hits="1" number="83"/>
						<line hits="1" number="84"/>
						<line hits="1" number="86"/>
						<line hits="1" number="88"/>
					</lines>
				</class>
			</classes>
		</package>
		<package branch-rate="1" complexity="0" line-rate="1" name="test">
			<classes>
				<class branch-rate="1" complexity="0" filename="test/__init__.py" line-rate="1" name="__init__.py">
					<methods/>
					<lines/>
				</class>
			</classes>
		</package>
	</packages>
</coverage>
