<?xml version='1.0'?> 
<!DOCTYPE coverage SYSTEM "http://cobertura.sourceforge.net/xml/coverage-04.dtd">
<!-- Generated by simplecov-cobertura version 2.1.0 (https://github.com/dashingrocket/simplecov-cobertura) -->
<coverage line-rate="1.0" lines-covered="12" lines-valid="12" complexity="0" version="0" timestamp="1697594474">
  <sources>
    <source>/home/vpayno/git_vpayno/exercism-workspace/ruby/collatz-conjecture</source>
  </sources>
  <packages>
    <package name="collatz-conjecture" line-rate="1.0" complexity="0">
      <classes>
        <class name="collatz_conjecture" filename="collatz_conjecture.rb" line-rate="1.0" complexity="0">
          <methods/>
          <lines>
            <line number="5" hits="1"/>
            <line number="6" hits="1"/>
            <line number="7" hits="6"/>
            <line number="9" hits="4"/>
            <line number="11" hits="4"/>
            <line number="12" hits="4"/>
            <line number="14" hits="4"/>
            <line number="15" hits="165"/>
            <line number="17" hits="165"/>
            <line number="18" hits="112"/>
            <line number="20" hits="53"/>
            <line number="24" hits="4"/>
          </lines>
        </class>
      </classes>
    </package>
  </packages>
</coverage>